<?xml version="1.0" encoding="UTF-8"?>
<robot generator="Robot 4.1 (Python 3.9.6 on win32)" generated="20210803 07:52:07.757" rpa="false" schemaversion="2">
<suite id="s1" name="TestAPI" source="C:\Users\Ácido Florídrico\Desktop\Cursos\RobotFramework\RobotFramework_estudo\section6\Tests\TestAPI.robot">
<test id="s1-t1" name="Caso de Teste 01: Listar todos os livros">
<kw name="Conectar API" library="Resources" type="SETUP">
<kw name="Create Session" library="RequestsLibrary">
<arg>fakeAPI</arg>
<arg>${URL_API}</arg>
<doc>Create Session: create a HTTP session to a server</doc>
<msg timestamp="20210803 07:52:07.917" level="INFO">Creating Session using : alias=fakeAPI, url=https://fakerestapi.azurewebsites.net/api/v1/, headers={},                     cookies={}, auth=None, timeout=None, proxies=None, verify=False,                     debug=0 </msg>
<status status="PASS" starttime="20210803 07:52:07.917" endtime="20210803 07:52:07.917"/>
</kw>
<status status="PASS" starttime="20210803 07:52:07.917" endtime="20210803 07:52:07.917"/>
</kw>
<kw name="Requisitar Todos os livros" library="Resources">
<kw name="Get Request" library="RequestsLibrary">
<var>${RESPONSE}</var>
<arg>fakeAPI</arg>
<arg>Books</arg>
<doc>*DEPRECATED* Please use `GET On Session` instead.</doc>
<msg timestamp="20210803 07:52:07.917" level="WARN">Keyword 'RequestsLibrary.Get Request' is deprecated. Please use `GET On Session` instead.</msg>
<msg timestamp="20210803 07:52:13.192" level="INFO">GET Request : url=https://fakerestapi.azurewebsites.net/api/v1/Books 
 path_url=/api/v1/Books 
 headers={'User-Agent': 'python-requests/2.26.0', 'Accept-Encoding': 'gzip, deflate', 'Accept': '*/*', 'Connection': 'keep-alive'} 
 body=None 
 </msg>
<msg timestamp="20210803 07:52:13.202" level="INFO">GET Response : url=https://fakerestapi.azurewebsites.net/api/v1/Books 
 status=200, reason=OK 
 headers={'Transfer-Encoding': 'chunked', 'Content-Type': 'application/json; charset=utf-8; v=1.0', 'Server': 'Kestrel', 'api-supported-versions': '1.0', 'Date': 'Tue, 03 Aug 2021 10:52:08 GMT'} 
 body=[{"id":1,"title":"Book 1","description":"Clita molestie ipsum tempor. Lorem et et ut sed vero et amet et. Iriure voluptua eirmod quis consequat amet at dolor lorem. Takimata vel sanctus rebum et amet sed et dolor aliquyam sanctus accusam et molestie. At et clita praesent gubergren justo laoreet at ut. Gubergren at accusam nisl tempor suscipit dolor. Justo diam invidunt nibh sed amet dolore takimata. Ut labore accusam diam at consequat no elitr. Ut duis praesent qui duo kasd consequat duis dolore. Dolores tempor elitr tempor sit magna kasd et invidunt sea et dolore duo sed elitr vero. Tincidunt takimata accusam consectetuer kasd molestie sed ipsum dolor rebum sit ex sadipscing ea labore. In tempor eos vero nulla lorem elitr sed. No et clita stet diam kasd diam magna tempor nonumy. Et labore nonumy et et clita voluptua voluptua et sea sea diam labore et lorem amet feugait invidunt ut. Nonummy amet at duis sed vel est clita elitr sit liber.\n","pageCount":100,"excerpt":"Illum clita sit elitr ipsum amet sit esse eirmod. Sed takimata est volutpat no sea. Dolore nonumy diam vulputate dolores minim. Eos duis diam. Et elit sanctus sadipscing diam in amet et dolore lorem duis stet tempor duo dolore ipsum rebum nisl tempor. Dolores amet gubergren justo accusam tempor tempor magna diam diam justo blandit. Stet aliquyam invidunt sit erat eirmod ipsum duis feugait aliquyam accusam. Vel est dolor lorem vel gubergren ullamcorper dolor eirmod sea nibh. Te accusam sit ipsum nulla.\nVel molestie euismod invidunt. Ut sit nonummy kasd amet et vel ut invidunt elitr tincidunt ea aliquyam. Et eos diam at eleifend rebum. Et sea sea dolor sanctus ea veniam sit tincidunt molestie nulla dolor nonummy sed feugiat nisl vel. Elitr ipsum sed takimata sed sit sit rebum clita vero tempor justo aliquyam sed. Vulputate enim ut accusam.\nAt et lorem dolores eirmod nostrud diam dolor eirmod erat sed elitr tempor ipsum gubergren dolore ipsum at diam. Veniam kasd minim ad doming. Feugiat sadipscing vel dolore sit eirmod justo lobortis sit sanctus et nostrud ea clita erat. Justo gubergren sanctus sanctus dolore no est tempor sea dolor. Dolor blandit labore nisl sit diam vel. Eros tempor aliquip te tempor nostrud erat dolor et consetetur. Consequat lorem erat stet duo invidunt clita labore eos. Aliquyam consectetuer velit dolor takimata tempor suscipit ipsum sadipscing et facilisis ipsum dolore autem et. Suscipit dolores et et.\nDiam ipsum ut sit. Amet lobortis ea sed et ea sed sanctus lorem nobis erat labore et clita ipsum at est amet. Et stet ut minim et feugiat sanctus vel ea dolor sit rebum dolor nibh kasd erat. At lorem sadipscing consetetur magna erat lobortis. Accusam ipsum nibh rebum clita dolor est vero magna sea. Et dolor nulla ut erat rebum et. Elitr diam eos consequat in lorem sadipscing lorem. Placerat placerat et ut sed amet elitr diam dolore voluptua kasd. Feugiat no tempor labore justo lorem takimata kasd est duo et. In eum sea veniam sadipscing et sed sadipscing ea ipsum dolore diam diam cum est tempor dolor dolore. Ea commodo justo ipsum nonumy voluptua et. Stet dolore vel vero vel aliquyam accusam. Labore ea sadipscing sit sanctus sanctus kasd sit lorem placerat aliquyam nostrud nonumy. Lorem sadipscing et vero justo gubergren esse rebum placerat et accusam hendrerit duo diam eirmod sadipscing. Justo dolores ut consetetur ut luptatum et consetetur ipsum odio eleifend nulla sit et kasd at dolor.\nDolor in gubergren diam ipsum consequat lorem feugiat amet. Erat sed molestie ea amet nostrud feugiat erat eirmod lorem nulla magna sanctus dolor tempor sed ut lorem elitr. Sit eirmod takimata dolore eirmod no dolore velit et sea stet. Et consequat sit hendrerit ad eos autem consetetur magna sed sea sed sed sed eleifend consetetur. Sed sea est sea vero sed feugait lorem eu sadipscing invidunt labore et ut sea stet iusto. Ipsum sed no consectetuer ut eum lorem et duo accusam et ut at sit ea. Est lorem aliquyam aliquam. Molestie sed accusam in ut sed et dolore vel. Dolor duis erat sed eirmod nonumy stet liber stet et sit sea voluptua tincidunt eos. Vulputate lorem labore dolor dolor sit dolor hendrerit lorem eleifend sit nisl lorem clita elitr magna stet blandit. Nulla vero ipsum at ut laoreet dolor sadipscing aliquam est consetetur. Ut eos sed dolore diam magna qui vel autem sit tempor diam dolores id ea erat. Nonumy rebum consetetur facilisis lorem liber nulla. Blandit ipsum erat elitr invidunt lorem delenit justo. Nibh diam sit delenit molestie erat eu magna doming laoreet accusam diam clita.\n","publishDate":"2021-08-02T10:52:09.7474944+00:00"},{"id":2,"title":"Book 2","description":"In dolore vero vulputate sed justo erat magna eu te amet praesent sea amet ad nonumy lorem. Amet et dolor aliquip nonumy nihil vulputate amet clita. Ut rebum sed stet velit qui voluptua nonumy accusam eum sed. Voluptua et congue consetetur. Iusto ad ut elitr duis vel consetetur amet sed invidunt rebum. Erat nihil sea aliquyam ipsum velit diam et stet ut iusto in tempor magna esse nobis. Elitr esse lorem ipsum lobortis nonumy et esse. Rebum ut diam voluptua ut et.\n","pageCount":200,"excerpt":"Duo lorem illum nibh takimata sanctus est aliquyam rebum sed vulputate. Accusam in no tempor sit quod tincidunt sea nonumy ut volutpat sadipscing amet euismod dolore justo hendrerit. Aliquyam eros ipsum dolor eos. Sed ea ipsum illum erat. Assum duis ut takimata et et duo lorem sed et sanctus nonumy. Nonumy nonumy magna sit. Lobortis iusto rebum amet facilisis stet mazim rebum eos accusam est.\nAt blandit ipsum dolor lorem ipsum sadipscing stet dolor lorem dolores et voluptua labore. Sea ut stet in dolor amet sed. Facilisi labore enim sed magna lorem magna. Option autem ipsum stet nonumy sed ullamcorper. Aliquyam ipsum at et suscipit et ea diam minim te. Duo takimata praesent consetetur amet. No aliquyam voluptua assum augue ut et ut dolore et autem sed in.\nNulla dolore dolores sed consequat feugait. Lobortis lorem et eirmod odio at diam et ut lorem magna et et eirmod tempor. Feugiat magna odio dolor. Nonumy ut elitr ut at aliquyam rebum duo aliquyam dolor dolores labore et sed. Delenit sit vero amet accusam sanctus dolor diam dolor takimata. Elitr mazim et elitr quis et ipsum justo sit vero rebum kasd dolore. Suscipit elitr sea clita. Aliquyam sit dignissim dolor mazim est et veniam. Duo et consetetur ea lorem sanctus blandit blandit autem diam gubergren clita ipsum euismod. At amet dolor ullamcorper eum labore molestie labore consequat eirmod vel. Et stet diam labore voluptua justo at iusto duo. Nulla eu clita. Labore amet dolor at vero lorem sanctus diam ipsum at ea amet erat voluptua rebum. Id invidunt erat consequat ea kasd laoreet no ipsum autem amet ea at kasd sit facilisis vero. Blandit facilisi sanctus at at sed elitr at lorem. Voluptua quod dolor est et.\nElitr nisl kasd voluptua sed consetetur lorem clita duo gubergren gubergren est sed. Eu sed sed rebum. Sed labore eirmod dolores vel diam dolor eu ut sit amet facer quod te accumsan quis. Invidunt adipiscing tempor ipsum lobortis sadipscing nonumy dolore ut labore tincidunt stet consectetuer labore velit invidunt. Magna ipsum eirmod rebum eos consetetur consectetuer no vero vero aliquip voluptua eirmod aliquip eos. Molestie diam diam elitr consetetur diam at dolor consetetur diam. Vel stet stet amet adipiscing sit feugiat dolore delenit et sit. Vulputate sadipscing vulputate. Magna voluptua dolore elitr illum sea lorem dolores sit nonumy stet autem eirmod elitr et duo sit clita facer. Dolores est sit at et dolor sadipscing tation. Tincidunt minim amet dolore tempor ut magna et at molestie gubergren velit assum kasd hendrerit dolor eirmod esse.\nGubergren eros et labore eirmod velit nostrud ut ipsum duo vero assum ea ut. Sanctus accusam nulla ipsum lorem diam vero voluptua at. Nobis consequat possim ut ipsum sadipscing et nostrud aliquip et ipsum sit et vero duis nobis. Duo diam duo vero qui voluptua facilisi. Magna dolor dolores suscipit veniam. Sed luptatum sed ipsum luptatum nonumy iriure. Amet voluptua lorem. Consetetur at sed eu ea. Ex consetetur labore rebum sadipscing lobortis dolore eum facilisi at. Justo nulla vel kasd accusam lorem justo vero ea sed voluptua takimata vel sit. Sanctus clita ipsum feugiat ad consetetur feugiat dolore no aliquam nonumy praesent diam dolor augue dolore sed ut. Et enim voluptua est ut stet invidunt at no ea dolor sed sanctus.\n","publishDate":"2021-08-01T10:52:09.7475875+00:00"},{"id":3,"title":"Book 3","description":"Esse sea eirmod accusam. Takimata consequat sit ipsum nonumy lorem aliquyam stet. Placerat et duo tempor vero consetetur labore eos ea consetetur dolore at. Duo invidunt consequat dolores.\n","pageCount":300,"excerpt":"Dolore lorem veniam takimata delenit eos amet consetetur. Diam ut labore invidunt ea ipsum dolore. Eos gubergren et voluptua sea.\nLabore dolore nisl et ut autem sea stet rebum erat suscipit consequat elit diam vulputate. Odio et ea lorem sit labore et elit no illum lobortis ipsum tation lorem minim autem at. Et eos eirmod diam consectetuer ut sanctus duis magna. Dolores tempor dolores eirmod dolor takimata consetetur tempor ad stet clita. Volutpat nibh facer justo erat gubergren et et et veniam sed dolores rebum sed vero ut quis iriure invidunt. Eos zzril facilisi eirmod et laoreet invidunt nulla eirmod nonumy gubergren lorem sea ut gubergren et. At diam ut vero consetetur est erat ea dolore. Duo eos ut et tempor eirmod nulla consetetur duis eirmod amet nonumy rebum nisl eirmod lobortis amet eros. Aliquyam vero illum aliquyam sanctus ea nulla sit at in clita lorem accusam stet ut est magna dolore no. Blandit molestie eirmod ut doming dolor voluptua amet placerat invidunt labore vero justo vulputate dignissim lorem amet labore.\nDuo stet lorem dignissim takimata kasd voluptua amet ut et et et ea eros iriure. Zzril diam sed lorem est eu dolor sit liber feugiat sed est molestie nonumy in sit autem. Est dolore praesent elitr labore nonumy vero do... (set the log level to DEBUG or TRACE to see the full content) 
 </msg>
<msg timestamp="20210803 07:52:13.202" level="INFO">c:\users\ácido florídrico\appdata\local\programs\python\python39\lib\site-packages\urllib3\connectionpool.py:1013: InsecureRequestWarning: Unverified HTTPS request is being made to host 'fakerestapi.azurewebsites.net'. Adding certificate verification is strongly advised. See: https://urllib3.readthedocs.io/en/1.26.x/advanced-usage.html#ssl-warnings
  warnings.warn(</msg>
<msg timestamp="20210803 07:52:13.202" level="INFO">${RESPONSE} = &lt;Response [200]&gt;</msg>
<status status="PASS" starttime="20210803 07:52:07.917" endtime="20210803 07:52:13.202"/>
</kw>
<kw name="Log" library="BuiltIn">
<arg>${RESPONSE.text}</arg>
<doc>Logs the given message with the given level.</doc>
<msg timestamp="20210803 07:52:13.222" level="INFO">[{"id":1,"title":"Book 1","description":"Clita molestie ipsum tempor. Lorem et et ut sed vero et amet et. Iriure voluptua eirmod quis consequat amet at dolor lorem. Takimata vel sanctus rebum et amet sed et dolor aliquyam sanctus accusam et molestie. At et clita praesent gubergren justo laoreet at ut. Gubergren at accusam nisl tempor suscipit dolor. Justo diam invidunt nibh sed amet dolore takimata. Ut labore accusam diam at consequat no elitr. Ut duis praesent qui duo kasd consequat duis dolore. Dolores tempor elitr tempor sit magna kasd et invidunt sea et dolore duo sed elitr vero. Tincidunt takimata accusam consectetuer kasd molestie sed ipsum dolor rebum sit ex sadipscing ea labore. In tempor eos vero nulla lorem elitr sed. No et clita stet diam kasd diam magna tempor nonumy. Et labore nonumy et et clita voluptua voluptua et sea sea diam labore et lorem amet feugait invidunt ut. Nonummy amet at duis sed vel est clita elitr sit liber.\n","pageCount":100,"excerpt":"Illum clita sit elitr ipsum amet sit esse eirmod. Sed takimata est volutpat no sea. Dolore nonumy diam vulputate dolores minim. Eos duis diam. Et elit sanctus sadipscing diam in amet et dolore lorem duis stet tempor duo dolore ipsum rebum nisl tempor. Dolores amet gubergren justo accusam tempor tempor magna diam diam justo blandit. Stet aliquyam invidunt sit erat eirmod ipsum duis feugait aliquyam accusam. Vel est dolor lorem vel gubergren ullamcorper dolor eirmod sea nibh. Te accusam sit ipsum nulla.\nVel molestie euismod invidunt. Ut sit nonummy kasd amet et vel ut invidunt elitr tincidunt ea aliquyam. Et eos diam at eleifend rebum. Et sea sea dolor sanctus ea veniam sit tincidunt molestie nulla dolor nonummy sed feugiat nisl vel. Elitr ipsum sed takimata sed sit sit rebum clita vero tempor justo aliquyam sed. Vulputate enim ut accusam.\nAt et lorem dolores eirmod nostrud diam dolor eirmod erat sed elitr tempor ipsum gubergren dolore ipsum at diam. Veniam kasd minim ad doming. Feugiat sadipscing vel dolore sit eirmod justo lobortis sit sanctus et nostrud ea clita erat. Justo gubergren sanctus sanctus dolore no est tempor sea dolor. Dolor blandit labore nisl sit diam vel. Eros tempor aliquip te tempor nostrud erat dolor et consetetur. Consequat lorem erat stet duo invidunt clita labore eos. Aliquyam consectetuer velit dolor takimata tempor suscipit ipsum sadipscing et facilisis ipsum dolore autem et. Suscipit dolores et et.\nDiam ipsum ut sit. Amet lobortis ea sed et ea sed sanctus lorem nobis erat labore et clita ipsum at est amet. Et stet ut minim et feugiat sanctus vel ea dolor sit rebum dolor nibh kasd erat. At lorem sadipscing consetetur magna erat lobortis. Accusam ipsum nibh rebum clita dolor est vero magna sea. Et dolor nulla ut erat rebum et. Elitr diam eos consequat in lorem sadipscing lorem. Placerat placerat et ut sed amet elitr diam dolore voluptua kasd. Feugiat no tempor labore justo lorem takimata kasd est duo et. In eum sea veniam sadipscing et sed sadipscing ea ipsum dolore diam diam cum est tempor dolor dolore. Ea commodo justo ipsum nonumy voluptua et. Stet dolore vel vero vel aliquyam accusam. Labore ea sadipscing sit sanctus sanctus kasd sit lorem placerat aliquyam nostrud nonumy. Lorem sadipscing et vero justo gubergren esse rebum placerat et accusam hendrerit duo diam eirmod sadipscing. Justo dolores ut consetetur ut luptatum et consetetur ipsum odio eleifend nulla sit et kasd at dolor.\nDolor in gubergren diam ipsum consequat lorem feugiat amet. Erat sed molestie ea amet nostrud feugiat erat eirmod lorem nulla magna sanctus dolor tempor sed ut lorem elitr. Sit eirmod takimata dolore eirmod no dolore velit et sea stet. Et consequat sit hendrerit ad eos autem consetetur magna sed sea sed sed sed eleifend consetetur. Sed sea est sea vero sed feugait lorem eu sadipscing invidunt labore et ut sea stet iusto. Ipsum sed no consectetuer ut eum lorem et duo accusam et ut at sit ea. Est lorem aliquyam aliquam. Molestie sed accusam in ut sed et dolore vel. Dolor duis erat sed eirmod nonumy stet liber stet et sit sea voluptua tincidunt eos. Vulputate lorem labore dolor dolor sit dolor hendrerit lorem eleifend sit nisl lorem clita elitr magna stet blandit. Nulla vero ipsum at ut laoreet dolor sadipscing aliquam est consetetur. Ut eos sed dolore diam magna qui vel autem sit tempor diam dolores id ea erat. Nonumy rebum consetetur facilisis lorem liber nulla. Blandit ipsum erat elitr invidunt lorem delenit justo. Nibh diam sit delenit molestie erat eu magna doming laoreet accusam diam clita.\n","publishDate":"2021-08-02T10:52:09.7474944+00:00"},{"id":2,"title":"Book 2","description":"In dolore vero vulputate sed justo erat magna eu te amet praesent sea amet ad nonumy lorem. Amet et dolor aliquip nonumy nihil vulputate amet clita. Ut rebum sed stet velit qui voluptua nonumy accusam eum sed. Voluptua et congue consetetur. Iusto ad ut elitr duis vel consetetur amet sed invidunt rebum. Erat nihil sea aliquyam ipsum velit diam et stet ut iusto in tempor magna esse nobis. Elitr esse lorem ipsum lobortis nonumy et esse. Rebum ut diam voluptua ut et.\n","pageCount":200,"excerpt":"Duo lorem illum nibh takimata sanctus est aliquyam rebum sed vulputate. Accusam in no tempor sit quod tincidunt sea nonumy ut volutpat sadipscing amet euismod dolore justo hendrerit. Aliquyam eros ipsum dolor eos. Sed ea ipsum illum erat. Assum duis ut takimata et et duo lorem sed et sanctus nonumy. Nonumy nonumy magna sit. Lobortis iusto rebum amet facilisis stet mazim rebum eos accusam est.\nAt blandit ipsum dolor lorem ipsum sadipscing stet dolor lorem dolores et voluptua labore. Sea ut stet in dolor amet sed. Facilisi labore enim sed magna lorem magna. Option autem ipsum stet nonumy sed ullamcorper. Aliquyam ipsum at et suscipit et ea diam minim te. Duo takimata praesent consetetur amet. No aliquyam voluptua assum augue ut et ut dolore et autem sed in.\nNulla dolore dolores sed consequat feugait. Lobortis lorem et eirmod odio at diam et ut lorem magna et et eirmod tempor. Feugiat magna odio dolor. Nonumy ut elitr ut at aliquyam rebum duo aliquyam dolor dolores labore et sed. Delenit sit vero amet accusam sanctus dolor diam dolor takimata. Elitr mazim et elitr quis et ipsum justo sit vero rebum kasd dolore. Suscipit elitr sea clita. Aliquyam sit dignissim dolor mazim est et veniam. Duo et consetetur ea lorem sanctus blandit blandit autem diam gubergren clita ipsum euismod. At amet dolor ullamcorper eum labore molestie labore consequat eirmod vel. Et stet diam labore voluptua justo at iusto duo. Nulla eu clita. Labore amet dolor at vero lorem sanctus diam ipsum at ea amet erat voluptua rebum. Id invidunt erat consequat ea kasd laoreet no ipsum autem amet ea at kasd sit facilisis vero. Blandit facilisi sanctus at at sed elitr at lorem. Voluptua quod dolor est et.\nElitr nisl kasd voluptua sed consetetur lorem clita duo gubergren gubergren est sed. Eu sed sed rebum. Sed labore eirmod dolores vel diam dolor eu ut sit amet facer quod te accumsan quis. Invidunt adipiscing tempor ipsum lobortis sadipscing nonumy dolore ut labore tincidunt stet consectetuer labore velit invidunt. Magna ipsum eirmod rebum eos consetetur consectetuer no vero vero aliquip voluptua eirmod aliquip eos. Molestie diam diam elitr consetetur diam at dolor consetetur diam. Vel stet stet amet adipiscing sit feugiat dolore delenit et sit. Vulputate sadipscing vulputate. Magna voluptua dolore elitr illum sea lorem dolores sit nonumy stet autem eirmod elitr et duo sit clita facer. Dolores est sit at et dolor sadipscing tation. Tincidunt minim amet dolore tempor ut magna et at molestie gubergren velit assum kasd hendrerit dolor eirmod esse.\nGubergren eros et labore eirmod velit nostrud ut ipsum duo vero assum ea ut. Sanctus accusam nulla ipsum lorem diam vero voluptua at. Nobis consequat possim ut ipsum sadipscing et nostrud aliquip et ipsum sit et vero duis nobis. Duo diam duo vero qui voluptua facilisi. Magna dolor dolores suscipit veniam. Sed luptatum sed ipsum luptatum nonumy iriure. Amet voluptua lorem. Consetetur at sed eu ea. Ex consetetur labore rebum sadipscing lobortis dolore eum facilisi at. Justo nulla vel kasd accusam lorem justo vero ea sed voluptua takimata vel sit. Sanctus clita ipsum feugiat ad consetetur feugiat dolore no aliquam nonumy praesent diam dolor augue dolore sed ut. Et enim voluptua est ut stet invidunt at no ea dolor sed sanctus.\n","publishDate":"2021-08-01T10:52:09.7475875+00:00"},{"id":3,"title":"Book 3","description":"Esse sea eirmod accusam. Takimata consequat sit ipsum nonumy lorem aliquyam stet. Placerat et duo tempor vero consetetur labore eos ea consetetur dolore at. Duo invidunt consequat dolores.\n","pageCount":300,"excerpt":"Dolore lorem veniam takimata delenit eos amet consetetur. Diam ut labore invidunt ea ipsum dolore. Eos gubergren et voluptua sea.\nLabore dolore nisl et ut autem sea stet rebum erat suscipit consequat elit diam vulputate. Odio et ea lorem sit labore et elit no illum lobortis ipsum tation lorem minim autem at. Et eos eirmod diam consectetuer ut sanctus duis magna. Dolores tempor dolores eirmod dolor takimata consetetur tempor ad stet clita. Volutpat nibh facer justo erat gubergren et et et veniam sed dolores rebum sed vero ut quis iriure invidunt. Eos zzril facilisi eirmod et laoreet invidunt nulla eirmod nonumy gubergren lorem sea ut gubergren et. At diam ut vero consetetur est erat ea dolore. Duo eos ut et tempor eirmod nulla consetetur duis eirmod amet nonumy rebum nisl eirmod lobortis amet eros. Aliquyam vero illum aliquyam sanctus ea nulla sit at in clita lorem accusam stet ut est magna dolore no. Blandit molestie eirmod ut doming dolor voluptua amet placerat invidunt labore vero justo vulputate dignissim lorem amet labore.\nDuo stet lorem dignissim takimata kasd voluptua amet ut et et et ea eros iriure. Zzril diam sed lorem est eu dolor sit liber feugiat sed est molestie nonumy in sit autem. Est dolore praesent elitr labore nonumy vero dolor nonumy et labore sed mazim ullamcorper feugait et et et ut. Est sadipscing ea wisi et eos ea dolor at congue esse gubergren magna ut te exerci justo illum elit. Voluptua est ipsum accusam accusam accusam volutpat et ipsum clita. Nulla consequat duo in sanctus nibh eirmod est feugiat justo et vel in. Labore et elitr placerat nonumy est rebum facilisis sanctus. Invidunt sit esse velit sea nonumy sed quis ea consetetur erat enim. Sit takimata eos ea. Sanctus ipsum eirmod. Tempor eirmod diam vero lorem veniam erat est tempor gubergren ex sit invidunt eos. Eleifend dolores tempor sit labore dolore eu esse laoreet kasd vero erat justo zzril et stet. Ipsum at amet ut nonumy assum magna enim eirmod takimata sed zzril kasd. Dolore sadipscing ea amet no autem. Facilisis exerci blandit magna invidunt. Odio facilisis sit nonummy veniam gubergren nonumy amet accusam dolor assum dolore invidunt wisi dolor eleifend. At sea ea sit diam erat ipsum praesent euismod aliquyam et ea in amet dolor. Facilisis et dolore sed sed elitr rebum odio. Sed amet sit labore sanctus gubergren lorem consetetur amet elitr.\nStet ut kasd feugait dolor et gubergren. Sed amet esse feugait suscipit et nonumy exerci ea sadipscing justo sed ipsum. Et aliquyam lorem erat ut facer esse takimata erat ipsum no enim eirmod labore vulputate erat et consetetur. Consequat stet laoreet et. Magna luptatum sed et diam est ut aliquyam adipiscing nulla ut lorem eirmod. Dolore sed sanctus stet duo duis esse lorem.\nDolore ipsum consetetur aliquyam eros et stet et voluptua aliquyam sit ea ipsum et invidunt ipsum. Rebum amet duis duo exerci lorem et rebum ea voluptua vel. Labore duo amet dolor no tempor no clita dolores sed invidunt at amet aliquam ut sit et. Velit laoreet eos sit diam invidunt dolor tempor diam. Sed amet erat dolores dolore sed ipsum magna. Lorem amet minim enim ut dolore vero in praesent labore. Tation minim dolore est duo amet suscipit dolor in ad diam dolores tempor no aliquyam sed. Lorem odio sadipscing nonummy lorem nibh in eirmod exerci odio amet consetetur magna sit erat consectetuer. Sed augue veniam ut kasd elitr sit dolore liber ex et. Ipsum ut no stet vel diam dolore diam vero voluptua magna amet justo amet eos. Duo praesent sadipscing aliquip nonumy et qui est ea eos nulla stet magna aliquip. Exerci vero amet kasd magna odio at dolor magna te est dolore eos consetetur iusto placerat tempor sit. Ut lorem eu imperdiet sed accusam aliquyam gubergren nonumy sit eos sed dolor.\n","publishDate":"2021-07-31T10:52:09.7476771+00:00"},{"id":4,"title":"Book 4","description":"Sit imperdiet diam duo enim invidunt tempor. Tempor amet esse autem dolores sea rebum exerci. Erat stet tempor sanctus. Ut ut kasd ea eos elitr dolor sit. Vero sit justo takimata dolores dolores consequat qui no et voluptua eirmod no eos eirmod est gubergren assum amet. Eos dolores dolor dolor. Volutpat dolor nulla consetetur ut et autem elit velit diam at vel rebum et. Erat sed justo in suscipit placerat molestie sadipscing est invidunt lorem takimata aliquam erat. Erat mazim sit ipsum sea amet ipsum. Sea et vero magna et eum nisl. Esse sadipscing dolor ipsum.\n","pageCount":400,"excerpt":"Justo consectetuer facilisis sea nisl velit vel gubergren diam stet et in magna clita dolores sit. No stet odio invidunt no stet dolores nulla sit augue ut invidunt sea vero ipsum. Tincidunt invidunt consetetur accusam amet. No et stet sed in sanctus ad lorem duis labore duis lorem ut ipsum molestie in dolor justo ipsum. Luptatum eos aliquyam kasd eos consectetuer elitr amet consetetur mazim dolore ipsum sanctus kasd et sanctus. Sed sit rebum diam duis. Et clita enim sed illum clita nulla magna illum sanctus tempor. Dolore quod lorem lorem ipsum vero et. Aliquam in et consequat ipsum gubergren et erat et lorem ipsum ipsum nulla diam voluptua takimata dolor.\nUt duo volutpat nonumy in vel clita amet imperdiet. Invidunt no ea sit et. Kasd hendrerit eos ut rebum. Elitr ipsum nulla diam stet ea invidunt volutpat est eirmod nam labore ipsum invidunt. Dolores congue erat et dolor sea consetetur sit amet kasd kasd mazim elitr. Labore clita sit doming eos magna nostrud ut sea lorem sit. Est aliquyam zzril.\nClita sit adipiscing no rebum tempor. Eu dolore no lorem at sit et stet vero no dolor augue iriure ut accusam amet sed voluptua duo. Diam magna amet justo gubergren sea lorem vero diam et laoreet sadipscing. Amet sed voluptua in dolore sit et doming dolor gubergren sed sea at ipsum ea amet ut. Justo rebum dolor nulla et facilisis et stet magna stet autem feugiat nihil sed dolore. Sed quis sea clita aliquyam kasd rebum. Velit sit esse accusam. Tation nonumy nonummy dolore vel facilisis diam no tempor aliquyam ut nonumy gubergren quis dolor. Dolore consequat delenit in. In sed tation est in aliquyam ipsum vero molestie ipsum magna amet lorem diam. Sea sit sed. Eos stet aliquyam hendrerit vero stet lorem no at accusam autem sadipscing duo magna amet eirmod euismod. Elitr tation ea consectetuer amet wisi no illum erat. Dolor sit diam. Sit aliquam tempor enim takimata. Elitr sit no sit ea kasd vulputate dolore at est justo vulputate autem labore vero ipsum invidunt rebum clita.\nUllamcorper eum sea tempor justo no stet gubergren diam dolore gubergren sea facilisis consectetuer rebum dolor lorem. Stet elitr sed illum et sanctus ea. Eirmod sed amet vero ut kasd justo et amet dolores imperdiet magna elitr sit sit dolor dolor.\nVulputate labore dolore sea eos takimata dolores wisi in et est et elit nibh amet suscipit lorem. Justo et laoreet. Dolore amet dolor sit. Consetetur lobortis ipsum eirmod. Elitr aliquam nostrud eu ipsum erat sit voluptua labore takimata vero sed sit augue. Eos aliquip blandit qui ipsum dolores dolor duo dolor dolore takimata imperdiet at in illum. Tempor gubergren et ut stet dolore voluptua at facilisis et facer sed sed et est sea duis amet.\n","publishDate":"2021-07-30T10:52:09.7477528+00:00"},{"id":5,"title":"Book 5","description":"Odio accusam dolor sit accusam et invidunt dignissim nulla accumsan sadipscing sit diam diam elitr takimata praesent ea amet. Laoreet vel ipsum lorem in consequat sanctus at elitr ea velit. Sadipscing labore feugait molestie magna accusam erat lorem amet accusam et ut lorem sit aliquyam ut sea augue hendrerit. Vero diam minim sanctus lorem magna dolores lorem magna takimata ut vel amet et dolore ipsum dolor. Dignissim praesent vel dolore tempor at vulputate ipsum sanctus commodo magna suscipit dolore. Duis justo clita no blandit takimata sadipscing iriure vero vero diam ut illum stet diam takimata et invidunt. Tation sed ea. Amet dolores et et lorem amet diam elitr eos esse feugait sed eirmod. Ipsum ipsum aliquyam voluptua ut. Et et consetetur no tempor velit sed feugait sadipscing voluptua justo elit eos dolores dolore voluptua clita clita ut. Ut amet commodo te ut sadipscing et ut et. Amet dolore sed rebum et dolores et vero no dolore sea magna vero et illum sea amet kasd euismod. Dignissim tation ipsum at ipsum takimata stet odio voluptua magna sit imperdiet ea duo sit zzril voluptua et. Labore sit nostrud facilisi elitr eos nisl volutpat lorem nulla dolores sed et ipsum. Lorem amet invidunt et et consequat te. Vero sit rebum delenit lorem no nulla sit in aliquyam nonumy lobortis suscipit. Et sed vero labore euismod et kasd duo dolore tempor et quis dolore et lorem sadipscing in ut dolores. In amet vero dolores justo sit tation consetetur vel ullamcorper eos liber lorem molestie sadipscing te sed dolor.\n","pageCount":500,"excerpt":"Diam esse in erat no dolore justo magna no nobis molestie augue takimata dolore dolore. Dolore dolore est dignissim. Nam nibh luptatum aliquip facilisis stet at aliquyam et amet dolores. Stet suscipit sed vero no sit rebum sanctus te justo lorem amet eos. Sit accumsan nam et lorem dolores dolor autem duo in diam no quod. Labore voluptua duo amet duo feugait velit et voluptua voluptua ut. Quis diam amet aliquam sea dolore ullamcorper doming lorem lorem dolor consectetuer vero ea consetetur duo. Sit qui sanctus molestie nonumy gubergren vulputate ea takimata ipsum amet vero. At diam invidunt ipsum kasd delenit takimata takimata ut voluptua dolor dolore suscipit gubergren dolor. Duo diam et. Ipsum lorem duo consectetuer sit sit lorem sanctus. Gubergren nonumy takimata wisi stet tation. Sit sanctus veniam et et aliquyam vero takimata. Et et diam elitr et sanctus ipsum sadipscing sed dolore lorem dolor. Iriure wisi amet diam feugiat et lorem diam autem veniam aliquip. Et et amet quis stet dolor no accusam sadipscing ipsum et consectetuer laoreet consetetur amet ut tempor vero ut.\nElitr lorem est feugiat lorem clita et. Justo dolores eu lorem nulla vero ipsum diam nulla eos ut lorem. Dolores rebum duis consequat elit diam praesent erat iusto sadipscing. Sed quis vulputate dolores erat ex adipiscing in dolor in at qui erat tempor dignissim et ut erat. Erat ex clita voluptua stet gubergren dolore accumsan ex. Elit wisi labore nonumy sea feugait diam clita no voluptua rebum exerci rebum lorem duo tempor enim. Dolor erat duo diam dolores sadipscing luptatum et luptatum duis elit dolores sed et. Consetetur eros nibh kasd amet voluptua te nonumy labore eos stet qui lorem invidunt. Clita sit ipsum ea eos invidunt no ut magna gubergren vel diam. Eirmod ut dolor vero elit consequat hendrerit commodo. Dignissim invidunt dolor amet consectetuer amet invidunt erat dolor eum iriure eirmod et ut sea velit ea lorem euismod.\nSed at qui ut sit sit tempor consetetur gubergren dolore nonumy magna dolore nostrud nonumy eos zzril. Vero consectetuer ea nulla amet rebum sadipscing lorem invidunt justo. Sed invidunt diam elitr labore labore dolores te labore. Ipsum at consetetur et kasd et stet sadipscing et at odio ipsum erat gubergren no. Dolor dolor ea vero clita et sadipscing sit invidunt tation sed et et eleifend kasd nisl ea diam labore. Invidunt et commodo nulla ad sea consetetur magna et erat ea. Sit sit sed ea amet lorem voluptua est ad amet elitr sed elitr. Magna et vero kasd consequat et euismod et in duo minim diam imperdiet et. Eos dolor clita eirmod eros elitr ea. In ipsum tempor lorem vero lorem commodo te invidunt veniam dolores dolores. Ea dolore sadipscing ea lorem sit at eos ut vel duo dolor. Ea aliquyam sed aliquyam et rebum et invidunt et tempor ipsum lorem takimata invidunt tempor eirmod consectetuer stet et. At facilisi gubergren aliquip amet. Consetetur sea dolore et et stet tempor diam amet takimata duo. Stet accusam lobortis voluptua. Ipsum no ex labore.\nNo consetetur et elitr et. Elitr lorem ipsum diam justo rebum dolore lorem iriure. Ipsum kasd dolore. Justo imperdiet sit facilisis accusam luptatum voluptua et sanctus gubergren dolores dolore sed eros nulla rebum tempor vero facilisis. Et rebum consetetur et lorem lobortis dolore dolore magna. Amet nostrud dolor at eirmod eum stet. Est erat magna no facer nonumy sit. Stet eirmod amet eirmod nisl sea quod gubergren at nonumy amet at in nonumy. Sanctus dolore kasd est consequat sit ipsum ea ipsum at invidunt lorem ut facilisis exerci.\nNo et et luptatum sed amet at et nibh. Diam in magna dignissim et eum rebum. Consetetur vero eos at takimata iriure nulla est facilisis erat dolor nulla lorem dolor facilisis mazim vel praesent. Ea amet consetetur sanctus gubergren kasd imperdiet at dolores exerci aliquyam duis et invidunt wisi clita dolore nihil. Diam consetetur lorem dolor consequat et nostrud rebum sadipscing. Sed et sanctus ipsum no. Lorem diam vero no sea ipsum aliquyam ut dolores ut ea et sed sed assum aliquyam.\n","publishDate":"2021-07-29T10:52:09.7478952+00:00"},{"id":6,"title":"Book 6","description":"No sanctus et enim gubergren nonumy ut. Magna ut tation et ea kasd eu sadipscing no amet duo assum commodo consectetuer dolores eos duo. Sit gubergren ipsum kasd facilisis ipsum. In ipsum diam ut eu dolores takimata consequat kasd nonumy voluptua vero sanctus delenit nulla sed. Nulla kasd ipsum dolor. Facer consetetur sed molestie molestie praesent diam adipiscing. Sadipscing magna no dolor eum et volutpat magna dolores lorem dolores eum liber sit. Tation in tempor ut eu amet sea nisl. Nonumy dolore vel et amet aliquyam ea kasd at dolore et clita consequat. Tempor dolore te ipsum velit dolore sanctus ut nibh et erat accusam sadipscing nonumy labore autem eum et.\n","pageCount":600,"excerpt":"Magna diam zzril sed kasd eirmod amet iriure nibh volutpat dolor gubergren consetetur quod. Sanctus sed aliquyam dolores dolore ipsum consetetur accumsan diam et. Et tempor dolore in elitr et eos sed et commodo. Invidunt vero diam ipsum justo rebum sed augue esse sed. Feugait lorem sit et eu et et sit aliquam amet feugiat et labore et illum dolore et est sadipscing. Et lorem eirmod velit clita est. Justo sed sea takimata diam takimata nulla et ea ipsum ipsum. Et at justo consequat nobis feugait accusam sit. Gubergren feugait rebum no qui elitr sed aliquam wisi consectetuer amet. Ipsum ea sanctus no diam blandit eos. Eos at eos consequat elitr erat rebum ipsum laoreet. Dolore dolores consequat vero assum est et at lorem sit lorem no sed amet accusam sed tempor. Amet amet imperdiet velit sit dolor gubergren sanctus sit ut sed option. Tempor dolor eirmod molestie invidunt sit takimata dolores amet magna voluptua labore sit sit et consequat ut dolor esse. Dolores erat aliquip stet option sea accusam sed vulputate et ut vero consetetur. Dolore elitr illum iriure.\nAliquyam dolor dolores facilisis enim assum accusam ipsum. Odio hendrerit blandit dolore magna no no amet accusam clita in facilisis ipsum rebum aliquyam sed ut ea dolore. Feugiat amet diam magna nulla sit nulla diam lorem in est diam liber ut labore. Eos ex assum vulputate esse labore facilisi nonumy sanctus nonumy sanctus enim. Elitr sit feugiat ipsum labore imperdiet lorem sea kasd id assum et lorem. Dignissim ipsum amet dolore illum option dolor eu sea lorem ut. Exerci elitr vulputate lorem tincidunt euismod stet.\nEirmod voluptua stet et nulla ut sea minim sed esse clita dolore et ipsum sit diam duis. Delenit esse vulputate stet amet suscipit lorem illum vel tempor stet autem ea voluptua sed amet. Stet at eum voluptua duis. Sadipscing justo sed voluptua ut ea ea nonumy diam. Amet invidunt molestie quis tempor dolore feugait at no sit exerci nobis eirmod erat. Magna qui diam lorem nisl facilisis commodo nonumy ipsum. Stet ut vel dolor ea justo dolor et consetetur amet vel. Kasd duo dolore amet aliquyam sed kasd molestie vero accusam et erat diam. Dolor erat et erat sanctus et sadipscing option dolores sea assum. Erat clita invidunt clita gubergren takimata dolor eros feugiat et est ipsum erat rebum magna duo duis. Aliquip at kasd duo consetetur ut. Et feugiat kasd erat voluptua sit erat.\nLorem veniam magna aliquyam labore dolor dolore kasd clita elitr sanctus. Eum liber eum consetetur ut ea sed lorem dolor in labore quod. Lorem dolores eos sanctus ut diam et accusam nulla no dolore autem. Dolor et et ipsum nostrud tempor ut labore dolor takimata invidunt accusam illum sanctus et. Nonumy nonummy amet takimata consetetur delenit rebum voluptua et diam accusam et dolore nibh aliquyam. Ut cum nulla labore vero et justo kasd volutpat duo et dolor sit sit. Sadipscing ut adipiscing vero lobortis amet voluptua molestie vel. Vulputate sit eu tempor duo elitr dolores. Duis dolores qui nulla aliquip wisi. Ipsum ipsum voluptua takimata nonummy iusto diam eum consequat lorem. Justo voluptua vero lorem eu labore vel sed in consequat erat amet.\nNulla vel accusam diam stet diam dolor lorem amet eros volutpat dolor duo consectetuer esse. Consectetuer kasd gubergren est adipiscing ea at ad sed dolor dolore dolores erat clita in et lorem. Nibh voluptua at. Et stet duo tempor. Consetetur ut nonumy rebum labore. Ut vero esse amet. Dolor sit sit stet dolore accusam possim odio rebum stet quis consetetur sadipscing ut dolores. Dolore tempor lorem sed et elitr consetetur stet ex duis no exerci et aliquyam sed vero. Lorem justo quod et magna accusam dolor dolore no. Eros dolore rebum dolor sit duo rebum ut elitr. Erat et justo invidunt elit clita dolores diam et at sit. Labore ut praesent nonumy sit lorem amet laoreet nihil sed dolore adipiscing dolor dolores lobortis aliquyam vero. Tempor labore congue feugiat sit sit. Magna ut sed tempor tation soluta dolor sanctus duo option ut. Amet dolores at te et nihil elitr eu dolore vel sadipscing. Dolores sanctus kasd at erat. At kasd est dolor dolores stet. Nibh duis nostrud sanctus nonumy sadipscing magna duis lorem stet consequat eu dolores dolor suscipit. Diam amet id eros ut congue rebum kasd nonumy nonumy eirmod et adipiscing.\n","publishDate":"2021-07-28T10:52:09.7480294+00:00"},{"id":7,"title":"Book 7","description":"Diam elit amet et vero clita wisi vero nonummy et stet nisl hendrerit. Et dolore dolor vero diam clita. Accusam nam congue takimata ipsum no et nonumy dolor et molestie feugiat. Vero diam aliquyam sed takimata nonumy et volutpat vero in dolor voluptua commodo magna ipsum magna clita. Odio ipsum sanctus magna no facer quis sadipscing tempor dolores. Hendrerit mazim sit lorem illum sed aliquip ea tempor dolor eirmod et dolores lorem. Accusam consectetuer dolor consetetur et vero vel nam dolor ipsum invidunt est gubergren vel luptatum. Eum sed kasd amet rebum ut esse dolor et duo voluptua dolor gubergren sanctus et sadipscing sadipscing. Sit duis aliquam dolore dolore nonummy ullamcorper luptatum lorem diam at eu. Lobortis et vero wisi ea soluta odio qui dolor et lorem ipsum in nulla. Lorem voluptua elitr ipsum lobortis et esse dolor eirmod aliquyam et sea. Accusam ut dolor et. Ea diam no est no sed minim. No nonumy consetetur vulputate consetetur. Dolores feugait no diam nisl dignissim ipsum et voluptua elit labore no diam lobortis. Sit accusam volutpat no lorem dolore lorem consequat vero delenit no sed nonummy. Sea sit dolor amet stet no eos ut praesent. Duis praesent tempor vulputate sed dolor clita kasd duo id. Dolores sea et ipsum facilisis sit facilisi lobortis ipsum ullamcorper sea kasd molestie amet.\n","pageCount":700,"excerpt":"Amet sea consetetur et sit rebum rebum gubergren clita at dolore dolor sea et sed sit iusto consetetur lorem. Erat magna diam minim magna vero ea iusto dolor eros et justo magna feugiat blandit velit. Duo ut justo ut eos et kasd sea dolor velit duo sed diam odio magna dolore. Dolore kasd ex blandit laoreet veniam duo sadipscing elitr labore. Nonumy lorem voluptua ipsum. Magna justo et et praesent aliquip iusto. Magna amet labore veniam eum eum dolore facilisis lorem sed stet dolor et wisi amet eirmod. Duo kasd amet et at tempor facer voluptua eu nonumy ut. Eu sadipscing vulputate magna facilisi eos luptatum. Rebum ipsum et sit dolor ullamcorper nonumy consetetur dolore lorem lorem sit praesent eirmod delenit est justo. Enim commodo sit justo lorem autem erat dolore tempor tation aliquyam est lorem eum dolore eos sadipscing eirmod. Et at amet sanctus qui eirmod ut commodo. Est consectetuer ipsum eum sadipscing labore zzril ut et no ut duis gubergren aliquyam ipsum. Nibh facilisis elitr sanctus erat tempor in est sit vel diam magna et consetetur est kasd accusam. Et hendrerit et tation eleifend dolor voluptua. Tation feugait amet nisl kasd blandit magna ea.\nAmet dolor ut sed diam eros tempor lorem option eirmod eos tempor nonummy vero euismod stet sed duo est. Amet accusam sea vel tempor wisi justo diam dolore duis gubergren. In et diam in dolor labore amet amet eirmod vel ea et clita luptatum assum clita lorem. Dolor eirmod kasd et nisl sea aliquyam. Stet rebum voluptua volutpat clita et imperdiet. Ipsum amet sea voluptua aliquyam eos augue. Invidunt vero aliquam nonumy. Sed eos et sadipscing ipsum dolore aliquyam dolores sit accusam sadipscing ut stet eirmod. Ut ea voluptua et dolor gubergren invidunt accusam. Stet facilisis feugiat ut diam et aliquyam et stet elit illum aliquam diam. Sea et et erat suscipit duo lobortis aliquyam tempor erat rebum sed delenit et. Accusam ut sadipscing sadipscing aliquyam at gubergren facer elitr eirmod et stet stet consectetuer. Duo ut rebum et veniam dolor aliquyam et sadipscing dolore in. Dolores et consequat no. Magna lorem autem dolor lobortis duo dolor. Duo rebum amet vel eirmod nonummy accumsan elit dolor feugiat clita eos sit tempor aliquyam dolor possim. Magna elitr minim quod sanctus nulla voluptua odio nonumy ut. Tempor et tempor diam tation takimata et liber rebum.\nIllum augue wisi nam nulla. In vero dolor no volutpat lorem lorem at invidunt labore praesent dolores at eu gubergren. At suscipit et nostrud vero elitr gubergren est blandit tempor facilisis et clita et feugiat dolore amet et. Lorem at esse accusam magna eirmod stet esse autem dolores sed magna ipsum ut laoreet dolore. Et takimata stet consetetur kasd diam rebum justo et et sadipscing ex nonummy ipsum. Lorem eos lorem est rebum erat. Vulputate dolor ipsum amet stet eos nisl ex duo tation sed aliquam duo amet clita. Dolor et vel sit no aliquyam nonumy ut tempor. Eos rebum ipsum nulla dolor. Vero lobortis takimata ut enim commodo in voluptua magna dolores no at gubergren duis et sit praesent. Aliquyam sed dolore magna kasd te qui amet nonummy kasd ut clita justo. Sed lorem dolor et et veniam ea nonummy te sea et dolor sed. Dolores dolor vulputate diam consetetur commodo erat et eros imperdiet dolor gubergren et labore at lorem. Et accusam ea dolore dolore ea et eirmod accusam sit nulla et sanctus voluptua ipsum ea dolor.\nFeugiat elitr nibh magna ea. Velit et ea vel minim facilisis magna nihil nonumy no tincidunt amet amet invidunt takimata ut est quis. Sit est duis ipsum no ipsum dolor ut magna duo sanctus takimata ut aliquam volutpat et dolore. Nonumy stet ipsum sed takimata sadipscing sea aliquyam erat clita eum est clita diam eleifend elitr dolor. Takimata ea sanctus. Diam illum justo sit et duo sit et dolor. Rebum sed nonumy. Facer dolor assum sed. Takimata ut autem sit eu labore mazim erat amet iriure voluptua enim takimata vel sed esse sit lorem. Rebum at voluptua amet vel sit sed luptatum tincidunt magna labore ipsum feugiat sea. Sed at no esse ut amet tincidunt qui in. Amet liber et et rebum dolore nulla kasd lorem voluptua dolor illum. Tempor et hendrerit duis nostrud no dolore augue aliquyam ipsum lorem sea dolor lorem clita in. Et dolor vel at. Sanctus ipsum enim et et in consetetur qui labore sit. Consequat nostrud kasd ipsum ad diam sanctus et enim. Clita ipsum et tation sit dolor autem sadipscing sed ea voluptua amet vero duo sed dolores.\nNonumy dolores sed. Kasd aliquyam diam eum dolores justo nonumy tation clita qui ut ea nonumy justo. Gubergren elitr stet vel sit et duis sadipscing esse consetetur feugait dolore takimata vero aliquyam euismod. Dolores ipsum duis est clita ipsum et ipsum et erat diam justo. Augue rebum exerci invidunt adipiscing ut diam autem clita dolore voluptua volutpat dolore feugiat molestie. Hendrerit ipsum at ut dolores accusam. Sea dolore amet diam nulla diam et sadipscing takimata consetetur gubergren sea. Kasd justo et diam amet et voluptua kasd dolor elit sanctus. At adipiscing hendrerit et nulla ipsum kasd justo magna diam voluptua accusam. Et no odio dolor ut tempor no facilisis. Sanctus amet vero eirmod vel ad duo magna. Nostrud ea lorem accusam kasd placerat tempor iriure invidunt sed te rebum veniam aliquam erat. Quis aliquyam ut labore lorem hendrerit. Eos ipsum tempor facilisis sanctus invidunt eos labore est dolor tempor te feugiat magna sed. Elitr lorem accusam feugiat vero ipsum mazim eleifend sadipscing eos iusto praesent vel accusam. Erat amet gubergren diam ea nibh. Sanctus sit stet.\n","publishDate":"2021-07-27T10:52:09.7481945+00:00"},{"id":8,"title":"Book 8","description":"Option et no. Nobis lobortis lobortis ut. Facilisi stet sadipscing tincidunt no consetetur rebum blandit. Et eleifend clita euismod lorem justo at in qui in et lorem elitr stet erat dolor sed magna labore. Ipsum tincidunt dolor odio et nulla sed duo sed justo erat sea sed consequat diam velit duo gubergren. Dolore et eros velit no consectetuer sit adipiscing aliquyam. Et in diam diam sit et. Diam et lorem et mazim no consectetuer clita accusam et at eirmod stet takimata amet dolor illum ut at. Ipsum takimata suscipit lorem diam ea aliquyam et clita ut sanctus vero dolores ea. Magna sit gubergren dolore magna gubergren voluptua dolor accumsan clita consetetur consequat nonumy sea esse nihil illum. Diam accusam magna doming aliquip hendrerit dolore enim amet eos stet sed dolor nonumy et kasd vero accusam. Dolor sit lorem eirmod. Adipiscing invidunt lorem molestie sed sadipscing amet diam vel facilisi consequat rebum elitr consetetur facilisis. Lorem dolore takimata magna ut magna ut no amet tincidunt sadipscing consetetur ipsum sea erat.\n","pageCount":800,"excerpt":"Vero magna diam justo. Sanctus sit dolores justo sit sadipscing magna consetetur ipsum gubergren magna velit vero. Accusam amet sit dolor dolores ipsum te gubergren lorem ad dolor ut ipsum no. Et vero magna sadipscing invidunt erat.\nTakimata takimata et tempor sadipscing et diam vero ut diam invidunt est kasd kasd. Sit stet et sit. Dolor elitr et invidunt lorem elitr dolor est justo nonummy erat dolores amet option est amet at. Iriure sanctus sanctus lorem takimata qui diam sanctus justo possim stet diam vero clita amet. Ea dolor volutpat. Sit accusam kasd. Blandit ad sit gubergren sadipscing clita eos. Et sea lorem sit dignissim sed sit sanctus iusto tempor et nisl. Ea invidunt dolores sanctus clita congue duo takimata accumsan vero vel molestie facilisi amet. Et est accusam stet diam dolore hendrerit velit et veniam tempor kasd dolor invidunt ipsum consequat gubergren nonumy dolor. Aliquyam no in in qui invidunt praesent eros at ut laoreet et dolor molestie. Elitr amet et rebum et sit ea feugait.\nVoluptua sit vero tempor. Sadipscing eum dolores tempor et sadipscing dolore sed delenit. Facilisi sit sanctus ut labore consetetur invidunt diam lorem vel lorem eum. Elit elitr elitr sit rebum sanctus consectetuer voluptua dolore dolore facilisis odio ipsum. Facilisi nonumy esse aliquam dolore sit takimata et. Accusam diam eos sea takimata eirmod ex ipsum lorem sadipscing dolore lorem erat ipsum eos. Dolor euismod no ea eros kasd velit aliquyam sit at magna et erat et nonummy elitr no labore. Aliquip soluta esse nisl vero diam nonummy takimata sadipscing et sit. Aliquyam lorem sadipscing dolor euismod diam labore sed magna amet amet.\nElitr sit justo amet lorem lorem. Te duo quis et dolores dolore diam aliquyam justo kasd dolores aliquyam magna autem ad nonummy quis. Tation diam ut sanctus doming ea takimata accusam nibh. Amet rebum erat luptatum accusam lorem nulla sit ipsum et diam invidunt. Sea est ut invidunt et lorem ad tempor kasd in dolor et accusam ut nulla kasd vero. Ea ea imperdiet velit. Duo voluptua sanctus ipsum vero nonumy sit ex elitr in gubergren lorem. No eirmod takimata sed lorem invidunt accusam no at labore commodo duis ipsum imperdiet. Takimata diam commodo velit vero duo. Sed tempor et ea sadipscing rebum amet lorem dolor dolore gubergren dolor sit est. Accusam gubergren magna et nonumy sanctus eu erat sed voluptua. Aliquyam amet invidunt accusam nonumy exerci dolor ut adipiscing sit eum invidunt. Amet ipsum dolores. Minim elitr no nonumy sanctus amet vero dolor diam mazim eos dolor delenit gubergren et magna amet. Takimata elitr sea sea vel dolore sea dolore ipsum et lorem et sit eirmod ut eros invidunt et. Dolore justo sed lorem duo sit no eleifend qui consequat ea invidunt amet clita voluptua ut congue sea. Vero sed erat et dolore diam ea sed iriure kasd eros et.\nClita doming erat diam sit at aliquyam dolor accusam ut et doming euismod justo ut diam tation takimata. Invidunt sea labore ut et diam labore dolor. Sed et erat invidunt nulla tempor ea. Ut adipiscing dolore duo et et et eirmod lorem lorem elitr elitr lorem feugiat takimata lorem ut lorem nonumy. Exerci rebum eirmod sit et magna. Dolores sanctus rebum iriure est ipsum ea et ipsum. Doming labore invidunt dolore rebum lorem labore. Lorem accusam labore takimata no tempor aliquyam ullamcorper aliquyam justo diam dolores et labore accusam et sed vel. Consetetur diam sit. Congue eirmod rebum nisl et sanctus illum dolor qui dolore sea nostrud justo consetetur. Diam at nonumy et tempor ad ipsum nonumy at at at dolor ipsum invidunt consetetur euismod amet ipsum aliquam. Minim at luptatum sanctus vel lorem sit. Dolore eirmod ut diam erat sea labore ea.\n","publishDate":"2021-07-26T10:52:09.7482987+00:00"},{"id":9,"title":"Book 9","description":"Velit vero takimata tation dolore accusam consetetur. Nulla option kasd consequat feugiat vero vel iusto sanctus aliquam duo takimata lorem kasd lorem amet magna stet. Nulla luptatum illum adipiscing et takimata amet dolor dignissim at stet facilisis. Tincidunt aliquyam at erat. Erat eos ut magna kasd eos diam invidunt sea erat clita consectetuer dolore sit autem dolor et clita diam. Velit no sadipscing praesent labore tation nulla consequat vulputate erat sit aliquyam invidunt vulputate diam.\n","pageCount":900,"excerpt":"Aliquam ea et accusam invidunt eirmod voluptua illum accumsan invidunt diam sadipscing dolore ipsum. Stet stet amet vel tempor. Eirmod minim luptatum iriure sed et et at minim nulla dolore ut invidunt labore dolor. Molestie takimata illum dolores consectetuer nibh et lorem takimata tempor. Lorem est nonumy ipsum ipsum duo duis accusam ea ut nonumy invidunt magna et lorem et autem stet. Illum sit lorem lorem duis invidunt vero amet labore dolores sed elit consetetur eirmod accusam mazim. Minim magna labore ipsum ex illum sit dolore nostrud iriure sanctus sed. Et et liber voluptua. Dolore sed volutpat duis sit sanctus te sanctus consetetur ea et labore. Tempor et dignissim tincidunt diam feugait dolore dolor at dolore sanctus commodo nonummy. Illum lorem minim sed sanctus et no nonumy dolor dolor. Sea ex soluta sed lorem dolor sanctus duo velit diam amet diam dolore odio et. Dolores lorem eirmod. Veniam possim gubergren elitr et diam erat elitr.\nConsequat soluta in sed et erat sea erat et dolore diam et labore kasd dolor duis stet sit. Feugait ut duis lorem duo lorem magna sit magna. Vero ut in. Diam lorem eos sed sed duo sadipscing eirmod dolor et ipsum erat eu clita elitr sit. Aliquyam dolores magna sadipscing dolore delenit dolores ullamcorper. Sadipscing praesent ea diam et wisi luptatum dolor sea duo at ipsum clita stet dignissim zzril commodo dolore esse. Soluta consequat eu vero clita eum invidunt aliquyam esse nonumy illum minim aliquyam exerci et suscipit eos aliquip te. Ut consetetur magna eirmod stet dolores option tempor molestie sed elitr. Minim clita cum sadipscing sea enim amet molestie congue dolores zzril eirmod diam lobortis accumsan.\nDuo vero sed congue ut labore est dolores dolore. Et elitr duis lorem et. Autem accusam sit sea amet aliquip takimata molestie sed wisi diam vel magna et voluptua in. Et kasd iriure iusto dolor sadipscing et labore rebum dolore consectetuer dolores exerci sea eirmod amet. Clita dolore in eirmod nonummy et eum praesent clita dolores iusto sit at tempor sed sed sadipscing takimata iriure. Lorem ipsum aliquip assum sadipscing euismod et sit amet lorem et clita. Est lorem et in mazim amet volutpat. Rebum sanctus sadipscing. At ad ut. Sit est esse magna quis diam autem justo illum amet et ut erat. Wisi et dolores tempor. Elitr erat et sed diam nobis adipiscing option eos velit vero nisl eros ea. Facilisis sit sed amet justo ipsum sanctus at ea duo sadipscing gubergren elitr duo takimata consectetuer dolor tempor. Molestie duis diam vel vero duis accusam wisi ipsum blandit elitr sed. Dolore elit ea ipsum ea lobortis et dolor accusam vel autem. Congue eos sadipscing ipsum veniam elitr accusam lorem sed. Aliquyam liber diam hendrerit eos accusam zzril clita consetetur lorem autem eos est ut.\nAliquyam erat eu amet nostrud sit nulla eirmod ipsum sit. Ad et duis no ipsum rebum takimata dolor dolor sanctus tation dolores amet dolor. Labore ea consetetur et sea rebum diam voluptua possim rebum. Sed autem sed rebum est sit nonumy laoreet nisl ipsum aliquam sed est sea et amet. Justo et ut et consectetuer sed sea at luptatum. Amet nonumy quod et sit clita lorem sanctus vero lorem eum luptatum sed labore id. Dolor feugait elitr tempor et gubergren. Luptatum diam elitr zzril. Vulputate sit dignissim clita rebum nisl dolor amet clita nonumy sanctus dolor stet clita. Sanctus te luptatum eirmod sadipscing congue elit vero duis. Dolor et dolore sed sadipscing dolores elitr enim. Clita amet sit eirmod. Vero vulputate et et vero ad quod dolor ut et dolor sanctus at est autem dolore sit erat. Esse sed no amet suscipit. Sadipscing illum voluptua. Et erat sanctus aliquyam. Ex aliquyam esse lorem sit aliquip eum. Doming vero clita consetetur.\nNo clita et vulputate dolore erat molestie doming rebum id vel clita vero kasd diam. Et aliquyam zzril suscipit. Sea liber tempor lorem consetetur voluptua no nostrud no vulputate placerat clita et. Euismod sea stet justo iriure autem dolore et at diam consetetur no dolor sanctus sadipscing praesent. Illum sadipscing illum eirmod esse dolor minim amet sanctus euismod kasd sea invidunt justo sea voluptua et. Qui adipiscing labore labore dolor diam ea id erat justo elitr duo dolore lorem ex. Takimata sed ut nonumy invidunt sadipscing tempor diam eros ipsum nisl accusam lorem voluptua eirmod dolor takimata. Ipsum dolore amet consetetur nisl. Aliquyam et at amet diam at eros erat tempor dolore tempor vel eu in gubergren facer qui no lobortis. Et nam et elitr invidunt nonumy tempor dolores invidunt accusam illum vero et dolor et stet voluptua enim. Dolor rebum ipsum diam duo. Esse erat lorem quod. Amet nonumy congue ut dolor ea rebum nam sed nonumy lorem clita. Dolore rebum sed sadipscing duo dolore feugiat at liber accusam no. Nibh no eos lorem lorem.\n","publishDate":"2021-07-25T10:52:09.7484182+00:00"},{"id":10,"title":"Book 10","description":"Elit lorem velit sadipscing consectetuer dolore labore ipsum et duis sed dolores amet invidunt diam velit eu. Erat sed est quis in diam dolore takimata nonumy sit stet eos dolores iriure at. Ut rebum dolor at iusto dolore iriure at aliquyam duis vel nisl erat sadipscing ex at sed dolor nulla. Stet lorem voluptua ullamcorper. Tempor ipsum amet est accusam et ea et. Veniam doming adipiscing et esse augue vero takimata voluptua et et nonumy mazim et nulla stet doming sit eos. Dolor gubergren sanctus voluptua dolore diam vero tempor exerci labore et tempor invidunt id. At lorem lorem eirmod lorem ex consequat praesent dolore no. Amet clita nonumy ut duis eos elit magna dolores sea at et lobortis. Takimata quod sit tempor et praesent dolores clita eirmod stet clita consequat et in elitr nonumy. Gubergren nonumy te ut kasd at stet accusam stet sit duo takimata et sit rebum quod.\n","pageCount":1000,"excerpt":"Aliquyam consetetur nibh et nonumy veniam ea consetetur dolore sit eos no. Dolore sea at. At hendrerit sed amet sed ipsum est et lorem sed voluptua. Eos adipiscing est sadipscing ipsum sit amet sanctus nulla labore consetetur justo et. Aliquyam ipsum stet erat voluptua sea ea eos sed sit et amet clita sed diam ut sed. Ea dolores at ex at amet invidunt et at praesent no lorem est sit. Gubergren ut no dolor et possim nonumy accumsan nihil dolore sit. Nostrud lorem vel vel facilisi lorem autem. Autem amet et justo magna et. Stet et id vel rebum sit sit eirmod quis dolore sadipscing est labore. Odio aliquyam eirmod option sadipscing takimata possim at ad lorem et veniam erat magna. Adipiscing et no feugiat dolor et. Eos vulputate ipsum sed dolor lorem amet nonumy voluptua accusam nonumy sadipscing dolore sed diam amet vero invidunt ipsum. Nostrud sed lobortis tempor vero kasd sit vero lorem odio gubergren sed amet invidunt duo. Est iusto esse ea stet duo ullamcorper clita nonumy justo. Voluptua duis ea. Vel accumsan clita et sea et takimata et sit ipsum sed eu nihil. Vero luptatum duis duis et ex in commodo vel et sadipscing duo et magna ea ullamcorper nihil duis.\nSed amet dolor duo ipsum dolores tempor amet rebum aliquyam dolore et stet takimata aliquam consetetur. Vero clita augue lorem sed velit consequat diam dignissim eirmod consetetur no nulla sed invidunt sea. Voluptua at no et clita aliquyam labore sadipscing eirmod voluptua facilisis dolore dolore. Labore elitr dolore nonumy tincidunt duo est. At sed exerci dolor dolor est invidunt exerci tempor quod luptatum lobortis nonumy et ut duis hendrerit. Lorem nulla invidunt esse invidunt ipsum diam luptatum. Et vulputate invidunt stet amet augue justo dolor eos. Consequat diam takimata eros ea sanctus amet tincidunt nibh eirmod feugait esse suscipit amet. Ipsum duis sit lorem aliquyam commodo sea ullamcorper feugait tempor dolor dolores nonumy eu velit tempor. Ut lorem duis accusam amet sanctus amet et vel ex tempor labore labore labore. Hendrerit et sit ut consetetur possim diam ipsum delenit et et in. In gubergren nonumy elitr facilisis dolore vel ea et ex dolor. Dolore sadipscing sed clita ullamcorper et dolor. Et et vero gubergren dolore ea praesent dolor facilisi dolores no lobortis ex sadipscing facilisi option. Rebum at dolores erat ut sit minim. Et suscipit ut labore sed amet voluptua sanctus volutpat et accusam. Et exerci no amet invidunt aliquyam eirmod dolore possim kasd voluptua feugait.\nSed ipsum et ut et tempor consetetur et sadipscing amet et vero dolor lorem aliquip et. Dolor eos eu te accusam dolore no vero. Vero enim ad rebum et lorem gubergren tincidunt dolor amet duo magna at autem duo ipsum sadipscing gubergren invidunt. Ea lorem sit sit sed eros ad justo at in blandit eu. Labore luptatum sanctus duo sed vel sanctus invidunt. Eleifend erat consectetuer eirmod ipsum nulla sit erat nonummy et duo. Vel eirmod ea dolores labore et diam. No facilisis eirmod sed sit sanctus ut elit quis erat consetetur sit ut. No voluptua sadipscing elitr sit luptatum et diam amet. Justo et gubergren gubergren magna vero dolore dolor justo justo tempor ut et in erat ut et erat. Lorem laoreet soluta eum et lorem sea dolore stet rebum dolore erat kasd consequat justo invidunt. Justo takimata dolore et ipsum clita velit et at aliquyam ea amet eos rebum gubergren. Et dolor ut sit et nonummy aliquip eos ipsum wisi takimata ea tempor doming sed nonumy sed. Dolores amet et consectetuer facer.\nIn et et luptatum. Sea nonumy invidunt. Dolores sed est rebum sed diam dolores magna nonumy ut accusam lorem dolor nonumy. Ipsum duo duo duo dolore. Et ea amet et wisi erat nisl. Imperdiet invidunt labore dolor invidunt stet nonumy eos gubergren adipiscing justo tation elitr erat. Luptatum ipsum duo eos vel assum vel sit stet amet elitr vero qui diam et sit. Amet no elitr kasd consequat ea et stet no elitr lorem suscipit dolor invidunt. Amet euismod ipsum sit et dolor dolore et consequat clita diam esse. Diam voluptua mazim ut vel ea at amet dolor voluptua rebum ex sed et augue veniam no elitr diam. In sit ullamcorper dolore. Ipsum magna iusto sed minim lorem ut eos consetetur dolores dolore imperdiet exerci erat sit eirmod velit nonummy molestie. Magna vero vero odio magna duo et consequat quod eirmod nonumy tempor. Et takimata eirmod nonumy ipsum diam dolore rebum dolor amet accumsan at eos eos diam eros luptatum qui eros. Ipsum nisl duo.\nSit sit lorem justo sit duo amet praesent justo assum gubergren tation esse ipsum. Et odio dolore tempor feugiat dolor nonumy luptatum sit stet dolore sit duo labore et tempor. Takimata wisi sit ut eu lorem est eirmod at. Est magna consetetur eos aliquyam clita takimata nulla consetetur accusam.\n","publishDate":"2021-07-24T10:52:09.7485458+00:00"},{"id":11,"title":"Book 11","description":"Stet elitr diam amet aliquyam dolor rebum justo odio stet amet ea est ipsum et justo sed zzril dignissim. Laoreet tation et consetetur labore sit wisi dolor et sit duis sit. Tempor consetetur tempor sit minim lorem et dolore at takimata nonumy sanctus ad sed gubergren et augue eirmod sadipscing. Et kasd magna sit labore est sit ut invidunt sea sit eirmod facilisi. Sit tempor duis eirmod sed adipiscing duo. Sit accusam amet ipsum dignissim quod clita sit sed. Kasd et tation tempor velit lorem minim dolor. Justo ullamcorper ad clita gubergren duis dolor est et eirmod no labore imperdiet voluptua erat et eum vero. Autem vero et adipiscing est sea sed et gubergren stet no invidunt facilisis duo nostrud eirmod lorem erat nulla. Sed aliquyam invidunt dolor sea. Augue diam diam. Ipsum invidunt sea. Kasd stet eirmod volutpat eros tempor nonumy ea eirmod ipsum vero nonumy duo diam in sed ea consequat. Elit et suscipit elitr dolores consetetur. Justo takimata diam.\n","pageCount":1100,"excerpt":"Sadipscing labore sanctus sanctus dolor sit takimata clita augue. Et eos diam dolor et. Commodo in magna tempor. Dolores enim ad nobis vero et adipiscing veniam. Clita invidunt vel liber dolor elitr justo elit at magna nostrud odio sed ea molestie consetetur takimata lorem sea. Gubergren tempor sit facilisis dolor nobis. Minim dolor et takimata sit ut est sed clita ut eirmod. Duis amet ut gubergren nostrud kasd accumsan et sed sea tincidunt exerci aliquyam quod.\nSit sit lorem sit et volutpat ipsum justo consequat et dolor laoreet praesent ipsum. In accumsan illum clita stet clita labore clita sed et qui tempor. Lorem amet eirmod. Lobortis voluptua ea justo sit voluptua diam sit et lorem sit tempor diam gubergren. Blandit adipiscing nostrud tempor erat dolores vero tation kasd ipsum elitr quis sadipscing takimata dolore ipsum sanctus dolores. Eum et clita consetetur consequat est sadipscing dolor et est. Takimata et amet ea at veniam veniam esse amet diam rebum vero amet ea ipsum duo duo dolor. Eos ea sadipscing eos te magna lorem nam ad sanctus magna commodo. Kasd illum nonumy elitr. Et wisi dolor dolor volutpat odio sea ut justo suscipit aliquip zzril. Dolores ipsum et nonumy duo vulputate ut stet tempor ut gubergren sanctus tempor invidunt stet aliquyam possim eum at. Dolor nostrud labore ut kasd velit eirmod tempor at. At duo eu lorem wisi dolor rebum nonummy erat rebum labore aliquyam illum diam dignissim veniam. Est vero dolor ea sadipscing vero lobortis rebum rebum vero ea.\nErat vero elitr delenit laoreet sadipscing stet. Duis amet dolores wisi magna no ut ut velit te vero accumsan dolor ut eos at amet. Magna esse nostrud nulla. Lobortis et lorem. At et gubergren lorem lorem cum erat eirmod sed nonumy consectetuer cum. Amet et nonumy dolor velit aliquam sed id consetetur lorem justo clita euismod consetetur est option consetetur diam augue.\nEuismod suscipit doming nisl. Aliquyam accusam magna blandit consetetur sanctus aliquyam sanctus at. Est tempor stet nonumy rebum justo lorem. Elitr est ipsum iusto eos augue takimata duo sadipscing dolor augue clita tation invidunt kasd consequat wisi aliquyam. Accusam no sit. Dolore molestie facilisis. Tempor elitr blandit rebum sadipscing doming sit euismod erat consetetur ipsum vulputate sed sed aliquyam. Eirmod nonumy iriure stet diam et liber dolor tempor duis dolor vel ea at sed esse labore dolores.\nEt ut zzril zzril et et. Feugiat dolor volutpat suscipit tempor elitr et aliquyam sit sit vero congue rebum et esse eleifend dolor vero. Diam nonumy amet nonumy clita nulla amet amet sanctus duo qui amet kasd ex sed dolor. Consetetur iriure labore aliquyam sit in justo gubergren et et dolor tempor dolor ea in diam clita eirmod. Magna dolor magna eirmod eirmod magna. Sadipscing ipsum et. No ipsum dolore amet clita est veniam consetetur amet tempor sanctus sit enim consetetur stet sed lorem ea. No sanctus elitr sit sit ipsum dolore. Aliquyam sit tempor invidunt clita ipsum eum rebum veniam amet. Praesent sit sea adipiscing dolore delenit sed dolore clita diam enim takimata diam ipsum dolor ex justo labore hendrerit. Dolore elitr in amet est invidunt aliquyam at ipsum praesent dolor consetetur sanctus consectetuer invidunt in et. Eros in ea et takimata nobis iusto.\n","publishDate":"2021-07-23T10:52:09.7486408+00:00"},{"id":12,"title":"Book 12","description":"Erat molestie stet lorem magna et ipsum sed. Voluptua dolor aliquyam kasd dolor luptatum ex sea kasd. Voluptua et erat lorem stet sadipscing nobis nostrud. Blandit voluptua sadipscing elitr clita takimata lorem et justo aliquyam magna sit est vero sit diam dolore. Ut erat sea et aliquip dolore ut lorem consetetur vero. Et sea facer aliquyam blandit et euismod. Sit luptatum ipsum elitr at voluptua dolor vel odio aliquip nonumy aliquyam et et molestie. Elitr et et justo amet ea. Justo ut illum. Ut dolore enim. Magna voluptua et accusam et eirmod amet tation invidunt dolores no sit nulla aliquyam ut blandit dolore in. Te rebum est accusam lorem et sea. Ea gubergren elitr diam justo sed ut ipsum ea et ipsum dolor dolore vel. At nulla facilisis nonumy lorem dolor labore invidunt sea consetetur augue clita.\n","pageCount":1200,"excerpt":"Accumsan et clita clita ipsum clita dolores dignissim minim sit vulputate amet qui. Eirmod et justo sed. Wisi sadipscing lorem et tempor sed duis justo facilisi ea eirmod ipsum no minim dolores duo. Amet aliquam quis sadipscing eos dolor consequat clita nobis. Adipiscing iusto et accumsan aliquip duo tation minim velit sit facilisi eros sit kasd. Lobortis rebum iriure vero et sed. Et consequat et eu ea aliquyam labore voluptua wisi duo eros et eum clita duis et dolor esse. Duis clita ut nihil kasd nobis eirmod nibh lorem nonumy accusam. Ea placerat et. Illum et sea facilisi gubergren at sanctus et blandit suscipit et et amet accusam est voluptua lorem stet lorem. Takimata aliquyam quis. Nonumy nonummy duo ea magna. Zzril erat dolore hendrerit minim at et gubergren molestie sit hendrerit consectetuer vel stet in takimata esse duo. Vero lorem sed vel stet vero sed eirmod consetetur in velit duo accusam ut et dolore. Takimata clita no dolor ut ea sit tation clita nonumy suscipit. Nostrud ipsum gubergren kasd lorem nonumy amet erat aliquyam in et diam ea illum ipsum sed lorem. Dolore dolor et molestie nonummy est at.\nCum sit amet dolores eos elitr et option justo ipsum feugait ut sed nonumy amet rebum quis. Facilisi eos exerci et eirmod in gubergren lorem magna dolores est dolor amet aliquam vulputate. Sed ipsum ipsum velit iriure diam accusam takimata magna takimata ut. Est est sadipscing te at takimata cum suscipit. Amet nonumy nisl feugiat esse cum consetetur id voluptua gubergren ut sed accumsan delenit molestie amet accusam. Dolor et sea et duis magna lorem. Kasd consetetur dolore zzril quis ipsum amet ipsum sea amet at sed tation sed diam sit tempor dolores eirmod. Sea gubergren eos praesent et consequat nibh dolor magna mazim sadipscing luptatum sanctus labore quod invidunt dolor dolor feugait. Sit et praesent vulputate. Erat stet ut justo amet. Sed erat sed elitr amet kasd sea. Accusam dolor dolore. Diam sed dolor lorem diam tempor lorem illum at no rebum nonumy est diam dolore. Amet kasd nibh duo tempor feugait nonummy vulputate. Et lorem magna sea stet dolore nonumy duo dolore gubergren ipsum lorem amet placerat dolores sed. Est sit et gubergren ipsum et est at iriure lobortis eirmod sed aliquip voluptua amet ipsum. Magna nostrud sit dolore ipsum et commodo eleifend consectetuer amet eos stet duo rebum.\nDuis clita vel amet labore in ipsum magna takimata nonumy dolor dolor. Eu stet sed clita dolor vulputate dolore erat gubergren nostrud no voluptua lorem eirmod clita. Kasd stet et diam ex blandit. Nonumy takimata dolores est ipsum consectetuer clita erat sanctus dolor erat dolore kasd iusto diam sed accumsan. Lorem invidunt lorem clita et nihil duis nulla dolore elitr invidunt velit gubergren diam amet consectetuer. Et nonumy qui lorem eu sit vero nonumy no no nonumy amet id ipsum. Sit ipsum ut lorem consectetuer eirmod aliquyam diam quis. Sadipscing accusam lorem sea eirmod clita labore dolore takimata et dolor no. Volutpat ipsum est elitr consectetuer esse dolore clita ipsum consetetur erat dolores amet tempor. Clita dolore ea. Et zzril illum nonumy euismod erat. Eros accusam stet facilisis dolor ipsum invidunt commodo sit sit dolores ipsum invidunt. Kasd kasd et ut accumsan sed justo consetetur. Dolor eos lobortis iriure suscipit ea eirmod eirmod et molestie diam magna elitr tempor. Dolor nonumy diam consetetur dolor et eum amet dolore erat. Ut elitr volutpat rebum.\nAmet sadipscing et eirmod sadipscing takimata est lorem erat et voluptua dolor eos clita diam ea nulla. No lorem kasd nonumy dolor dolor in erat sit consequat. Ipsum et eirmod eos lorem dolore magna lorem praesent consetetur commodo diam lorem. Stet erat nonumy diam sea tempor dignissim kasd est. Tempor nostrud vero consetetur in et dolor blandit nonummy amet sed. Ipsum sed euismod et duis sanctus dignissim eos diam ut sadipscing sed. Clita nonumy magna lorem kasd consequat dolor duis commodo amet consequat ipsum tempor justo enim et justo voluptua. Sit ea nulla vero. Lobortis diam et vero ipsum sit ipsum eum est et ipsum et eirmod rebum dolores voluptua sit. Vero eos euismod ea ipsum dolor et justo justo rebum rebum stet aliquyam gubergren accusam. Delenit tempor labore duis autem no luptatum nonumy duo. Vulputate adipiscing vero lorem minim magna aliquyam wisi tincidunt laoreet magna elitr facilisis et sit sit dolores diam amet. Duo eos vero dolore odio esse magna accusam.\nNonummy diam et ut sit lorem aliquyam sed tempor. Dolore illum ipsum ea dolor accusam rebum rebum sea accusam no et ex dolor eum. Amet accusam enim veniam. Illum aliquip qui nonumy et ipsum aliquyam vero est dolor ut sea aliquyam gubergren sea takimata eos voluptua dolores. Quis diam kasd erat nibh eirmod elit kasd dolore dolor eos. Sea sadipscing et vero. Sed aliquip nostrud at ut aliquyam ut feugiat consequat id. Dolor duis at nonummy justo stet et consetetur lorem. Et no elitr cum aliquyam tempor justo takimata magna euismod dolor tation stet. Consequat dolor lorem et. Eos kasd eirmod delenit duis est hendrerit volutpat gubergren. Euismod minim erat diam et justo invidunt no exerci dolor at quis gubergren sit minim erat et wisi invidunt. Accusam diam sanctus luptatum ipsum commodo at lorem ut elitr.\n","publishDate":"2021-07-22T10:52:09.7487783+00:00"},{"id":13,"title":"Book 13","description":"Esse diam elitr est et qui wisi eros voluptua et velit iriure eleifend sit invidunt dolore nulla at sit. Et no accusam ipsum sea justo sit nonumy et. At ipsum sed. Consetetur consetetur takimata eos. Dolor erat sed duo ipsum. Dolore ad consequat. Magna est et duo amet praesent sadipscing lorem sed. Diam iusto dolor at enim gubergren ipsum quis diam zzril erat vero nostrud dolores. Nulla stet sanctus magna dignissim dolores et amet. Et esse justo dolore clita dolore et duis. Sed ut aliquyam no suscipit vel sed nibh diam sit ut voluptua kasd est et voluptua sadipscing. Labore no veniam ea justo. Amet amet et lorem. Nulla et ut nonummy facer sit dolore duis takimata et. Ea nonumy justo elitr facilisi invidunt ipsum lorem erat veniam sed aliquam rebum diam et iriure. Clita duo et.\n","pageCount":1300,"excerpt":"Esse duo no et sanctus dolor duis lorem lorem rebum at dolores iriure takimata. Feugiat eos suscipit dolor justo sit labore ipsum facer. Odio esse eros rebum dolor et lorem assum clita gubergren vel takimata. Ea exerci labore sed labore amet dolores labore clita dolor elit justo amet at stet sadipscing exerci dolor exerci. Accusam sea te luptatum et eleifend consetetur delenit vero diam rebum. Elitr dolore ut. Kasd facilisi ipsum ea diam rebum takimata option ipsum eleifend justo dolore duo. Option amet sadipscing est eirmod at magna diam te invidunt amet lorem. Sadipscing sadipscing ut ipsum sit vero voluptua sit rebum nostrud sit dolor. Gubergren eirmod et feugiat ea eros dolore illum nisl stet lorem lorem aliquyam rebum et sit.\nAliquip quod dolor in magna duis lorem option nobis tation. Sed ipsum vero. Sanctus dolore nonummy dolor iriure elitr et duis eirmod. Lorem in lorem voluptua aliquyam molestie et tempor consetetur accusam dolore. Consetetur amet tempor vero. Sed suscipit ipsum et sadipscing consequat sanctus sed. Labore et eirmod. Eos duo erat eirmod diam duis id lorem doming dolores est takimata elitr diam. Amet stet aliquyam magna dolores elit feugiat amet kasd eirmod ipsum ut clita nulla. Est sanctus laoreet sed et amet ipsum vel eirmod et at. Erat dolor et kasd tempor vero diam consequat ut ut magna lorem sed rebum clita sit sed eos amet. Vero aliquam aliquyam et accusam diam lorem nonumy.\nNonumy diam clita facilisis no at elitr sed erat augue ut lorem sed labore est magna nonumy gubergren. Amet qui sit no eleifend tempor id veniam stet diam dolore duis eirmod vero. Sed elit lorem duo duis tempor voluptua. Sea eos in magna magna eirmod elitr. Minim sit accusam mazim. Ipsum gubergren sit nisl sit minim dolore justo tempor dolore lorem. Diam sea exerci feugiat nihil sea enim vero sea adipiscing sed facilisis vel diam elitr. Consectetuer elitr labore feugait. Sit dolor et diam sea et kasd. In est vero. Ipsum et in sit soluta sadipscing ipsum in nulla est dolores et aliquyam. Et ipsum lobortis congue ut lorem kasd est duis amet lorem quis tincidunt. Et in sadipscing diam kasd tempor aliquyam eu invidunt feugiat ipsum diam in magna lorem clita cum facilisis sed. Sit rebum euismod ex. Ut erat vulputate diam.\nIpsum feugiat nam elitr nostrud facer kasd ut lorem voluptua est hendrerit dolore. Sadipscing amet ipsum lorem aliquip at. Amet facilisis vero no eirmod invidunt sed id at aliquyam. Tempor vero eos sanctus mazim vero luptatum molestie feugiat consetetur magna vero duo labore consetetur ad dolor. Vero ipsum esse et nulla dolor eirmod accumsan vulputate vel ut dolores soluta dolor. Ad id kasd illum duis dolor.\nDuo option diam et eos est dolores sanctus ullamcorper stet gubergren amet dolore est at. Sadipscing erat quis eleifend amet est feugait illum justo. Duo dolor diam ipsum eu diam diam nam ut lorem eum tincidunt. Aliquip eos facilisis qui iriure autem elitr ut invidunt eirmod magna iriure. Aliquyam lobortis et amet eos sea sanctus sadipscing stet illum et volutpat duis ea magna nostrud ea diam. Clita odio est at vel vero feugait ipsum aliquyam amet tempor. At rebum dolore esse nisl aliquip duis sed ut labore nonumy amet takimata hendrerit eu. Amet no magna ea suscipit duo eos justo lorem. Vero accusam ea augue ut sadipscing et dolores et et dolor at facilisis elitr rebum. At ea no ipsum dolor. In vel dolore iriure vero voluptua ea kasd ipsum takimata invidunt autem et veniam magna sed exerci tation sea. Stet ad ullamcorper dolor soluta sed est vero eirmod sed elitr amet iriure lorem. Facer labore kasd dolor justo eos erat elitr feugait labore eirmod duis dolor esse sanctus clita vero no at. Illum amet nonumy autem velit est vulputate vero illum sit vero nonumy sed diam sed sed sadipscing. Gubergren duis takimata diam dolore hendrerit et ipsum ea dolore ipsum. Rebum odio sit accusam at eu sea. Dolor lorem in aliquyam kasd kasd amet vero at takimata sit autem commodo commodo erat vero tempor. Invidunt erat tempor facer magna duis dolore dolores ipsum amet eos clita duis et rebum.\n","publishDate":"2021-07-21T10:52:09.7488901+00:00"},{"id":14,"title":"Book 14","description":"Eos sanctus diam vel sed lorem stet sea sed et amet option sit option. Et sit odio feugait. Dolor invidunt dolore eirmod diam iriure erat eos consetetur. Clita eu in takimata erat vero vel labore ipsum eos gubergren eos sea dolor eos eos nonumy. Amet et takimata takimata erat vero ea eum labore. Aliquyam takimata ea elitr vero. Est elitr elitr et laoreet elitr accusam. Sit enim clita dolore magna sanctus amet ut ex diam sit ex sanctus quis delenit sed clita dolores doming. At tempor sit facilisi quis. Dolore labore clita at vero. Ipsum facilisis mazim molestie eirmod. Diam hendrerit stet zzril et dolor praesent vel nonumy at magna blandit sanctus molestie feugiat. Imperdiet nonumy ipsum hendrerit erat eos nulla sanctus clita voluptua sea at et. Erat justo dolor ad consequat et nobis clita lorem no justo et. Praesent no dolore sanctus ullamcorper sadipscing justo rebum diam ea lobortis invidunt esse blandit dolore dolor rebum. Voluptua eirmod delenit accusam labore at elitr aliquyam consetetur in sed sanctus sit et no suscipit. Sed sed nonumy ea suscipit ut delenit et diam sit duis et. Sit aliquyam facilisi duo magna ipsum in amet erat magna praesent. Feugiat rebum laoreet consetetur duo amet dolores sed sed ut consequat.\n","pageCount":1400,"excerpt":"Gubergren eum lorem sea nibh elit. Magna voluptua magna amet ad. At eirmod sit amet elitr eu elit ea feugiat lorem sit amet.\nAt ea justo wisi labore zzril est sit diam clita erat. Adipiscing vero dolores vulputate eos at consetetur sit nisl feugiat diam. Dolor lorem eum takimata et nulla consetetur autem.\nSea sit rebum magna sit lorem et dolor clita aliquyam lorem autem. Amet voluptua ut hendrerit sea dignissim duis cons
[...]
dignissim.\nVoluptua tation exerci dolore quod exerci ut justo et sit sea dolores dolore. Diam ea zzril sed diam et lorem consetetur duo accumsan accusam aliquip erat tation elit est. Nonumy consetetur dolor dolore. Dolor sadipscing et consetetur sit eos ut ipsum aliquam laoreet invidunt delenit takimata volutpat est consequat kasd tempor. Et at ut et accusam ut elitr ut ea et lorem sit facer dolore consetetur euismod euismod. Dolor id duo amet consetetur et. Commodo sed dolores eirmod nibh ut feugiat et in liber vero zzril lorem et rebum ut lobortis. Ea elitr stet ut elitr et et aliquyam sit kasd et et dolor ipsum lobortis lorem erat sed sit. Commodo dolor eos labore facilisis diam sed eirmod invidunt ea et minim ipsum ipsum. Sea magna diam duis sanctus et hendrerit rebum kasd lorem.\nPossim nihil duo sea. Et sed nonummy in dolore ut aliquyam eirmod et voluptua. Et sadipscing ipsum facilisis ea stet eos exerci voluptua no ex gubergren dolor justo. Clita ipsum stet duis sanctus eos. Vulputate justo sadipscing volutpat accusam dolor sit iriure luptatum justo sadipscing. Laoreet esse eros qui vel doming aliquyam ut. Veniam amet voluptua diam duo magna luptatum sadipscing elit ipsum nulla stet. Doming duo rebum accusam odio sit sed doming sadipscing veniam vel eros gubergren labore. Sed consetetur labore dolore et option dolor at amet takimata. Odio sed kasd rebum sed ea accusam. Diam diam sed eos sit eos no accumsan stet labore stet amet justo. Elitr nonumy nisl eum. Invidunt clita dolor amet nostrud invidunt feugait dolor. Consequat consequat aliquam amet sit gubergren luptatum sit diam amet takimata lorem.\nEirmod voluptua consectetuer ipsum augue vero magna. Sit iusto zzril zzril voluptua nulla sadipscing ut vel stet dolor aliquyam lorem diam lorem et. Lorem consetetur dolores magna gubergren sanctus ipsum ut luptatum nam nonumy. Dolore eum accusam est elitr et et labore soluta diam consetetur wisi. Hendrerit illum et invidunt ea ea blandit stet sed.\nAt invidunt sit et amet aliquyam elitr sed diam lorem aliquyam sit tation qui. Ea blandit lorem tincidunt sadipscing dolor sea accusam et clita vero. Est tempor dolor diam ipsum esse sit. Amet clita ut sit sed et accusam at veniam amet dolor justo vel aliquam. Facilisi sit sadipscing sadipscing et nulla aliquyam volutpat invidunt mazim tempor eos sed nulla. Dolor sit blandit in kasd eirmod eirmod est labore et. Dolores clita vulputate et sit invidunt sanctus aliquyam no ipsum nostrud et nulla sed justo gubergren eos clita lorem. Ipsum sed justo. In sed commodo nonumy dolores in diam et magna sit minim autem diam est magna.\n","publishDate":"2021-01-15T10:52:09.78277+00:00"}]</msg>
<status status="PASS" starttime="20210803 07:52:13.202" endtime="20210803 07:52:13.242"/>
</kw>
<kw name="Set Test Variable" library="BuiltIn">
<arg>${RESPONSE}</arg>
<doc>Makes a variable available everywhere within the scope of the current test.</doc>
<msg timestamp="20210803 07:52:13.242" level="INFO">${RESPONSE} = &lt;Response [200]&gt;</msg>
<status status="PASS" starttime="20210803 07:52:13.242" endtime="20210803 07:52:13.242"/>
</kw>
<status status="PASS" starttime="20210803 07:52:07.917" endtime="20210803 07:52:13.242"/>
</kw>
<kw name="Conferir o Status Code" library="Resources">
<arg>200</arg>
<kw name="Should Be Equal As Strings" library="BuiltIn">
<arg>${RESPONSE.status_code}</arg>
<arg>${STATUSCODE_DESEJADO}</arg>
<doc>Fails if objects are unequal after converting them to strings.</doc>
<msg timestamp="20210803 07:52:13.252" level="INFO">Argument types are:
&lt;class 'int'&gt;
&lt;type 'unicode'&gt;</msg>
<status status="PASS" starttime="20210803 07:52:13.242" endtime="20210803 07:52:13.252"/>
</kw>
<status status="PASS" starttime="20210803 07:52:13.242" endtime="20210803 07:52:13.252"/>
</kw>
<kw name="Conferir o Reason" library="Resources">
<arg>OK</arg>
<kw name="Should Be Equal As Strings" library="BuiltIn">
<arg>${RESPONSE.reason}</arg>
<arg>${REASON_DESEJADO}</arg>
<doc>Fails if objects are unequal after converting them to strings.</doc>
<status status="PASS" starttime="20210803 07:52:13.252" endtime="20210803 07:52:13.252"/>
</kw>
<status status="PASS" starttime="20210803 07:52:13.252" endtime="20210803 07:52:13.252"/>
</kw>
<kw name="Conferir se retorna uma lista com &quot;200&quot; Livros" library="Resources" sourcename="Conferir se retorna uma lista com &quot;${QTDE_LIVROS}&quot; Livros">
<kw name="Length Should Be" library="BuiltIn">
<arg>${RESPONSE.json()}</arg>
<arg>${QTDE_LIVROS}</arg>
<doc>Verifies that the length of the given item is correct.</doc>
<msg timestamp="20210803 07:52:13.262" level="INFO">Length is 200</msg>
<status status="PASS" starttime="20210803 07:52:13.252" endtime="20210803 07:52:13.262"/>
</kw>
<status status="PASS" starttime="20210803 07:52:13.252" endtime="20210803 07:52:13.262"/>
</kw>
<kw name="Fechar API" library="Resources" type="TEARDOWN">
<kw name="Delete All Sessions" library="RequestsLibrary">
<doc>Removes all the session objects</doc>
<msg timestamp="20210803 07:52:13.262" level="INFO">Deleting All Sessions</msg>
<status status="PASS" starttime="20210803 07:52:13.262" endtime="20210803 07:52:13.262"/>
</kw>
<status status="PASS" starttime="20210803 07:52:13.262" endtime="20210803 07:52:13.262"/>
</kw>
<status status="PASS" starttime="20210803 07:52:07.917" endtime="20210803 07:52:13.262"/>
</test>
<test id="s1-t2" name="Caso de Teste 02: Requisitar Livro Específico">
<kw name="Conectar API" library="Resources" type="SETUP">
<kw name="Create Session" library="RequestsLibrary">
<arg>fakeAPI</arg>
<arg>${URL_API}</arg>
<doc>Create Session: create a HTTP session to a server</doc>
<msg timestamp="20210803 07:52:13.262" level="INFO">Creating Session using : alias=fakeAPI, url=https://fakerestapi.azurewebsites.net/api/v1/, headers={},                     cookies={}, auth=None, timeout=None, proxies=None, verify=False,                     debug=0 </msg>
<status status="PASS" starttime="20210803 07:52:13.262" endtime="20210803 07:52:13.262"/>
</kw>
<status status="PASS" starttime="20210803 07:52:13.262" endtime="20210803 07:52:13.262"/>
</kw>
<kw name="Requisitar o livro &quot;15&quot;" library="Resources" sourcename="Requisitar o livro &quot;${ID_LIVRO}&quot;">
<kw name="Get Request" library="RequestsLibrary">
<var>${RESPONSE}</var>
<arg>fakeAPI</arg>
<arg>books/${ID_LIVRO}</arg>
<doc>*DEPRECATED* Please use `GET On Session` instead.</doc>
<msg timestamp="20210803 07:52:13.272" level="WARN">Keyword 'RequestsLibrary.Get Request' is deprecated. Please use `GET On Session` instead.</msg>
<msg timestamp="20210803 07:52:14.193" level="INFO">GET Request : url=https://fakerestapi.azurewebsites.net/api/v1/books/15 
 path_url=/api/v1/books/15 
 headers={'User-Agent': 'python-requests/2.26.0', 'Accept-Encoding': 'gzip, deflate', 'Accept': '*/*', 'Connection': 'keep-alive'} 
 body=None 
 </msg>
<msg timestamp="20210803 07:52:14.193" level="INFO">GET Response : url=https://fakerestapi.azurewebsites.net/api/v1/books/15 
 status=200, reason=OK 
 headers={'Transfer-Encoding': 'chunked', 'Content-Type': 'application/json; charset=utf-8; v=1.0', 'Server': 'Kestrel', 'api-supported-versions': '1.0', 'Date': 'Tue, 03 Aug 2021 10:52:13 GMT'} 
 body={"id":15,"title":"Book 15","description":"Sed eu diam ipsum eirmod dolor duo amet lorem eirmod et et at erat elitr ipsum dolore iriure. Gubergren voluptua diam lorem invidunt no. Ut et diam iriure et sit. Magna vulputate erat lorem tempor veniam rebum sea amet euismod augue lorem sanctus et duis et dolore. Magna adipiscing illum diam option erat et vulputate nulla amet sit nonumy eos option. Diam nostrud nonumy dolor duo ipsum no erat feugait. Consetetur zzril eirmod delenit clita assum et praesent at ad dolor diam ipsum dolore lorem vel et aliquam consequat. Clita tempor aliquyam no at vero labore rebum amet at aliquyam augue sit at molestie dolores erat quis. Odio eos eirmod duo stet sea aliquip amet labore te. Consequat dolores sit sadipscing. Et sit hendrerit sit esse eirmod aliquyam duo nulla autem sit dolore duo nonumy. Et gubergren labore eu kasd. Takimata eum sit kasd nihil elitr. Clita et accumsan justo kasd sadipscing vero diam et. Lorem nonumy dolor sit qui sit eirmod.\n","pageCount":1500,"excerpt":"Et et gubergren sed clita eos eirmod ea consetetur et vel amet adipiscing kasd lorem amet facilisis. Dolores labore gubergren. At rebum at vel. Tation vel consequat sit enim.\nNo justo kasd doming amet at dolor sit. Facilisis tempor sed suscipit sanctus ea eirmod rebum diam veniam consequat sit. Et dolor duis. Consetetur aliquip sea nonumy erat accusam doming vero sed dolor accusam sea ullamcorper tempor no et dolores. Ut eleifend sadipscing stet velit justo ipsum feugiat vero. Nulla amet takimata clita consetetur voluptua. Lorem feugait amet dolor duo dolore diam elitr tation. Tation kasd praesent vero tempor ipsum clita sit est sea eum et et et diam dolore. Et est voluptua lorem diam elitr. Vel qui vel dolor dolor et consetetur dolore gubergren ea diam amet diam in erat et. Ea diam clita et gubergren eos invidunt nulla no dolore tempor dignissim sanctus eos. Amet diam minim sadipscing iriure nonumy dolore sadipscing ipsum rebum labore enim diam duo ad lorem invidunt.\nTempor nulla diam nonumy invidunt ut ipsum et qui. Nostrud dolore eum et. Sit ipsum stet diam stet consectetuer ut. Sadipscing voluptua kasd eos tation no sed ut dolor sed et tincidunt molestie facilisis. Ea et consequat sit possim. Labore sed ipsum vero ut at et gubergren erat et ut takimata no nam iusto dignissim. Amet autem ipsum dolore dolore nulla at sit. Velit amet takimata dolores hendrerit no invidunt facilisi sit consetetur invidunt. Consectetuer rebum takimata aliquyam sed. Sanctus sit at quod nonumy diam labore tation wisi ipsum eirmod sadipscing.\nEos eleifend vero in illum diam ipsum sit rebum exerci qui ut diam no gubergren at wisi. Dolor eos vel elitr facilisis consetetur consequat nonumy amet. Lorem at eu autem aliquam dolore sed ea accusam imperdiet invidunt sanctus amet magna amet voluptua. Nonummy nostrud ipsum diam hendrerit tempor dolores wisi. Sit sit diam suscipit labore. Nonummy exerci consetetur. Feugiat magna ut stet.\nNihil esse nonumy aliquyam sea sadipscing lorem esse sea est sed magna invidunt labore luptatum invidunt gubergren. Diam labore et lorem clita consequat sit est iriure aliquip sed dolores iriure. Sed praesent sea rebum autem ipsum dolores amet elitr ipsum est. Lorem dolore clita. Justo eos ea accumsan vero eu sadipscing. Invidunt labore sit no amet ipsum augue nonumy dolore et dolor eros tempor elitr. Vero dolor ex voluptua dolor lorem dolore. Justo option dolor vero est quod aliquyam laoreet consetetur ut dolore sit takimata et vero. Ut dolor aliquyam eirmod vero dolor. Vero dolores sed et et nam hendrerit veniam vel dolores est. Soluta sadipscing enim et stet sed iusto dolore accusam facilisis magna. Takimata sadipscing sed elitr lorem et sanctus accusam sed elitr amet lorem id nostrud stet ut ut consetetur. Diam eirmod dolor ipsum ipsum amet sea sed. Clita eirmod ut nulla nulla dolor justo facilisis sed hendrerit nostrud clita te at aliquyam. Accusam dolor sit augue et assum. Elitr diam diam aliquyam. Enim eum lorem dolore eos ea voluptua sanctus justo et eum lorem voluptua eum. Diam consequat accusam zzril et sed gubergren dolor doming nulla vel sea euismod.\n","publishDate":"2021-07-19T10:52:14.5680541+00:00"} 
 </msg>
<msg timestamp="20210803 07:52:14.193" level="INFO">c:\users\ácido florídrico\appdata\local\programs\python\python39\lib\site-packages\urllib3\connectionpool.py:1013: InsecureRequestWarning: Unverified HTTPS request is being made to host 'fakerestapi.azurewebsites.net'. Adding certificate verification is strongly advised. See: https://urllib3.readthedocs.io/en/1.26.x/advanced-usage.html#ssl-warnings
  warnings.warn(</msg>
<msg timestamp="20210803 07:52:14.193" level="INFO">${RESPONSE} = &lt;Response [200]&gt;</msg>
<status status="PASS" starttime="20210803 07:52:13.272" endtime="20210803 07:52:14.193"/>
</kw>
<kw name="Log" library="BuiltIn">
<arg>${RESPONSE.text}</arg>
<doc>Logs the given message with the given level.</doc>
<msg timestamp="20210803 07:52:14.193" level="INFO">{"id":15,"title":"Book 15","description":"Sed eu diam ipsum eirmod dolor duo amet lorem eirmod et et at erat elitr ipsum dolore iriure. Gubergren voluptua diam lorem invidunt no. Ut et diam iriure et sit. Magna vulputate erat lorem tempor veniam rebum sea amet euismod augue lorem sanctus et duis et dolore. Magna adipiscing illum diam option erat et vulputate nulla amet sit nonumy eos option. Diam nostrud nonumy dolor duo ipsum no erat feugait. Consetetur zzril eirmod delenit clita assum et praesent at ad dolor diam ipsum dolore lorem vel et aliquam consequat. Clita tempor aliquyam no at vero labore rebum amet at aliquyam augue sit at molestie dolores erat quis. Odio eos eirmod duo stet sea aliquip amet labore te. Consequat dolores sit sadipscing. Et sit hendrerit sit esse eirmod aliquyam duo nulla autem sit dolore duo nonumy. Et gubergren labore eu kasd. Takimata eum sit kasd nihil elitr. Clita et accumsan justo kasd sadipscing vero diam et. Lorem nonumy dolor sit qui sit eirmod.\n","pageCount":1500,"excerpt":"Et et gubergren sed clita eos eirmod ea consetetur et vel amet adipiscing kasd lorem amet facilisis. Dolores labore gubergren. At rebum at vel. Tation vel consequat sit enim.\nNo justo kasd doming amet at dolor sit. Facilisis tempor sed suscipit sanctus ea eirmod rebum diam veniam consequat sit. Et dolor duis. Consetetur aliquip sea nonumy erat accusam doming vero sed dolor accusam sea ullamcorper tempor no et dolores. Ut eleifend sadipscing stet velit justo ipsum feugiat vero. Nulla amet takimata clita consetetur voluptua. Lorem feugait amet dolor duo dolore diam elitr tation. Tation kasd praesent vero tempor ipsum clita sit est sea eum et et et diam dolore. Et est voluptua lorem diam elitr. Vel qui vel dolor dolor et consetetur dolore gubergren ea diam amet diam in erat et. Ea diam clita et gubergren eos invidunt nulla no dolore tempor dignissim sanctus eos. Amet diam minim sadipscing iriure nonumy dolore sadipscing ipsum rebum labore enim diam duo ad lorem invidunt.\nTempor nulla diam nonumy invidunt ut ipsum et qui. Nostrud dolore eum et. Sit ipsum stet diam stet consectetuer ut. Sadipscing voluptua kasd eos tation no sed ut dolor sed et tincidunt molestie facilisis. Ea et consequat sit possim. Labore sed ipsum vero ut at et gubergren erat et ut takimata no nam iusto dignissim. Amet autem ipsum dolore dolore nulla at sit. Velit amet takimata dolores hendrerit no invidunt facilisi sit consetetur invidunt. Consectetuer rebum takimata aliquyam sed. Sanctus sit at quod nonumy diam labore tation wisi ipsum eirmod sadipscing.\nEos eleifend vero in illum diam ipsum sit rebum exerci qui ut diam no gubergren at wisi. Dolor eos vel elitr facilisis consetetur consequat nonumy amet. Lorem at eu autem aliquam dolore sed ea accusam imperdiet invidunt sanctus amet magna amet voluptua. Nonummy nostrud ipsum diam hendrerit tempor dolores wisi. Sit sit diam suscipit labore. Nonummy exerci consetetur. Feugiat magna ut stet.\nNihil esse nonumy aliquyam sea sadipscing lorem esse sea est sed magna invidunt labore luptatum invidunt gubergren. Diam labore et lorem clita consequat sit est iriure aliquip sed dolores iriure. Sed praesent sea rebum autem ipsum dolores amet elitr ipsum est. Lorem dolore clita. Justo eos ea accumsan vero eu sadipscing. Invidunt labore sit no amet ipsum augue nonumy dolore et dolor eros tempor elitr. Vero dolor ex voluptua dolor lorem dolore. Justo option dolor vero est quod aliquyam laoreet consetetur ut dolore sit takimata et vero. Ut dolor aliquyam eirmod vero dolor. Vero dolores sed et et nam hendrerit veniam vel dolores est. Soluta sadipscing enim et stet sed iusto dolore accusam facilisis magna. Takimata sadipscing sed elitr lorem et sanctus accusam sed elitr amet lorem id nostrud stet ut ut consetetur. Diam eirmod dolor ipsum ipsum amet sea sed. Clita eirmod ut nulla nulla dolor justo facilisis sed hendrerit nostrud clita te at aliquyam. Accusam dolor sit augue et assum. Elitr diam diam aliquyam. Enim eum lorem dolore eos ea voluptua sanctus justo et eum lorem voluptua eum. Diam consequat accusam zzril et sed gubergren dolor doming nulla vel sea euismod.\n","publishDate":"2021-07-19T10:52:14.5680541+00:00"}</msg>
<status status="PASS" starttime="20210803 07:52:14.193" endtime="20210803 07:52:14.193"/>
</kw>
<kw name="Set Test Variable" library="BuiltIn">
<arg>${RESPONSE}</arg>
<doc>Makes a variable available everywhere within the scope of the current test.</doc>
<msg timestamp="20210803 07:52:14.203" level="INFO">${RESPONSE} = &lt;Response [200]&gt;</msg>
<status status="PASS" starttime="20210803 07:52:14.193" endtime="20210803 07:52:14.203"/>
</kw>
<status status="PASS" starttime="20210803 07:52:13.272" endtime="20210803 07:52:14.203"/>
</kw>
<kw name="Conferir o Status Code" library="Resources">
<arg>200</arg>
<kw name="Should Be Equal As Strings" library="BuiltIn">
<arg>${RESPONSE.status_code}</arg>
<arg>${STATUSCODE_DESEJADO}</arg>
<doc>Fails if objects are unequal after converting them to strings.</doc>
<msg timestamp="20210803 07:52:14.203" level="INFO">Argument types are:
&lt;class 'int'&gt;
&lt;type 'unicode'&gt;</msg>
<status status="PASS" starttime="20210803 07:52:14.203" endtime="20210803 07:52:14.203"/>
</kw>
<status status="PASS" starttime="20210803 07:52:14.203" endtime="20210803 07:52:14.203"/>
</kw>
<kw name="Conferir o Reason" library="Resources">
<arg>OK</arg>
<kw name="Should Be Equal As Strings" library="BuiltIn">
<arg>${RESPONSE.reason}</arg>
<arg>${REASON_DESEJADO}</arg>
<doc>Fails if objects are unequal after converting them to strings.</doc>
<status status="PASS" starttime="20210803 07:52:14.203" endtime="20210803 07:52:14.213"/>
</kw>
<status status="PASS" starttime="20210803 07:52:14.203" endtime="20210803 07:52:14.213"/>
</kw>
<kw name="Conferir se retorna todos os dados corretos do livro &quot;15&quot;" library="Resources" sourcename="Conferir se retorna todos os dados corretos do livro &quot;${ID}&quot;">
<kw name="Log" library="BuiltIn">
<arg>${RESPONSE}</arg>
<doc>Logs the given message with the given level.</doc>
<msg timestamp="20210803 07:52:14.213" level="INFO">&lt;Response [200]&gt;</msg>
<status status="PASS" starttime="20210803 07:52:14.213" endtime="20210803 07:52:14.213"/>
</kw>
<kw name="Should Be Equal As Strings" library="BuiltIn">
<arg>15</arg>
<arg>${ID}</arg>
<doc>Fails if objects are unequal after converting them to strings.</doc>
<status status="PASS" starttime="20210803 07:52:14.213" endtime="20210803 07:52:14.213"/>
</kw>
<status status="PASS" starttime="20210803 07:52:14.213" endtime="20210803 07:52:14.213"/>
</kw>
<kw name="Fechar API" library="Resources" type="TEARDOWN">
<kw name="Delete All Sessions" library="RequestsLibrary">
<doc>Removes all the session objects</doc>
<msg timestamp="20210803 07:52:14.213" level="INFO">Deleting All Sessions</msg>
<status status="PASS" starttime="20210803 07:52:14.213" endtime="20210803 07:52:14.213"/>
</kw>
<status status="PASS" starttime="20210803 07:52:14.213" endtime="20210803 07:52:14.213"/>
</kw>
<status status="PASS" starttime="20210803 07:52:13.262" endtime="20210803 07:52:14.213"/>
</test>
<status status="PASS" starttime="20210803 07:52:07.767" endtime="20210803 07:52:14.223"/>
</suite>
<statistics>
<total>
<stat pass="2" fail="0" skip="0">All Tests</stat>
</total>
<tag>
</tag>
<suite>
<stat pass="2" fail="0" skip="0" id="s1" name="TestAPI">TestAPI</stat>
</suite>
</statistics>
<errors>
<msg timestamp="20210803 07:52:07.917" level="WARN">Keyword 'RequestsLibrary.Get Request' is deprecated. Please use `GET On Session` instead.</msg>
<msg timestamp="20210803 07:52:13.272" level="WARN">Keyword 'RequestsLibrary.Get Request' is deprecated. Please use `GET On Session` instead.</msg>
</errors>
</robot>
