<?xml version="1.0" encoding="UTF-8"?>
<robot generator="Robot 4.1 (Python 3.9.6 on win32)" generated="20210802 14:12:34.894" rpa="false" schemaversion="2">
<suite id="s1" name="TestAPI" source="C:\Users\Ácido Florídrico\Desktop\Cursos\RobotFramework\RobotFramework_estudo\section6\Tests\TestAPI.robot">
<test id="s1-t1" name="Caso de Teste 01: Listar todos os livros">
<kw name="Conectar API" library="Resources" type="SETUP">
<kw name="Create Session" library="RequestsLibrary">
<arg>fakeAPI</arg>
<arg>${URL_API}</arg>
<doc>Create Session: create a HTTP session to a server</doc>
<msg timestamp="20210802 14:12:35.043" level="INFO">Creating Session using : alias=fakeAPI, url=https://fakerestapi.azurewebsites.net/api/v1/, headers={},                     cookies={}, auth=None, timeout=None, proxies=None, verify=False,                     debug=0 </msg>
<status status="PASS" starttime="20210802 14:12:35.042" endtime="20210802 14:12:35.043"/>
</kw>
<status status="PASS" starttime="20210802 14:12:35.042" endtime="20210802 14:12:35.043"/>
</kw>
<kw name="Requisitar Todos os livros" library="Resources">
<kw name="Get Request" library="RequestsLibrary">
<var>${RESPONSE}</var>
<arg>fakeAPI</arg>
<arg>Books</arg>
<doc>*DEPRECATED* Please use `GET On Session` instead.</doc>
<msg timestamp="20210802 14:12:35.044" level="WARN">Keyword 'RequestsLibrary.Get Request' is deprecated. Please use `GET On Session` instead.</msg>
<msg timestamp="20210802 14:12:37.872" level="INFO">GET Request : url=https://fakerestapi.azurewebsites.net/api/v1/Books 
 path_url=/api/v1/Books 
 headers={'User-Agent': 'python-requests/2.26.0', 'Accept-Encoding': 'gzip, deflate', 'Accept': '*/*', 'Connection': 'keep-alive'} 
 body=None 
 </msg>
<msg timestamp="20210802 14:12:37.873" level="INFO">GET Response : url=https://fakerestapi.azurewebsites.net/api/v1/Books 
 status=200, reason=OK 
 headers={'Transfer-Encoding': 'chunked', 'Content-Type': 'application/json; charset=utf-8; v=1.0', 'Server': 'Kestrel', 'api-supported-versions': '1.0', 'Date': 'Mon, 02 Aug 2021 17:12:35 GMT'} 
 body=[{"id":1,"title":"Book 1","description":"In erat diam. Consequat rebum sit aliquyam. Tempor lorem rebum et diam amet. Kasd dolor ut hendrerit sed hendrerit elitr facilisi illum voluptua. Sadipscing gubergren dolor no nulla clita aliquyam ipsum eu no lorem. Lorem lorem tempor est delenit enim. Lorem lorem consetetur id dolore clita diam lorem. Odio sed vulputate sed diam accusam. Ipsum nonumy elitr. Ut stet vero eos at odio vulputate. Magna justo dolor kasd dolore takimata aliquyam volutpat et diam aliquyam aliquyam dolor sanctus. Doming clita vel at at aliquyam at dolore voluptua sanctus. Eos et elitr at ipsum eos eros eum nonumy et consequat nonumy delenit. Lorem magna amet nonumy dolore consetetur elitr gubergren dolore at accumsan consequat dolore voluptua sit ad eirmod est est. Stet iusto dolore consetetur nulla ut sed et aliquyam elitr erat vero sit. Magna et invidunt accumsan dolore sit clita adipiscing. Clita labore et autem aliquyam eos vulputate lorem kasd ea amet sit elitr ea.\n","pageCount":100,"excerpt":"Ipsum accumsan tincidunt erat clita eos et tempor duo veniam lorem magna. Stet consequat eirmod nonumy erat dolore. Velit dolor eos ipsum molestie sadipscing diam et sit. Velit consetetur takimata kasd lorem invidunt rebum no eos gubergren sea erat vero consequat autem est. Molestie esse ut kasd sed voluptua. Gubergren sed amet amet zzril augue duo labore duis aliquyam voluptua nonumy iriure dolore takimata aliquyam ipsum. Erat enim eirmod volutpat rebum vero eos amet diam duis feugiat sadipscing amet. Lorem sed euismod kasd blandit sit et sit ipsum dolor dolores amet lorem. Amet sanctus sed amet takimata voluptua. Elitr lorem justo et diam amet erat voluptua justo sed voluptua ut blandit consectetuer justo ut. Amet iriure lorem erat labore sit lorem ut lorem tempor tation est consetetur sea et sit. Sit lorem diam et eirmod consequat nulla. Vero ipsum sea. Dolore molestie takimata sanctus erat aliquam ut tempor doming clita sed stet dolore.\nDolor vero clita et sadipscing eos elitr id vero tation. Dolore vero consequat nisl invidunt nonumy lorem dolor consetetur eirmod illum aliquyam lorem clita elitr sit ex dolore sit. Sed ut tempor est at laoreet sit eirmod sanctus in invidunt et ipsum dolore nam duis molestie sea. Et nulla labore vel in nibh eirmod. Lorem kasd eros sea et luptatum. Ea no invidunt ea et autem amet. Te eirmod stet iriure sea lorem assum diam sadipscing stet ullamcorper magna dolor. Et tincidunt et. Magna rebum et ipsum duis voluptua no sit ut eirmod aliquam dolores commodo aliquip lorem diam possim stet dolor. Clita ea vulputate. Tation iusto est tempor stet clita duis illum dolor. Labore nonumy congue lorem magna accumsan justo ut dolores at et at facilisis tempor blandit volutpat eirmod accusam. Et takimata kasd kasd invidunt kasd duis dolores ipsum.\nDignissim amet doming vero eirmod delenit dolores dolor. Elitr invidunt nostrud invidunt no voluptua dolor eirmod erat clita vero ea kasd diam at est praesent consetetur stet. Duis tempor magna vero et nobis. Sit esse euismod vel lorem minim consetetur et qui qui magna erat. Nonummy sea et no ad ut et voluptua sit sea nisl amet invidunt takimata stet eirmod vero in. Feugiat hendrerit magna nobis diam est diam et aliquyam. Kasd accusam in ipsum. Voluptua et est consequat dolor consectetuer clita lorem kasd odio. Veniam et et facilisi et autem nulla. Euismod sit et sanctus velit nonumy amet nulla enim. Consetetur ex dignissim amet qui eleifend dolor dolores diam duo. Diam labore velit accusam labore lorem volutpat accusam eu dolor. Est clita labore duo minim tempor tempor nulla rebum sit nostrud erat tempor. Sanctus ullamcorper stet diam facer stet kasd kasd at minim ex sanctus vel.\nDuis tempor sit lorem justo eirmod sea nonumy. Eirmod invidunt kasd et et duo et dolor dolores lorem consetetur ut diam. Ut no gubergren consetetur augue duo lorem sadipscing diam ipsum sed justo sed sed consectetuer. Vero sit duis duis accusam sed.\nUt dolor consetetur et no amet. Doming luptatum hendrerit aliquam labore magna adipiscing invidunt duis ipsum at ea sit eos dolores at laoreet. Ea wisi stet consectetuer in commodo dignissim ipsum amet elitr lorem sit sed accusam amet stet. Nonumy consetetur sanctus magna et nam vel dignissim labore. Eleifend dolore et tempor molestie est diam. Et et nonumy sit eos ea rebum amet dolores rebum exerci rebum suscipit eirmod elit rebum. Sit laoreet dolores wisi sit feugiat et exerci. Est sed vero.\n","publishDate":"2021-08-01T17:12:36.1833492+00:00"},{"id":2,"title":"Book 2","description":"Molestie exerci aliquyam enim sanctus aliquyam in kasd rebum sed diam euismod consequat tempor rebum est elitr. Justo dolore lorem illum et eos erat nonumy et. Facilisis et elitr takimata lorem at eu facilisis diam et et amet clita. Elitr et sadipscing feugait takimata soluta dolor sed amet consectetuer labore soluta invidunt erat vulputate accusam erat illum velit. Nulla gubergren aliquyam ea elitr stet et diam blandit iusto feugiat consetetur vel duis stet. Consectetuer eu eos diam est est amet sadipscing. Erat feugiat te erat ea et sed dolor. Blandit eirmod duo ipsum sit. Labore et ut kasd erat sit vero cum. Illum et kasd labore justo. Sadipscing aliquyam doming wisi accusam kasd justo mazim consequat. Dolor gubergren dolor kasd eleifend. Sadipscing et justo dolor sadipscing ex dolore tation magna odio consequat no molestie vel labore. Magna sit odio.\n","pageCount":200,"excerpt":"Eros consetetur sanctus illum nisl tation. Nonumy dolores diam takimata eos rebum est dolor. Feugiat vulputate clita ad labore sanctus dolores iriure sed invidunt et. Elitr ea amet dolore at. Doming stet et aliquyam nihil laoreet dolore ut diam iriure rebum ea dignissim lobortis. Sea no amet diam et vero no no. Consectetuer eum imperdiet sea option.\nDolor dolore eos. Eos et ut at. Vero takimata ipsum dolor amet sit et diam ea ipsum amet stet magna amet sadipscing. Rebum tempor stet diam euismod enim quis sanctus sed dolor ipsum exerci et. Tempor amet aliquyam duis stet stet amet magna nonummy. Lorem vel duo elitr consetetur. Dolor dolor dolore voluptua. Tempor possim et labore aliquip stet vel feugait sit sit nonumy eirmod. Sed et at ut. Ut justo sit facilisi aliquip invidunt at at takimata lorem. Invidunt diam dolore.\nDolores consetetur dolor sed. Labore et est erat. Et gubergren consequat magna. Facilisis tation sed. Lorem dolor sit elit eirmod. Feugiat delenit kasd accusam lorem est magna no eirmod nulla at quod. Amet sed vero. Imperdiet illum consequat ut sadipscing amet clita et ad ea nonumy. Facilisi consetetur sea consetetur elitr. Doming dolore vero amet zzril at duis stet amet invidunt ut amet vel nostrud tempor. Velit consetetur vulputate consequat diam ea dolore et aliquyam magna dolore elitr sadipscing elitr elitr justo dolore clita. Dolores possim lorem rebum odio esse consetetur sea duo at voluptua ipsum. At invidunt diam duo augue kasd lobortis eos duo gubergren magna no et et lorem vero eirmod takimata. Et dolores lorem sea nam voluptua ut amet tempor amet euismod nonumy sed duis consequat tempor. Duis magna dolore sanctus elitr consetetur erat diam vero invidunt facilisis. Sea et kasd clita et vel duo illum no ipsum duis est tation erat vel sadipscing sit. Imperdiet sed ea sed sed erat no blandit amet elitr invidunt vel stet.\nIpsum sadipscing labore ut est stet ex et et dolores voluptua dolor ut elitr vero. Liber sanctus magna aliquyam ut euismod vero sit diam est eos nobis no no stet kasd. Dolores nibh elit et erat sit sanctus elitr est eu dolore et et ut nostrud amet elit dolore. Quis diam eirmod facilisi vulputate et invidunt eos dolor tempor nonumy. Lorem amet at diam eirmod invidunt. Duo tempor dolor sea et nonumy aliquip aliquyam sanctus qui ipsum. Lorem et no sadipscing lorem ipsum laoreet kasd luptatum rebum et sanctus takimata facilisi et diam quod. Eos suscipit invidunt sea enim voluptua rebum accusam dolore ea eum. No lorem vulputate stet.\nVel eos lorem. Ea lorem eirmod est eirmod in elitr nulla facilisis. Aliquyam feugait adipiscing lorem cum amet duo et eirmod et tempor facilisis rebum takimata at invidunt et at. Duo voluptua laoreet lorem ut sea amet sit amet dolor. Et adipiscing sadipscing. Aliquyam et nulla clita at et blandit justo vero vel molestie duo nonumy amet et no. Ipsum feugiat augue sit. Diam sea consectetuer et dolor vel kasd est sea dolor sea. Doming mazim consetetur. Velit takimata sit sea sed sadipscing rebum sit vulputate invidunt stet diam ea eos mazim sanctus ea.\n","publishDate":"2021-07-31T17:12:36.1834494+00:00"},{"id":3,"title":"Book 3","description":"Elit tempor dolore. Stet et kasd iriure et vel. Eirmod sit aliquyam ut et sit lorem eu. Sed dolor sadipscing dolor takimata dolores et lorem diam ullamcorper in ut magna. Amet sit nonumy autem sea sit gubergren possim sea eos aliquyam ad sanctus in dolor sed elitr dolores. Et vero et esse et dolore dolore. Eu delenit lorem luptatum labore accusam ut gubergren kasd et. Consetetur sit gubergren no veniam ad diam takimata quis sit justo duo autem. Sanctus ipsum sit augue et elitr ut dolor et ea eirmod elitr nonumy sit option est in dolor. Enim eum luptatum sit et sanctus illum stet consetetur ea dolor diam eos ipsum sit esse. Velit at clita ea stet rebum consequat ut sea ipsum. Tempor takimata at est nobis autem dolor molestie in lobortis. Aliquyam dolores velit augue magna duo diam gubergren laoreet. Ea diam aliquyam justo. Justo et lorem ipsum facilisi ea dolore dolor et dolores duo vero. Est lorem vel vero nulla consequat illum ea. Dolore sea dolore duo labore et adipiscing.\n","pageCount":300,"excerpt":"Dolor ipsum duo vero est sanctus rebum ea sit sed sit erat sed. Iriure esse invidunt nulla et consetetur et dolore esse voluptua sed kasd est at. Eos amet et eu ut diam invidunt illum invidunt diam facer sed et no lobortis. Vel ipsum id dolores kasd ipsum ullamcorper consequat praesent lorem. Gubergren hendrerit elitr clita lorem amet. Amet d... (set the log level to DEBUG or TRACE to see the full content) 
 </msg>
<msg timestamp="20210802 14:12:37.874" level="INFO">c:\users\ácido florídrico\appdata\local\programs\python\python39\lib\site-packages\urllib3\connectionpool.py:1013: InsecureRequestWarning: Unverified HTTPS request is being made to host 'fakerestapi.azurewebsites.net'. Adding certificate verification is strongly advised. See: https://urllib3.readthedocs.io/en/1.26.x/advanced-usage.html#ssl-warnings
  warnings.warn(</msg>
<msg timestamp="20210802 14:12:37.874" level="INFO">${RESPONSE} = &lt;Response [200]&gt;</msg>
<status status="PASS" starttime="20210802 14:12:35.044" endtime="20210802 14:12:37.874"/>
</kw>
<kw name="Log" library="BuiltIn">
<arg>${RESPONSE.text}</arg>
<doc>Logs the given message with the given level.</doc>
<msg timestamp="20210802 14:12:37.884" level="INFO">[{"id":1,"title":"Book 1","description":"In erat diam. Consequat rebum sit aliquyam. Tempor lorem rebum et diam amet. Kasd dolor ut hendrerit sed hendrerit elitr facilisi illum voluptua. Sadipscing gubergren dolor no nulla clita aliquyam ipsum eu no lorem. Lorem lorem tempor est delenit enim. Lorem lorem consetetur id dolore clita diam lorem. Odio sed vulputate sed diam accusam. Ipsum nonumy elitr. Ut stet vero eos at odio vulputate. Magna justo dolor kasd dolore takimata aliquyam volutpat et diam aliquyam aliquyam dolor sanctus. Doming clita vel at at aliquyam at dolore voluptua sanctus. Eos et elitr at ipsum eos eros eum nonumy et consequat nonumy delenit. Lorem magna amet nonumy dolore consetetur elitr gubergren dolore at accumsan consequat dolore voluptua sit ad eirmod est est. Stet iusto dolore consetetur nulla ut sed et aliquyam elitr erat vero sit. Magna et invidunt accumsan dolore sit clita adipiscing. Clita labore et autem aliquyam eos vulputate lorem kasd ea amet sit elitr ea.\n","pageCount":100,"excerpt":"Ipsum accumsan tincidunt erat clita eos et tempor duo veniam lorem magna. Stet consequat eirmod nonumy erat dolore. Velit dolor eos ipsum molestie sadipscing diam et sit. Velit consetetur takimata kasd lorem invidunt rebum no eos gubergren sea erat vero consequat autem est. Molestie esse ut kasd sed voluptua. Gubergren sed amet amet zzril augue duo labore duis aliquyam voluptua nonumy iriure dolore takimata aliquyam ipsum. Erat enim eirmod volutpat rebum vero eos amet diam duis feugiat sadipscing amet. Lorem sed euismod kasd blandit sit et sit ipsum dolor dolores amet lorem. Amet sanctus sed amet takimata voluptua. Elitr lorem justo et diam amet erat voluptua justo sed voluptua ut blandit consectetuer justo ut. Amet iriure lorem erat labore sit lorem ut lorem tempor tation est consetetur sea et sit. Sit lorem diam et eirmod consequat nulla. Vero ipsum sea. Dolore molestie takimata sanctus erat aliquam ut tempor doming clita sed stet dolore.\nDolor vero clita et sadipscing eos elitr id vero tation. Dolore vero consequat nisl invidunt nonumy lorem dolor consetetur eirmod illum aliquyam lorem clita elitr sit ex dolore sit. Sed ut tempor est at laoreet sit eirmod sanctus in invidunt et ipsum dolore nam duis molestie sea. Et nulla labore vel in nibh eirmod. Lorem kasd eros sea et luptatum. Ea no invidunt ea et autem amet. Te eirmod stet iriure sea lorem assum diam sadipscing stet ullamcorper magna dolor. Et tincidunt et. Magna rebum et ipsum duis voluptua no sit ut eirmod aliquam dolores commodo aliquip lorem diam possim stet dolor. Clita ea vulputate. Tation iusto est tempor stet clita duis illum dolor. Labore nonumy congue lorem magna accumsan justo ut dolores at et at facilisis tempor blandit volutpat eirmod accusam. Et takimata kasd kasd invidunt kasd duis dolores ipsum.\nDignissim amet doming vero eirmod delenit dolores dolor. Elitr invidunt nostrud invidunt no voluptua dolor eirmod erat clita vero ea kasd diam at est praesent consetetur stet. Duis tempor magna vero et nobis. Sit esse euismod vel lorem minim consetetur et qui qui magna erat. Nonummy sea et no ad ut et voluptua sit sea nisl amet invidunt takimata stet eirmod vero in. Feugiat hendrerit magna nobis diam est diam et aliquyam. Kasd accusam in ipsum. Voluptua et est consequat dolor consectetuer clita lorem kasd odio. Veniam et et facilisi et autem nulla. Euismod sit et sanctus velit nonumy amet nulla enim. Consetetur ex dignissim amet qui eleifend dolor dolores diam duo. Diam labore velit accusam labore lorem volutpat accusam eu dolor. Est clita labore duo minim tempor tempor nulla rebum sit nostrud erat tempor. Sanctus ullamcorper stet diam facer stet kasd kasd at minim ex sanctus vel.\nDuis tempor sit lorem justo eirmod sea nonumy. Eirmod invidunt kasd et et duo et dolor dolores lorem consetetur ut diam. Ut no gubergren consetetur augue duo lorem sadipscing diam ipsum sed justo sed sed consectetuer. Vero sit duis duis accusam sed.\nUt dolor consetetur et no amet. Doming luptatum hendrerit aliquam labore magna adipiscing invidunt duis ipsum at ea sit eos dolores at laoreet. Ea wisi stet consectetuer in commodo dignissim ipsum amet elitr lorem sit sed accusam amet stet. Nonumy consetetur sanctus magna et nam vel dignissim labore. Eleifend dolore et tempor molestie est diam. Et et nonumy sit eos ea rebum amet dolores rebum exerci rebum suscipit eirmod elit rebum. Sit laoreet dolores wisi sit feugiat et exerci. Est sed vero.\n","publishDate":"2021-08-01T17:12:36.1833492+00:00"},{"id":2,"title":"Book 2","description":"Molestie exerci aliquyam enim sanctus aliquyam in kasd rebum sed diam euismod consequat tempor rebum est elitr. Justo dolore lorem illum et eos erat nonumy et. Facilisis et elitr takimata lorem at eu facilisis diam et et amet clita. Elitr et sadipscing feugait takimata soluta dolor sed amet consectetuer labore soluta invidunt erat vulputate accusam erat illum velit. Nulla gubergren aliquyam ea elitr stet et diam blandit iusto feugiat consetetur vel duis stet. Consectetuer eu eos diam est est amet sadipscing. Erat feugiat te erat ea et sed dolor. Blandit eirmod duo ipsum sit. Labore et ut kasd erat sit vero cum. Illum et kasd labore justo. Sadipscing aliquyam doming wisi accusam kasd justo mazim consequat. Dolor gubergren dolor kasd eleifend. Sadipscing et justo dolor sadipscing ex dolore tation magna odio consequat no molestie vel labore. Magna sit odio.\n","pageCount":200,"excerpt":"Eros consetetur sanctus illum nisl tation. Nonumy dolores diam takimata eos rebum est dolor. Feugiat vulputate clita ad labore sanctus dolores iriure sed invidunt et. Elitr ea amet dolore at. Doming stet et aliquyam nihil laoreet dolore ut diam iriure rebum ea dignissim lobortis. Sea no amet diam et vero no no. Consectetuer eum imperdiet sea option.\nDolor dolore eos. Eos et ut at. Vero takimata ipsum dolor amet sit et diam ea ipsum amet stet magna amet sadipscing. Rebum tempor stet diam euismod enim quis sanctus sed dolor ipsum exerci et. Tempor amet aliquyam duis stet stet amet magna nonummy. Lorem vel duo elitr consetetur. Dolor dolor dolore voluptua. Tempor possim et labore aliquip stet vel feugait sit sit nonumy eirmod. Sed et at ut. Ut justo sit facilisi aliquip invidunt at at takimata lorem. Invidunt diam dolore.\nDolores consetetur dolor sed. Labore et est erat. Et gubergren consequat magna. Facilisis tation sed. Lorem dolor sit elit eirmod. Feugiat delenit kasd accusam lorem est magna no eirmod nulla at quod. Amet sed vero. Imperdiet illum consequat ut sadipscing amet clita et ad ea nonumy. Facilisi consetetur sea consetetur elitr. Doming dolore vero amet zzril at duis stet amet invidunt ut amet vel nostrud tempor. Velit consetetur vulputate consequat diam ea dolore et aliquyam magna dolore elitr sadipscing elitr elitr justo dolore clita. Dolores possim lorem rebum odio esse consetetur sea duo at voluptua ipsum. At invidunt diam duo augue kasd lobortis eos duo gubergren magna no et et lorem vero eirmod takimata. Et dolores lorem sea nam voluptua ut amet tempor amet euismod nonumy sed duis consequat tempor. Duis magna dolore sanctus elitr consetetur erat diam vero invidunt facilisis. Sea et kasd clita et vel duo illum no ipsum duis est tation erat vel sadipscing sit. Imperdiet sed ea sed sed erat no blandit amet elitr invidunt vel stet.\nIpsum sadipscing labore ut est stet ex et et dolores voluptua dolor ut elitr vero. Liber sanctus magna aliquyam ut euismod vero sit diam est eos nobis no no stet kasd. Dolores nibh elit et erat sit sanctus elitr est eu dolore et et ut nostrud amet elit dolore. Quis diam eirmod facilisi vulputate et invidunt eos dolor tempor nonumy. Lorem amet at diam eirmod invidunt. Duo tempor dolor sea et nonumy aliquip aliquyam sanctus qui ipsum. Lorem et no sadipscing lorem ipsum laoreet kasd luptatum rebum et sanctus takimata facilisi et diam quod. Eos suscipit invidunt sea enim voluptua rebum accusam dolore ea eum. No lorem vulputate stet.\nVel eos lorem. Ea lorem eirmod est eirmod in elitr nulla facilisis. Aliquyam feugait adipiscing lorem cum amet duo et eirmod et tempor facilisis rebum takimata at invidunt et at. Duo voluptua laoreet lorem ut sea amet sit amet dolor. Et adipiscing sadipscing. Aliquyam et nulla clita at et blandit justo vero vel molestie duo nonumy amet et no. Ipsum feugiat augue sit. Diam sea consectetuer et dolor vel kasd est sea dolor sea. Doming mazim consetetur. Velit takimata sit sea sed sadipscing rebum sit vulputate invidunt stet diam ea eos mazim sanctus ea.\n","publishDate":"2021-07-31T17:12:36.1834494+00:00"},{"id":3,"title":"Book 3","description":"Elit tempor dolore. Stet et kasd iriure et vel. Eirmod sit aliquyam ut et sit lorem eu. Sed dolor sadipscing dolor takimata dolores et lorem diam ullamcorper in ut magna. Amet sit nonumy autem sea sit gubergren possim sea eos aliquyam ad sanctus in dolor sed elitr dolores. Et vero et esse et dolore dolore. Eu delenit lorem luptatum labore accusam ut gubergren kasd et. Consetetur sit gubergren no veniam ad diam takimata quis sit justo duo autem. Sanctus ipsum sit augue et elitr ut dolor et ea eirmod elitr nonumy sit option est in dolor. Enim eum luptatum sit et sanctus illum stet consetetur ea dolor diam eos ipsum sit esse. Velit at clita ea stet rebum consequat ut sea ipsum. Tempor takimata at est nobis autem dolor molestie in lobortis. Aliquyam dolores velit augue magna duo diam gubergren laoreet. Ea diam aliquyam justo. Justo et lorem ipsum facilisi ea dolore dolor et dolores duo vero. Est lorem vel vero nulla consequat illum ea. Dolore sea dolore duo labore et adipiscing.\n","pageCount":300,"excerpt":"Dolor ipsum duo vero est sanctus rebum ea sit sed sit erat sed. Iriure esse invidunt nulla et consetetur et dolore esse voluptua sed kasd est at. Eos amet et eu ut diam invidunt illum invidunt diam facer sed et no lobortis. Vel ipsum id dolores kasd ipsum ullamcorper consequat praesent lorem. Gubergren hendrerit elitr clita lorem amet. Amet dolores tempor clita.\nEsse elitr no magna sea dolore ipsum. Elit magna at erat sadipscing nibh laoreet ipsum ipsum takimata et diam at lorem ut ipsum elitr. Clita erat veniam magna justo praesent diam. Diam tempor ipsum lorem dolor no vero. Feugiat stet sea facilisi erat. Kasd lorem aliquyam eirmod no ut ut enim sadipscing at. Ad in rebum odio laoreet diam nulla. Dolores stet tempor velit gubergren dolor. Sed amet labore magna rebum ea ut tempor at ut consetetur sit takimata consetetur nonummy dolore ullamcorper rebum. Et sadipscing eirmod duis ipsum at et eos lorem ut ea nulla nulla diam invidunt dolore iriure nibh. Et at labore dignissim illum invidunt vero justo eirmod qui ipsum nihil quis magna sed. Eos nonumy erat justo nibh diam sit magna.\nLorem ea diam diam suscipit et sit ut quis kasd elitr luptatum in kasd. Dolore sit qui dignissim erat hendrerit placerat et. Vel facilisi voluptua amet accusam dolor justo dolore dolores aliquyam. Magna imperdiet et at lorem sanctus ipsum illum sea dignissim laoreet sit kasd hendrerit. Te amet no veniam consetetur lorem sit takimata consequat sit ut nonumy nulla. Tempor et magna sit wisi rebum et est kasd et erat placerat blandit ea et takimata. Amet duo et lobortis sadipscing sed sanctus sit sed et sadipscing. Aliquam wisi et nulla stet sanctus dolor nibh ut. Quod clita invidunt takimata. Eirmod sed praesent sit dolor lorem ipsum.\nVero duis at magna vero veniam sit labore vero. Duo cum sea justo rebum vel odio consectetuer sanctus accusam sit accumsan vero duo voluptua tempor kasd. Ipsum facilisis sed dolores et lorem. Consetetur feugiat eos eros elitr justo et elitr magna sed in. Amet autem et justo enim. Clita aliquyam sanctus dolores. Ea nonummy accusam at hendrerit amet ut dolore invidunt nonummy diam. Dolor labore magna dolor exerci enim autem. Nulla diam est at amet molestie. Takimata quis dolor vulputate rebum vero dolores sanctus justo dolor rebum hendrerit dolor magna dolores invidunt sed elitr eos. Hendrerit eleifend at dolor erat elitr laoreet lorem ut enim labore illum duis accusam dolore voluptua lorem.\nEt clita feugiat dolore sed consetetur ipsum erat accusam est sea. Accusam at eirmod takimata iriure et sed nihil justo sed eirmod adipiscing diam gubergren ut ut lorem elitr dolor. No sit amet ut facilisis stet voluptua dolor justo takimata. Et et consequat consetetur te dolore diam sed magna sed facilisis lorem liber ipsum dolore consetetur ut sadipscing et. At sed eum ad aliquyam ipsum nulla sit sanctus hendrerit erat exerci gubergren invidunt. Sanctus tempor vel lorem. Ut ipsum elitr ex dolor hendrerit enim sea vero dolore et. Dolor ipsum minim amet vero consetetur et et. Diam no takimata elit sanctus odio ipsum dolor amet minim clita ipsum dolor et et.\n","publishDate":"2021-07-30T17:12:36.1835442+00:00"},{"id":4,"title":"Book 4","description":"Et blandit aliquyam ipsum elit est nonumy duo rebum aliquyam et velit praesent velit ex clita sea. Amet sadipscing commodo eirmod volutpat duo diam ipsum sadipscing invidunt. Sit nostrud tempor sit in vel diam nulla tempor nostrud magna no ipsum justo ad invidunt. Enim ad nonumy stet accusam takimata duo kasd molestie ea dolore gubergren sea illum diam.\n","pageCount":400,"excerpt":"Id praesent est at ipsum voluptua facilisis consequat voluptua feugait sadipscing eum odio takimata dolor sadipscing erat. Et vulputate et eos stet tincidunt tempor. Lorem tincidunt sit et et ipsum et ipsum ex dolor. Ipsum invidunt elit dolore sea ea facilisi duis amet vel et erat sed kasd sit autem nonumy accumsan et.\nTempor amet rebum sadipscing augue dolor lorem dolore stet et justo gubergren eos qui erat duis diam invidunt. Dolores nonummy accusam erat quis nobis et no eros gubergren erat laoreet clita kasd sit magna. Accumsan sanctus et rebum diam laoreet aliquam velit laoreet eirmod dolore lorem eleifend et dolor ea delenit. Takimata dolor iriure no nibh elitr gubergren et dolore stet diam accusam sit et quis dolor. Sit et volutpat voluptua invidunt aliquam dolor duis kasd stet stet. Sanctus dolore diam amet diam ea eos nonumy tempor velit qui accusam doming nostrud erat nibh facer kasd et. Ut sed ut erat no tation eirmod et erat eum sit aliquam duis sit accumsan. Iriure dolor sit commodo lorem exerci erat dolores gubergren nonumy sanctus tempor sanctus.\nMinim qui eum duo ipsum iriure lorem duo ea gubergren luptatum justo duis sed. Ipsum voluptua magna amet sed lorem clita nobis dolor voluptua kasd nulla. Magna lorem et eum ipsum nulla est accusam tempor adipiscing erat accusam labore et ipsum et lorem. Cum justo facilisis labore ipsum labore odio dolor stet diam lorem euismod ipsum ipsum. Augue magna vel at stet justo sadipscing aliquyam in sea imperdiet eirmod dolor eirmod magna et. No blandit dolore ipsum est duo eu at dolor te feugiat dolores possim.\nAccusam dolor et ea magna invidunt dolore dolores nisl elitr ea duo rebum nulla. Voluptua clita sit amet stet clita ipsum amet sanctus eos molestie sea eirmod. Magna est nonumy nonummy iriure sea diam magna dolore kasd nihil quod kasd duo dolores. Aliquyam diam ad clita accusam nonumy ea. Sea sit dolor et invidunt et sit. Ipsum odio et et magna. Sed lorem vulputate consequat tempor sea dolores duo. Assum duis liber dolor lorem molestie no ipsum aliquyam et accumsan lorem dolor facer justo magna lorem est. Nonumy sea elitr ad est esse.\nNibh aliquyam tempor labore tempor suscipit diam ut duo consetetur lorem sed tempor ipsum minim sadipscing sed sadipscing. Molestie ipsum duis diam tempor et lorem duis labore invidunt labore at doming quis esse. Est lorem invidunt sanctus eirmod stet sed labore sit justo sed labore. Et dignissim sea accumsan tempor elitr eos rebum dolor. Lorem justo feugiat in. Erat vero erat illum labore clita hendrerit nulla et. Dolore qui nonumy. Augue sea no invidunt. Amet eos enim. Vero aliquam blandit.\n","publishDate":"2021-07-29T17:12:36.1836112+00:00"},{"id":5,"title":"Book 5","description":"At et rebum erat sadipscing sit et et. Aliquyam voluptua sed nonumy et. Labore rebum consetetur consetetur et sit ex. Stet ipsum zzril volutpat diam est nonumy ut. Justo sit no magna sanctus ipsum facer sed sea dolor. Lorem magna dolore aliquyam est duo eirmod erat rebum consequat sit feugait et eros sit at. Sea tempor duo aliquam elitr eos rebum et eos et dolores dolor dolor. Eum clita eu vel nostrud ullamcorper kasd cum invidunt magna vero justo amet et consetetur.\n","pageCount":500,"excerpt":"Et eos dolore lobortis magna minim ea et facilisis sadipscing sed labore vero molestie augue nulla diam rebum. Invidunt et magna ipsum et magna voluptua et congue est no vero sit gubergren at autem. Ea et ut dolore vero rebum kasd sit soluta erat nonumy suscipit. Dignissim erat sanctus sed clita gubergren labore no accusam ipsum. Eirmod voluptua tempor diam ullamcorper sit nostrud sit vero blandit sea duo sadipscing tempor nonumy. Nonumy amet sadipscing nulla. Possim dolor magna sed et erat dolores velit nostrud placerat autem et dolore ut ipsum at. Invidunt veniam stet iriure sit vero aliquyam eirmod euismod clita sit. Dolor labore duis dolores consequat tempor dolore amet lorem sea dolor et dolores iriure. Vero ut lorem justo tempor clita sea ut nonumy ea sed liber invidunt. Euismod in gubergren invidunt et et. Eirmod rebum dolor sea ipsum aliquyam dolor. Et ipsum qui dolore est vero amet placerat dolor no ipsum dolore erat accusam ipsum.\nDolore magna lorem lorem ipsum kasd justo. Et vero diam nonumy et esse sit diam lorem diam. Dolor amet adipiscing ut doming diam lorem takimata dolor ut sed consetetur iriure eleifend aliquyam. Gubergren takimata nonumy vero et veniam erat duo velit.\nAccusam sed duo vero ex dolor rebum veniam consequat ea dolor autem amet et. Dolor est elit amet dignissim magna invidunt et feugiat clita dolor elitr te molestie ea amet et. Eirmod dolor at vulputate sit. Lorem eum sea nonumy accusam sit est justo amet sed dolor et dolor vel sed. Sed justo erat diam exerci sadipscing consetetur lorem nulla vulputate magna sit sit eu magna et ut. Stet stet et sed dolor justo in lorem sed nostrud sanctus. Praesent labore at at nonumy invidunt aliquyam dolores et tincidunt nonumy labore nulla ea clita ullamcorper ut accusam ipsum. Blandit vel dolores est in dolore consequat consequat accusam sit molestie gubergren labore ut aliquyam rebum duo amet. Sanctus stet consequat. Veniam consectetuer invidunt magna dolore et ipsum takimata diam accumsan erat dolore est et ipsum eu assum lorem ipsum. Eirmod sed dolore. Takimata tempor labore sit sit consectetuer accusam lorem diam consequat dolore ea dolores quod. Facilisis dolore stet lorem vel consectetuer lorem elitr gubergren diam consequat consetetur.\nTakimata delenit diam magna nobis. Ipsum et est magna sadipscing takimata blandit. Et stet velit dignissim ea ipsum sit.\nEst ut sit feugiat justo nostrud labore accusam clita qui erat hendrerit at takimata ipsum. Lobortis diam dolore wisi duo accusam vero dignissim nulla est diam. Diam amet duis magna vel duo magna aliquyam aliquyam magna duo lorem sit diam. Dolore eos consetetur tempor. Et sea doming ea rebum erat. Iusto sit ea lorem et ipsum sit aliquyam elitr sit diam invidunt quis erat dolor nonumy duis erat. Ut ea at invidunt sed. Sed tempor aliquyam lorem praesent facilisi ex justo takimata clita vero. Sit lobortis wisi nonumy est. Soluta diam erat dolor ea rebum clita accusam sed lorem nonumy amet et vero no magna sanctus feugiat. Vero sed amet est sea eos lobortis dolor tincidunt ipsum. Zzril erat labore clita clita sit ipsum et imperdiet sanctus laoreet volutpat et ea amet no et sanctus. Labore accusam amet duo nulla et voluptua assum esse ipsum ea eos erat et amet diam amet sit kasd. No nonumy dolor sed diam no esse et diam sed ut facilisi eum elitr volutpat consetetur diam duis. Vel ipsum augue vel dolore accusam invidunt justo nonumy at erat sanctus et hendrerit amet et ipsum vero. Invidunt tempor rebum sea duis erat.\n","publishDate":"2021-07-28T17:12:36.1837022+00:00"},{"id":6,"title":"Book 6","description":"Sed suscipit ea eum. Takimata dolores aliquyam delenit sit nulla invidunt eirmod sit sit consectetuer erat vero autem amet. Ipsum clita et ipsum zzril ut takimata et dolor magna dolor sed placerat justo duo quis. Sed ut ea. Et consetetur sit nonummy consequat veniam. Consetetur diam diam et dolores. Facilisi gubergren suscipit et sadipscing tation praesent luptatum duo molestie lorem eum et odio illum. Et dolores sit. Nulla nonummy sit est kasd vero amet no eu dolor sanctus zzril est sea duis nonumy erat dolores. Magna in duo et ea minim et amet accumsan tempor wisi facilisis amet lorem rebum justo erat. Facilisi duo aliquyam. Dolores sed magna et kasd et duo lobortis et sit feugiat at et sea laoreet erat lorem vero magna. Eum sed et justo no voluptua. Sed justo sanctus amet vel erat elitr erat sadipscing vero elitr vel ad nostrud.\n","pageCount":600,"excerpt":"Sit nonumy consetetur et. Sadipscing amet praesent eu at est. Nonumy duis ut voluptua voluptua voluptua ipsum eirmod diam et gubergren kasd ullamcorper. Ut vulputate te eirmod. Nonummy dolores consetetur labore stet vel amet consequat sit. Ut gubergren eirmod diam duis accusam voluptua magna no nonummy et. Rebum quis nobis duo labore dolore facilisis congue dolor in sit et suscipit duo et. Hendrerit eum lorem voluptua sit sadipscing laoreet dolore eirmod. Consetetur kasd sit duo kasd duo sanctus eos in diam in et nulla sea eos vero magna et et. Sanctus takimata dolor ipsum accusam dolor feugait justo no nostrud vulputate lorem erat sea vero eirmod elitr amet. Commodo rebum lorem sit stet diam ipsum nonumy sanctus dolores sea eirmod sit aliquip ea. Aliquyam et ipsum sanctus et qui dolores ad vulputate sit. Liber dolor sadipscing elitr consetetur rebum ea tempor diam et sed lorem augue.\nLorem voluptua et luptatum. Accusam et iusto duo commodo illum sit feugait sed. Sit et sit placerat tempor dolore suscipit sit elitr molestie ea sit sed dolor eum. Volutpat no lorem et labore no at sea illum est sit invidunt in dolore voluptua ad erat. Et eos at labore clita magna et aliquyam erat sed ipsum rebum molestie tincidunt aliquyam amet imperdiet in. Et ipsum sit diam duo luptatum et. Accusam velit clita elitr eirmod lobortis ut duo dolor et amet sed amet. Magna tempor sadipscing wisi facilisi ipsum vero in et in. Enim tempor ut aliquyam at ipsum elitr veniam facilisi. Sanctus no et gubergren amet et sanctus voluptua. Accusam no magna lorem stet amet labore eros diam. Placerat sit nonummy tempor tempor. Dolore illum amet lorem elitr clita amet dolor zzril ut tempor illum eu lorem nisl at lorem diam nonumy. Ut et volutpat enim dolores et aliquyam invidunt no sed magna liber. Accusam invidunt eirmod dolor ipsum et lorem sadipscing magna. Lorem et ipsum accusam labore elitr sanctus sit sanctus ea vero sed nonumy ea. Sit justo elitr minim justo suscipit justo invidunt justo rebum elitr tincidunt dignissim velit at consetetur takimata ipsum. Dolores sanctus ipsum et sed.\nAliquam consetetur magna. Vero diam ut mazim tempor dolor sanctus sed sadipscing erat diam et nulla nonumy. Ipsum erat et dignissim nonummy gubergren eos. Sanctus lorem hendrerit labore rebum justo elitr consetetur diam ipsum. Tempor magna consequat rebum et velit dolore vero dolore liber at adipiscing. Diam at ipsum volutpat. Dolor ipsum lorem no molestie clita invidunt clita luptatum sit ut delenit tincidunt commodo dolor erat at et nonumy. Zzril dolore ut erat at ut voluptua clita at nisl ut ipsum et est. Aliquam zzril nonumy invidunt eirmod sanctus. Invidunt diam praesent dolore nisl vulputate. Stet et stet consequat vel et justo elitr option dolore et lorem lorem diam accumsan et gubergren nobis. Dolores aliquyam kasd eirmod elitr laoreet vero kasd ipsum voluptua velit dolor consequat in dolore no. Sed dolore kasd facilisis nostrud amet erat clita rebum amet ullamcorper. Elitr justo voluptua sed vero dolor magna erat diam luptatum dolor accusam eirmod consetetur sadipscing sed aliquyam. Rebum et iriure consetetur et. Sit quis sit sed et diam sit doming clita ipsum sed ea sit vel illum takimata diam. Ut takimata sadipscing kasd justo dolor dolor et vel justo nonummy erat at lorem est. Et aliquyam et sed accumsan aliquyam.\nDolor tempor et ipsum tempor ut accusam aliquyam autem nostrud et lorem voluptua aliquyam te euismod ipsum duo. Dolor stet elitr dolores consequat. Magna hendrerit lobortis vulputate vero. Lorem dolore eos stet magna magna ea lorem eum nisl. Nulla tempor sea stet. Nonummy at et erat sit zzril sadipscing at enim eos at duis voluptua tempor duis. Accusam in blandit lorem sit sit invidunt rebum vel gubergren nonumy et duo. Sit nulla sed nostrud eirmod sadipscing elitr eros nonumy. Erat sit consetetur zzril aliquyam ipsum takimata duo sadipscing ea molestie eum wisi dolore sed augue et voluptua. Accusam et invidunt takimata magna takimata sanctus.\nEst liber suscipit nulla enim ipsum dolore et sed aliquyam nostrud tempor est lorem. Aliquyam nonumy est et sed ullamcorper sanctus et ea consequat. Takimata at magna ea et sed dolor. Nonumy dolor gubergren sea aliquyam et sanctus et eirmod eum autem rebum aliquyam eos consetetur dolores duo nihil. Eirmod accusam ipsum et consequat est et lobortis.\n","publishDate":"2021-07-27T17:12:36.183826+00:00"},{"id":7,"title":"Book 7","description":"Magna stet vel tation accusam ea dolor erat magna. Nulla takimata ipsum lorem suscipit blandit esse sit. Nisl molestie no diam dolore sit eu eleifend lorem sanctus erat. Odio eirmod erat ipsum gubergren vulputate et duis ut amet dolor ipsum takimata rebum. Labore kasd duis sit amet qui et sea. Eu duis in luptatum elitr erat takimata stet. Ipsum justo esse. Veniam sed dolor nonumy dolor duo clita clita. Ipsum no sadipscing kasd. Euismod voluptua nonummy. Eu rebum justo elitr magna dolor dolore eirmod elitr eos iusto no. Ut ut ea feugiat elitr sed ea duo. Accusam laoreet tempor eos consequat. Lobortis accusam et possim invidunt consetetur lorem et at vel dolores id et clita dolore takimata no consequat dolore. Amet vulputate quis justo consequat sadipscing et consequat duo invidunt labore accusam eirmod justo rebum elitr. Clita justo et stet sit ipsum autem lorem. Consetetur magna facer takimata dolore facilisis kasd gubergren justo elitr et et sed stet dolor diam accusam lorem. Consectetuer ea diam dolor zzril ea diam sed at gubergren ipsum nihil accusam dolore. Euismod dolores sit et est ipsum consequat kasd magna eirmod consetetur ut sed magna.\n","pageCount":700,"excerpt":"Et dolore amet ea. Veniam et nulla dolor in vel et lobortis. Lorem odio eum diam amet stet adipiscing invidunt nibh ut aliquyam hendrerit duo ut. Iriure erat magna rebum consequat cum stet labore lorem kasd nonumy consequat sed. Eos takimata dolore facilisis duo iusto nulla est sanctus. In vero invidunt kasd ea dolor ea. Vero placerat lorem magna nonumy stet illum nulla doming labore labore kasd dolore. Diam sit nonumy invidunt lorem sit lobortis vel vero amet adipiscing.\nDolore sanctus id nonumy et voluptua aliquyam aliquyam elitr ut dolore. Ea dolores ad lorem ut dolore duo justo. Eum laoreet eirmod aliquyam ea. Rebum takimata sed autem ipsum veniam amet rebum feugait lorem sadipscing zzril erat dolores aliquyam vero eirmod. Nulla sit velit no et ea sit placerat luptatum sed et sit accusam labore ipsum dolore aliquyam in. Dolor et placerat eos luptatum justo eirmod praesent euismod soluta lorem nihil luptatum ut est sanctus magna consequat sed. Esse tation nonummy invidunt dolore sit dolor sit sea consetetur et invidunt sit eirmod diam sanctus. Nonumy ipsum autem dolores duo et dolore in accusam erat ipsum et lorem duo ut at sit et. Ea et takimata consetetur justo no ex ex ea magna dolor takimata. Tempor takimata praesent sed et magna aliquip ipsum diam sit imperdiet. Et id kasd eos stet ipsum vero ut zzril. Erat sed et tempor stet invidunt ut et. Sea dolor vero vero tempor ad nihil feugiat sit ipsum in erat consequat ipsum voluptua. Vel aliquyam rebum diam et duis gubergren lorem nonumy ut aliquam rebum delenit est id ea minim eirmod.\nLabore labore stet labore kasd zzril erat dolores dolore elitr odio adipiscing. Dolor diam dolor eos gubergren amet dolor aliquyam sed nam diam tincidunt sed. Duo erat ipsum diam feugait sadipscing diam ea ipsum ut facilisi sit feugait sea gubergren magna dolor invidunt. Lorem ut sed sed adipiscing stet ea. Dolore voluptua et et eos vero justo euismod dolor praesent nulla vero duo duo soluta. Voluptua praesent consetetur iriure et gubergren et gubergren. Sadipscing commodo luptatum amet exerci luptatum sit sed ipsum amet sadipscing. Magna magna placerat et et diam elit duo nonumy te clita et kasd consequat labore. Sit vero consetetur ut dolor lorem est tempor gubergren nostrud sea iusto consetetur invidunt dolore dolores diam molestie sed. Vero invidunt dolor sit feugait ipsum accusam ipsum. Lorem dolore invidunt consetetur gubergren accusam vero. Voluptua sadipscing est. Vel dolores quod sed vel magna doming amet facer ipsum labore amet aliquyam iriure et sed.\nJusto vulputate sed no sadipscing eos no tempor illum sanctus dolore sit ipsum te rebum. Dolor labore nonummy laoreet odio exerci et. At et tempor tempor ut amet et placerat vero ipsum nobis labore dolor sit amet enim. Voluptua tempor kasd est et at sea sit consequat diam sanctus diam no vero luptatum aliquyam. Luptatum in sanctus labore quis takimata. Stet accumsan hendrerit justo voluptua sit dolore velit kasd eirmod ea vero diam. Volutpat clita rebum stet duis. Et et takimata tempor rebum tempor takimata. Gubergren sit at duis stet nostrud dolore clita sanctus et exerci labore. Ipsum hendrerit ea nulla gubergren duo et lorem takimata diam duis eum. Consetetur eos consetetur et et. Suscipit ipsum ex takimata rebum molestie. Mazim sadipscing vero takimata. Consequat sed consetetur ea illum velit. Ea amet voluptua nonumy. Diam dolores sea molestie duis. Dolor odio sanctus vero ea lobortis et ipsum eu option elitr no dolores sanctus tempor lorem. Nisl diam et. Accusam stet voluptua ipsum amet amet.\nAt nonumy diam nonumy esse. In dolore esse in minim elit vero lorem. Consequat doming invidunt sit erat erat amet diam lorem sadipscing possim delenit et takimata congue dolore stet tempor ipsum. Est ipsum et dolores rebum zzril consectetuer in doming ut feugait. Qui kasd dolor elitr justo sed dolor eirmod. Dolore kasd veniam sit eos ipsum rebum vero lorem esse enim clita sit sed et vero lorem. Et est sed rebum id labore et labore et euismod takimata tempor nonumy et. Accusam amet dolore et eos et rebum aliquip. Et ipsum amet duis lorem et lorem sadipscing ad no aliquyam rebum. Accusam elitr iriure vero mazim justo in sea ut amet dolor lorem stet. Sed lorem stet ea aliquyam augue justo lorem vulputate autem accusam et dolores nonumy aliquyam invidunt ut. Clita dolore et liber duis lorem voluptua sadipscing ea ut ea vero rebum. Et tempor et dolor sea consetetur no tempor eos consequat. Ut esse sed nulla gubergren laoreet accusam et consetetur at. Diam duo dolor feugiat vero consectetuer magna amet vel rebum facilisis.\n","publishDate":"2021-07-26T17:12:36.1839585+00:00"},{"id":8,"title":"Book 8","description":"Nam vero nonumy dolor dolores elitr et ea amet gubergren justo diam erat autem amet consectetuer eirmod. Clita stet sed aliquyam dolor. Autem accusam eirmod consequat sed et dolores esse vel. Consetetur qui placerat assum magna nonumy tation eos eos diam exerci te cum ea lorem ex vulputate elitr. Vel consetetur amet esse. Clita diam sit et ea. Tincidunt amet dolor nulla no duo consequat duo ipsum wisi lobortis accumsan. Stet diam est nam. Takimata justo et amet accusam dolore et voluptua amet feugiat sit velit diam. Praesent dolores odio et. Et dolore eirmod erat iriure gubergren ut amet velit ipsum tempor volutpat lorem lorem. Ut gubergren facilisis consequat ipsum eirmod vero stet nibh in elit nisl diam justo blandit justo lorem illum vulputate.\n","pageCount":800,"excerpt":"Dolore nonumy facilisis kasd suscipit lorem in invidunt sanctus elitr ipsum et blandit labore consectetuer dolores. Vulputate amet accumsan dolores aliquam elitr aliquip vulputate elitr voluptua accusam. Vero et nonumy rebum dolor dolor lorem takimata vulputate stet illum eleifend esse suscipit at takimata clita esse est. Voluptua aliquam diam lorem wisi justo ea ex accusam lorem ut sed zzril adipiscing dolores. Feugait consetetur blandit. Rebum ut dolor justo erat diam nonumy justo et.\nEt dolore accusam amet sea dolore eirmod consetetur sanctus laoreet no. Consetetur ut dolore dolore facilisi eirmod aliquyam aliquyam eirmod dolor eum et adipiscing dolor magna dolore nonummy. Eu no dolore et iusto diam ea labore et amet sit nonumy consetetur sanctus voluptua ipsum. Invidunt eirmod ea amet velit amet dolor voluptua liber exerci nonummy hendrerit ut nonumy amet sea. Vero no volutpat ipsum dolor voluptua clita magna nibh feugait enim at possim. Facilisis exerci eirmod takimata in sanctus amet tempor facilisis nonumy zzril no. Dolor ea et iusto takimata et lorem nostrud duis ut consequat dolor. Id in amet aliquyam aliquyam enim dolore stet vero voluptua vel clita volutpat kasd et commodo. Laoreet duo accusam. Stet vel aliquyam duis dolor dolore eos sed rebum rebum justo ea et diam. In sed dolore. Lorem vel iusto.\nSea eirmod delenit ea eirmod nonummy at et ipsum elitr erat elitr sed sadipscing et sadipscing consetetur ipsum no. Diam invidunt dolor. Takimata ipsum diam magna. Ea labore justo ipsum erat kasd dolor amet at aliquyam ullamcorper amet elitr laoreet sed gubergren ut laoreet. Accusam est dolor blandit duis in magna ad doming sadipscing ad duis kasd et. Voluptua lorem qui at nibh ipsum accusam facilisis et sanctus gubergren quis sanctus amet ut accusam lorem enim ipsum. Eos erat diam ut sit et clita gubergren aliquyam in sed ea. Diam dolor tation erat zzril amet clita aliquip justo labore sanctus accusam ea dolores dolor. Diam takimata et aliquyam ut wisi consetetur. Invidunt dolor et odio cum duis nihil ea lorem amet lorem stet esse gubergren aliquip kasd. Duis justo vel sed vero magna vel at clita ut invidunt ea ipsum erat et vero. Tempor velit rebum dolor ea sadipscing est nonumy minim lorem justo labore aliquyam vel et clita. Diam laoreet eu et elit stet sadipscing odio elit vero duo ea. Dolore hendrerit hendrerit stet amet rebum consequat stet ex dolor. Ea nonumy dolores ipsum elitr dignissim. Kasd amet ea sadipscing. Dignissim diam diam et et aliquyam duo sit invidunt ea diam amet ut sit.\nTakimata dolores ipsum duis. Exerci eos consetetur dolor esse molestie vel erat hendrerit et magna minim justo. Possim magna diam. Justo magna kasd dolor ut magna eu et amet et aliquyam accusam autem nostrud. Et nonumy kasd delenit luptatum. Dolore sit accumsan dolor ut ut eos facilisi sed gubergren elitr sed odio.\nKasd at autem lorem clita diam dolore at amet ipsum sadipscing diam amet dolor velit. Stet elitr ex gubergren ullamcorper augue et et et tincidunt. Sit aliquyam elitr. Eu et dolore magna rebum cum sed sadipscing sed takimata vero sea eos sadipscing diam. Tempor aliquyam accusam diam nam amet in. Ipsum amet no et et lorem vulputate esse et vero lorem ipsum dolore takimata imperdiet diam. Dolores consequat at.\n","publishDate":"2021-07-25T17:12:36.1840496+00:00"},{"id":9,"title":"Book 9","description":"Elit ea velit voluptua mazim erat eos augue labore ut ex duis dolores laoreet duis te no takimata. Sit nonumy consectetuer ipsum sanctus takimata ut nisl. Eos kasd illum ipsum ipsum suscipit blandit. Dolore lorem nostrud sit est velit nonumy at sadipscing. Eos sea accusam. Dolore assum vel dolor mazim stet dolores duis labore et aliquam dolore accusam stet. Accusam takimata eu euismod lorem ipsum no takimata et duo aliquyam dolores nonummy consetetur. Magna doming takimata ipsum takimata odio.\n","pageCount":900,"excerpt":"Diam ex magna. Stet dolor amet sed diam dolore diam ipsum amet erat clita dolore stet sit invidunt. Quis takimata nonumy sea enim vero dolor at velit no aliquyam nulla. Ea sed kasd dolor sea magna at elitr et magna dolor. Aliquyam accusam diam sadipscing duis invidunt gubergren nostrud stet accusam feugiat. Sit sit nostrud nonumy feugiat nonummy sit est diam sadipscing dolore duis. Dolor ipsum sit et. Vero dolor nonummy magna sit et. At est dolores erat. Ut no erat est et amet vel duis no duo nonumy iriure dolor sit kasd no vel sed option. Sit vero no diam kasd amet feugiat consetetur eirmod stet invidunt dolores sadipscing feugait et suscipit. Dolore nibh elitr accumsan sadipscing sit tempor sit lorem dolor lorem sadipscing tempor justo et duo dolores dolore sit. Labore justo ad te dolor diam et aliquyam justo suscipit ut nobis eirmod. Sea sadipscing magna diam ipsum vero. Vero magna et justo voluptua ut.\nSanctus lorem erat takimata justo ipsum dolores diam consetetur eos vero no zzril labore wisi sed lobortis magna option. Labore sit sed eirmod. Dolor dolor odio erat voluptua clita et. Option justo diam ea vero clita duo. Luptatum no lorem quis clita sadipscing sit ad vero erat placerat magna amet est elitr sit ipsum ut nulla.\nLorem stet voluptua consetetur dolores dolores dignissim quis amet eirmod kasd et iriure dolor diam ullamcorper vero odio justo. Stet no magna stet ea. Takimata doming elitr. Zzril tempor et amet velit ullamcorper vero aliquyam lorem takimata at sed duis eirmod kasd. Ea feugait dolor minim dolor labore dolor esse autem vero.\nTakimata magna vel accusam et molestie eros stet diam sit consetetur facilisis amet justo. Stet elitr dolor aliquam kasd vel elitr clita justo amet luptatum veniam ea. Tempor dolore et et consectetuer sit et dolores consequat laoreet erat possim consequat adipiscing illum et lorem sit voluptua. In lorem amet sea dolor dolores esse et ut lobortis ipsum labore veniam tempor eos magna. Aliquyam ut sit voluptua eum sea aliquip ea rebum et dolor vero nonummy erat suscipit esse eos dolores. Accusam sea in volutpat no dolor et nulla sed sit.\nMinim ea sea amet eirmod ullamcorper elit labore nulla et zzril gubergren dolore sit eu facer et. Consetetur eros amet tation dolore. Et diam nostrud hendrerit aliquyam laoreet gubergren iusto sed sed ut sea accusam. Diam nobis erat et ipsum at sit nonummy rebum justo. Consequat wisi accusam diam amet blandit gubergren vulputate tation justo odio sed luptatum. Eos dolor magna esse no suscipit lorem ut ipsum et vero et accusam consetetur invidunt elitr. Sit et et accumsan nonummy erat accusam no ipsum amet sanctus voluptua at dolor wisi eos dignissim et ut. Sanctus in gubergren justo sed dolor. Et autem lorem labore et. Duo dolor eos nonumy takimata sit lorem praesent. Consetetur et amet justo ut nibh. Eos lorem nonumy erat sed tempor aliquyam clita facilisi dolor vel et aliquam dolor sit diam sea odio duis. Vero justo hendrerit magna labore gubergren iriure est diam sadipscing accusam accusam vero tempor nonummy. Ea amet in blandit liber autem illum eum takimata sea sit. Ullamcorper aliquyam qui takimata accusam diam justo invidunt. Suscipit lobortis ut iriure dolores kasd sit accusam. At soluta vero sanctus no. Ut sed accusam dolore dolore dolore sit stet consequat ut dolore nulla accusam illum. Eos sit takimata.\n","publishDate":"2021-07-24T17:12:36.184136+00:00"},{"id":10,"title":"Book 10","description":"Erat consetetur invidunt no et magna ut est aliquyam dolor. Te takimata takimata sea sed erat. Tempor soluta ut. Autem aliquyam nonumy autem nostrud rebum sanctus duo tation. Sanctus dolore velit diam sed facer dolor dolor nobis aliquip commodo lorem lorem gubergren rebum veniam. Consetetur sit tincidunt et kasd commodo eum dolore at invidunt praesent accusam facer vulputate. Lorem ea tempor sed nulla elitr no diam at sed amet. Erat eos lorem invidunt. Eos eos diam at magna est. Sed eirmod diam clita enim invidunt nonummy duo dolore. Veniam ut commodo gubergren ipsum vero sanctus sanctus clita.\n","pageCount":1000,"excerpt":"Accusam sadipscing iriure ut iusto sed et aliquyam tincidunt diam dolore. Vero takimata diam lorem accusam feugiat nonumy et lobortis ea lorem magna et ipsum vulputate option et invidunt vulputate. Vero vero et amet. Ad velit rebum sea erat commodo suscipit sadipscing et assum ipsum in dolor sanctus aliquyam enim minim ullamcorper nibh. Sed doming sed nonumy ipsum sed. Et eros erat sed sea option feugait ut diam clita et stet nibh iusto elitr minim. Doming sea dolore voluptua magna justo dolores et. Tempor ea takimata vel et praesent aliquip. Labore nam dolor lorem dignissim justo est justo consequat voluptua accusam nulla clita eirmod. Dolore at facilisis est sed amet justo placerat facilisis lorem. Eos consequat takimata diam amet labore invidunt accumsan lorem sadipscing duis tempor dolore no qui amet soluta et. Lorem eum sit. Facilisis dolor suscipit illum wisi ea et. Ea eirmod nulla vero nulla justo feugait duo ipsum accusam duis autem. Sed labore sea est exerci at erat eos accusam magna dolore sit dolor feugait magna. Amet facilisis ut aliquam dolores sit vel clita. Gubergren lorem dignissim sed no laoreet diam voluptua est lorem dolore lorem elit et sea dolores takimata.\nAccusam gubergren diam sit ipsum quis esse duo et in est kasd duis at delenit est tincidunt aliquip. Sit invidunt sit dolores magna dolores diam imperdiet iusto ut accusam dolore. Lorem aliquyam sed voluptua et consequat nonumy invidunt dolore aliquyam no tempor. Accusam sed diam sed clita kasd. Sanctus accumsan dolor nonumy ipsum duo no duo. Facilisi commodo nam ipsum et gubergren. Justo kasd praesent tincidunt elit enim eos feugiat. Duo sadipscing assum eirmod tempor dolore amet gubergren et et sit nisl magna et lorem. Wisi vel augue sadipscing diam accusam. Lorem amet lorem iusto magna lorem ut no.\nVel gubergren eros tempor sed dolor duis amet lorem gubergren et sadipscing diam tation consetetur sed rebum takimata iriure. Voluptua adipiscing mazim eum voluptua magna sadipscing invidunt et lorem sea lorem amet voluptua sadipscing sed vulputate diam et. Eos amet diam kasd amet autem facilisis no sit eirmod no. Duo et lorem stet sadipscing consequat velit et diam invidunt invidunt lorem sed rebum ea sed in at amet. Hendrerit diam et. Congue at in diam duo clita elitr invidunt eos stet luptatum accumsan consequat et dolor nonumy et eleifend. Aliquyam takimata enim dolor dolore labore gubergren nisl kasd. Sea diam ut vulputate dolores dolore. Justo eum aliquyam. Sed eu sadipscing dolore nonumy et sadipscing ipsum sea stet labore magna. Et aliquip justo nulla imperdiet dolores duis consequat. Labore molestie sit eu est est aliquyam ea illum consetetur lorem ea aliquip et. No eirmod labore sit lorem sanctus est clita ut feugait consequat ad ex dolores. Illum elitr ea rebum dolor tempor takimata diam invidunt. Aliquyam in feugiat dolores ut dolore sit justo takimata diam suscipit amet. Amet sit elitr nulla est aliquyam justo.\nAmet gubergren est. Sed eu eirmod takimata dolores stet sed et aliquyam magna facilisis et rebum suscipit. Nibh dolore clita sed dolore sed accusam luptatum eos sanctus delenit sed eos dolor eos. Stet sanctus nulla et et erat tincidunt et blandit rebum diam sed ipsum justo eum et. Autem at tincidunt et ad accusam. Te nibh kasd no elit et erat in illum. Sit ex wisi amet eum magna elitr dolor ipsum labore no ex vero et amet clita aliquyam. Dolore amet dolor nisl tempor est et rebum consetetur blandit iriure. Ea gubergren dolor. Takimata elitr ex nam facer feugait kasd facer stet. Euismod sadipscing dolores sea vero sed sed justo ut erat illum in no nobis takimata dolores. No at sed elitr magna illum diam. Diam et accusam vero at sed quis stet hendrerit voluptua vero lorem no sed dignissim vel nulla. Sed feugait ipsum sit sanctus rebum augue ut clita eum invidunt accumsan magna dolore tempor no labore minim. Clita et dolore iriure quis stet et dolore tempor tempor eleifend lorem facilisis. Rebum eos et id tincidunt diam takimata. Et in et magna tempor dolore kasd ut est sea voluptua. Eirmod et et. Takimata voluptua dolor ut et suscipit diam gubergren erat option kasd elitr kasd consetetur et.\nIpsum consequat sit invidunt dolor molestie diam duo diam dolor diam est stet. Exerci tempor sanctus sed lorem accumsan et diam vero quis ea sed et duo justo dolore dolores. Eu ipsum vel clita dolor no rebum in. Duis dolor vulputate et elitr facilisis. Sit duis dolore autem takimata et. Dolore elit ipsum rebum dignissim iriure kasd justo aliquyam. Sea lobortis sanctus amet vero est nisl vero kasd lorem no. Velit sed clita enim labore stet duo tempor rebum rebum takimata tempor dolor laoreet. Lorem delenit sed invidunt sit nisl. Clita augue stet voluptua no duo te aliquyam et duis ut feugiat.\n","publishDate":"2021-07-23T17:12:36.1842633+00:00"},{"id":11,"title":"Book 11","description":"Sed sadipscing dolore et consetetur. Assum vel tincidunt ea nonumy eirmod placerat tation at justo iriure sed sit rebum tation elitr ut placerat kasd. Blandit iusto euismod enim vulputate rebum amet accusam diam lorem odio amet sadipscing nulla sadipscing dolor sed tempor diam. Est option no dolore takimata amet diam takimata elitr volutpat commodo. Sed et option molestie et blandit est ea diam gubergren amet dolore sit magna diam invidunt consequat kasd. Dolore et tincidunt sed magna clita. Adipiscing dolor praesent diam lobortis veniam sadipscing clita dolore accusam duo dolore consequat aliquyam duis ut. Suscipit et iusto et. Tempor lorem invidunt. Et dolor gubergren. Ut dolor sed sea amet labore. Amet kasd aliquyam no aliquyam no sed cum nonumy esse erat consetetur voluptua. Kasd rebum sit consetetur laoreet est diam illum amet justo voluptua labore hendrerit amet erat stet amet. Blandit dolor erat justo sanctus aliquam luptatum facilisi lorem vero elitr amet diam velit magna ea vero voluptua gubergren. Elitr duo sadipscing duis. Nonumy rebum consequat diam duis hendrerit et gubergren et ipsum ea sanctus et vulputate magna sanctus. Ut nostrud ut dolore sanctus dolores rebum elitr gubergren lorem.\n","pageCount":1100,"excerpt":"Dolor kasd sea lorem tincidunt et elitr consetetur facer vulputate invidunt consequat nonumy tempor sed illum tempor lorem. Dolores iusto et quod labore odio dolores tation vero duo est vero tempor dolores amet. Ullamcorper ipsum clita sit.\nDolores sit dolores est sadipscing sadipscing nonumy dolores clita nobis eos sadipscing nonumy lorem et minim dignissim consectetuer. Labore lorem est et augue ut hendrerit nonumy nihil. Amet accumsan erat at minim assum dolores assum sed sadipscing dolore nulla augue et stet at minim tempor. No accusam et sadipscing vulputate et et molestie at enim et labore zzril sit. Consequat dolore et ut accusam et lorem at facilisis. Stet amet et molestie elitr elitr eos aliquyam dolor voluptua sit ipsum lorem erat te autem dolor dolore dolores. Duo vero gubergren duo facilisis clita est quis.\nGubergren amet molestie facilisis vel justo tincidunt diam sanctus. Augue clita invidunt stet. At aliquyam labore. Accumsan et consetetur sed eos dolore sit tempor dolore vero takimata et consetetur lobortis sit dignissim. Sed sit amet augue. Dolores blandit elitr elit dolores et est ipsum no dolore diam. Consetetur dolore erat dolore justo dolore lorem est diam est esse. Luptatum invidunt placerat eirmod. Quis ea et at. Zzril lorem kasd ut nonumy soluta sit dolore liber ipsum eirmod. Dolor et amet duo. Et sadipscing sea amet ea sadipscing voluptua nulla aliquyam nonumy invidunt nulla stet magna erat est.\nUt wisi at kasd velit dolor sit et. Stet sit et dolor. Magna sanctus vel laoreet sit diam et dolore elitr clita et dolores vulputate eirmod dolor est. Dolore rebum possim sanctus. Eirmod amet erat labore erat duis sanctus ipsum in clita vero eirmod at. Velit autem vero lorem. Voluptua et et sea dolore no duis magna. Sanctus eirmod illum dolor dolore facilisi sanctus feugait. Sadipscing stet facilisis et te ipsum ea ut ipsum te. Gubergren lorem placerat. Dolore exerci illum ea velit labore autem iriure in rebum et eum. Luptatum eum commodo magna praesent praesent adipiscing accusam voluptua iriure nihil dolore vero. Sadipscing clita invidunt ut accumsan luptatum dolores eum dolore diam erat stet magna eirmod diam consequat. Euismod erat doming invidunt invidunt. Sed qui id. Doming elitr sit et diam et est eirmod et et. Accumsan eos accusam et ut sanctus feugiat qui no velit et.\nVulputate vero amet stet. Dolore amet aliquyam sadipscing sit molestie kasd gubergren no eum voluptua facilisi assum vel stet accusam. Ipsum nobis nonumy amet ipsum praesent dolore dolor. Ipsum lorem dolor sit et mazim takimata aliquip invidunt et augue takimata et dignissim ipsum. Invidunt sed magna dolor sadipscing gubergren duo amet duo autem sadipscing et vulputate. Lobortis exerci et et accumsan sit sit. Sadipscing eirmod magna. Zzril voluptua stet et sanctus ipsum eos.\n","publishDate":"2021-07-22T17:12:36.1843537+00:00"},{"id":12,"title":"Book 12","description":"Praesent odio ut justo in consetetur eirmod vero dolor eos wisi. Stet ipsum diam sea feugait sed aliquyam accumsan sadipscing diam lorem facilisis possim voluptua lorem tempor lorem et. Sea gubergren kasd eum ipsum at kasd ipsum duis vero elitr sanctus. Stet et at dolor nobis sea ipsum kasd kasd sit vero nulla. Est cum euismod dolor diam diam eirmod rebum ad ut. Dolor invidunt zzril rebum lorem amet aliquyam facer consetetur diam aliquyam accumsan nulla sed ut dolor magna. Gubergren qui dolor luptatum clita magna labore sadipscing. Ea labore accusam feugiat dolore iusto magna magna dolores nulla diam sed voluptua ut sit sea te labore. Vel rebum ex. Et diam nulla dolor takimata duo elit et vulputate et eos sit diam. Luptatum labore duo sit gubergren iriure ipsum.\n","pageCount":1200,"excerpt":"Lorem dolor stet eirmod lorem lorem tempor in molestie ea et voluptua erat ipsum takimata. Labore ipsum consetetur justo voluptua exerci no et sit ut no. Rebum diam diam autem dolor sit lobortis. Amet nulla eu eros ut delenit. Molestie ipsum molestie et et laoreet clita diam gubergren. Molestie lobortis nonumy et soluta. Dolores sit magna tincidunt et lorem est ea. Dolore adipiscing stet consectetuer clita delenit dolor vero sadipscing dolores praesent in congue. Consetetur amet sed dolor no magna et dignissim aliquyam placerat elitr et ipsum ipsum liber ut eirmod. Et sit labore nonumy in tation diam accusam justo vero ea eum dolores. Hendrerit duo justo nulla consetetur dolore dolor eum dolor stet at. Diam dolor sed illum et ut iriure eos erat consequat wisi consequat vulputate lorem amet dignissim erat voluptua ut. Et lorem elitr dolor labore sed odio illum ipsum rebum et est ad duo et et. Tempor ut dolor liber iriure et elitr est stet ipsum lorem. Autem eros consetetur aliquip consequat est ut et volutpat diam dignissim amet ipsum mazim ut ipsum eirmod lorem. Eum sed tempor molestie diam labore.\nErat praesent sit ea ipsum ea dolor aliquam ad eos duo invidunt labore. Minim tempor feugait sanctus duis ipsum elitr accusam. Takimata diam qui erat stet labore. Dolores kasd nibh tempor. Eirmod duis dolor dolor est accusam rebum sanctus duo diam invidunt accusam et nonumy est eos minim et. Dolores vero eirmod amet dolor at ad dolore soluta sea labore facilisis hendrerit. Justo dolore justo in kasd feugiat erat amet velit eirmod dolor sanctus. Accumsan rebum nonummy augue dolor. Illum ipsum lorem eirmod et rebum dolores lorem amet vulputate elitr sanctus.\nAmet et facer duo molestie nulla sit vero ea sea eu ipsum sit gubergren at duis et dignissim. Rebum eum nulla et. Amet takimata sea. Et luptatum at duo gubergren et te diam elit delenit. Odio eu at dolores tempor voluptua. Erat sed sea magna quis. In ea esse duo at diam facilisis erat gubergren iriure dolores sea justo justo gubergren est. Sadipscing dolor erat ea est sit invidunt vero dolore sanctus elitr eirmod. Diam eirmod nulla. Diam kasd blandit quis sed gubergren dolor sadipscing eu feugait diam takimata eu diam liber. Aliquyam quod rebum iusto dolores sadipscing nisl sanctus no rebum eirmod dolor wisi. Ipsum invidunt consequat sanctus ea sadipscing amet vero tempor esse eu dolores takimata cum feugiat. Ea dolor tempor mazim est et ea accusam ut elitr nibh doming takimata feugiat sed aliquip. Sadipscing dolor accusam at blandit amet et stet ea dolor sed amet id. Clita diam takimata eum tation no est sed nonumy duo esse duis.\nLabore laoreet vero aliquyam diam tincidunt diam eos vero no ipsum. Accusam est takimata eos quis sit nulla ipsum dolor wisi in lorem voluptua eirmod rebum accusam aliquyam consectetuer minim. Ipsum sea kasd et ipsum feugiat elitr blandit eos est et sed gubergren amet eirmod takimata. Erat et eirmod dolor. Ipsum iriure praesent zzril sit erat diam diam et dolor esse rebum duo invidunt voluptua exerci volutpat. Kasd sanctus eos diam. Dolor nulla quis eos duis. Esse at sed duo dolore dolor tempor. Lobortis no eu. Et nulla eirmod exerci invidunt est molestie vero option eros lorem commodo accusam adipiscing sed dolor diam eros. Tempor nonummy ipsum dolor elitr sea feugait invidunt ipsum quis enim sea dolor possim voluptua zzril. Vulputate amet sit ea dolore amet. Sed at dolor adipiscing clita nibh vulputate justo facilisis aliquyam in vero. Et nobis aliquyam sed consequat diam nulla vero invidunt volutpat tempor ut sea ut clita takimata gubergren. Autem takimata clita ut justo accusam. Ipsum nisl soluta kasd.\nErat sadipscing et lorem sed. Labore eum sadipscing sit amet id no sanctus amet et consectetuer eos. Sit sit takimata tincidunt elitr clita et ut et minim laoreet congue nostrud rebum suscipit tempor diam. Facilisi ipsum ut sed ipsum sit voluptua no sea sed nulla dolor sanctus feugiat eleifend nulla consetetur vero dolor. Suscipit sed lorem. At nonumy diam ex justo consetetur erat stet ad dolore assum dolore stet eos. Ex velit dolor consequat vel sed sit ex gubergren ut accusam clita. Esse autem aliquam ipsum sit sanctus nulla takimata consetetur dolor amet feugait takimata sit labore ut. Dolore ullamcorper eros justo diam tempor kasd est eirmod eum duo sadipscing facilisi aliquyam autem. Stet clita consetetur. Luptatum sed ea gubergren wisi consequat dolor erat. Lorem sed nonumy duo elit takimata diam ut ipsum nostrud diam. Dolore et nisl nulla rebum suscipit vero consequat blandit duo at rebum kasd feugiat amet dolore velit adipiscing gubergren. Accumsan erat nam erat amet duo sadipscing ipsum diam dolores.\n","publishDate":"2021-07-21T17:12:36.1844798+00:00"},{"id":13,"title":"Book 13","description":"Dolor ea takimata vel soluta laoreet vulputate eu. Invidunt sit nibh gubergren feugait sit nonumy elitr lorem accusam amet sed accusam. Et qui invidunt amet ipsum clita est duis eros justo est rebum. Vero placerat dolore ut vel no diam. Voluptua sadipscing diam feugiat stet facilisis. Dolore amet tincidunt iriure stet sanctus dolores eos ut diam. Dolores wisi nisl blandit autem sit et takimata voluptua invidunt magna magna no nulla. Tempor rebum dolor volutpat stet. Eum commodo amet velit tempor takimata. At nonumy tempor iusto eirmod ea nam est magna dolor et nihil in est accumsan sea exerci takimata accusam. Dolore dolores elit hendrerit. Tempor vulputate at feugait ipsum nonumy invidunt diam amet sit quis lorem qui in sed. Sed dolore nonumy lorem nonumy dolores tincidunt amet consequat eos tempor tempor in. Feugiat sea euismod volutpat magna eros voluptua at stet lorem ipsum kasd vero velit consectetuer ut. Dolore et dolor suscipit clita duo ipsum rebum et ipsum illum vero labore. Dignissim consetetur in eu no voluptua et diam consequat.\n","pageCount":1300,"excerpt":"Duis et duis dignissim delenit consequat sit. Rebum consetetur odio ipsum vero sanctus nihil. Dolor nonumy sed mazim rebum et. Eirmod ut ipsum eirmod accusam est tempor lorem et clita ea molestie ut aliquyam kasd augue. Magna tempor duis magna. Sed odio nonumy sed esse sanctus. Labore aliquyam dolore feugiat. Accusam accusam rebum sadipscing iriure gubergren tempor sanctus consetetur in eos euismod nulla ipsum eos blandit labore vero et. Sadipscing dolor gubergren feugiat praesent et. Takimata sanctus veniam in elit gubergren. Aliquyam sit sit in dolore vulputate magna esse tincidunt ut. Iriure gubergren facilisis feugait. Accusam soluta kasd consetetur te vero lorem voluptua vero.\nLorem kasd vel ipsum ut et eirmod lorem stet dolor. Sanctus vel takimata. Nihil lorem sadipscing illum rebum takimata amet dolor et ea option aliquam accusam magna lorem. Sed euismod blandit dolores at diam et diam. Praesent elitr tempor feugait. Justo justo amet takimata eros. Kasd sed autem adipiscing eirmod clita augue ut dolore lorem justo accusam sanctus ipsum qui. Facer stet congue nostrud stet aliquyam autem lorem lorem dolor sit gubergren duis sit feugiat amet sit ut. Vero option elitr justo nonumy iusto eirmod aliquyam duo accusam feugiat nisl elitr stet nonummy kasd. Dolore exerci est.\nEt ut dolores sed elitr ea est sed sea sanctus at quis eos wisi vulputate ea dolore sadipscing. Eirmod elit consetetur. Gubergren exerci molestie labore consectetuer et clita invidunt iriure rebum aliquip veniam duis. Nulla nihil vel quis labore sea clita no ullamcorper accusam magna lorem dolor tempor labore sed amet vero. Dolore sadipscing consequat dolore nulla. Te invidunt rebum ipsum no lorem magna rebum te enim ex vel sanctus. Facilisis accusam takimata in labore lorem sed delenit duis consetetur vero et kasd ut in ad ut est. Et stet sit autem kasd sit ipsum et sed invidunt rebum et at sed et nihil et sed zzril. Dolore dolore consetetur sanctus erat sed sadipscing stet nonumy dolore stet autem duo dolor illum accusam sed exerci. Delenit consetetur aliquyam et.\nDolore gubergren zzril amet invidunt esse ut consetetur lorem takimata et et erat duis tempor ea. Sit erat lorem tincidunt. Dolor accusam stet ipsum invidunt blandit tempor labore. Ipsum tempor vero aliquyam illum et elit takimata congue sed augue sit nibh dolor dolor aliquyam. Vero esse nulla nisl ex clita hendrerit amet zzril wisi vero justo labore. In veniam et est amet commodo ut no ex at lorem nonumy congue dolor. Sit lorem sed mazim accumsan eirmod justo lorem consectetuer takimata et tation option. Diam amet invidunt exerci diam lorem sit sea feugiat lorem eos sit consectetuer ut duo rebum lobortis. Ut sadipscing eros ut molestie esse aliquyam ut magna erat tempor in dolore sadipscing no amet takimata delenit. Lorem at kasd ipsum in eros lorem ipsum. Consetetur gubergren no at veniam stet blandit velit. Sed ut nostrud lobortis eirmod clita dignissim. Tempor consetetur et voluptua dolore dolor praesent illum aliquyam illum duis sanctus option lorem. Sit aliquip tempor et dolor diam et eos rebum elitr enim vel et dignissim ea vero sanctus. Justo facilisis stet aliquyam erat magna amet no sea.\nAmet ea gubergren et est eum elitr takimata. Eos eum placerat dolor labore no. Magna lobortis amet voluptua. Elitr commodo autem te exerci. Justo tempor nonummy ea in labore illum eirmod assum vero voluptua dolor voluptua. Wisi erat sadipscing aliquam autem vulputate aliquyam dolor gubergren ipsum sea odio erat eos est justo vero. Ex et lorem voluptua justo rebum ea sit. Et vel voluptua. Ut voluptua consetetur iusto. Odio sed ea gubergren sadipscing est stet sit eirmod augue lorem voluptua sed dolore. Wisi eos elit.\n","publishDate":"2021-07-20T17:12:36.1845906+00:00"},{"id":14,"title":"Book 14","description":"Volutpat dolore vero quis vulputate dolore tation dolore. Eirmod dolor est sanctus accusam diam velit erat eos vulputate rebum iriure consetetur dolore. Consequat clita dolore sea sanctus labore iriure dolor et et nonumy elitr ut et gubergren ea sadipscing. Odio dolore commodo eirmod ut facilisis luptatum aliquyam sed dolor ipsum takimata at at amet accusam diam sea consetetur. Magna dolore sed clita dolor stet adipiscing at et clita dolor stet tempor. Sed mazim sit diam amet. Vel in sea dolor ut duo lorem ut sed sadipscing. Amet at sadipscing illum amet takimata velit at diam no. Augue lorem kasd nonumy stet dolore lorem. Iriure accusam ut. Dolor minim ut. Dolor et at praesent gubergren labore sadipscing at. Sit dolore minim voluptua. Augue aliquam et et voluptua elit stet at sadipscing. Labore gubergren lorem sed nonummy elit possim sanctus vero erat sanctus clita sed ea consequat facilisis velit elit. Dolor ut vero stet invidunt eos delenit takimata duis luptatum et et tation dolor dolore amet exerci. Aliquyam possim justo lorem at stet kasd ea elit.\n","pageCount":1400,"excerpt":"Lorem te at diam sit laoreet sadipscing et ut velit. Amet lorem vero in voluptua odio feugiat placerat et clita quod. Possim consetetur esse sit volutpat eirmod sanctus option stet dolore molestie rebum justo accumsan duo dolores adipiscing. Ipsum tempor tempor eos diam eu tempor gubergren blandit accusam vulputate nostrud magna dolor ut. Accusam ipsum et consectetuer amet kasd no duo consequat feugait sanctus sadipscing gubergren dolor. Erat assum ipsum aliquyam dolore diam eum voluptua tempor sadipscing lorem kasd aliquyam soluta amet. Sit rebum sadipscing quis eleifend et nostrud et et. Et minim takimata consequat dolore enim eirmod consequat aliquyam clita voluptua. Dolore voluptua stet te no voluptua feugait sed no autem lorem delenit consetetur duo. Ea et wisi sadipscing nonumy est lobortis sea ex imperdiet labore eum. Sadipscing takimata lorem aliquyam sea ipsum at esse ipsum sadipscing ipsum clita iriure quod ipsum eirmod liber justo. At kasd stet sea. Justo lorem consetetur nostrud eleifend eu sit eos diam ex lorem dolor amet nonumy diam. Vel sed tincidunt dolore invidunt et vel amet est lorem autem kasd ut consetetur stet. Erat stet dolore et ut vulputate est ipsum et elitr dolor justo et velit ipsum laoreet. Accumsan lorem sanctus vero lorem.\nRebum sadipscing facer sit nonumy sadipscing diam et amet amet dolor exerci euismod at amet nisl. Labore kasd magna eos ipsum amet. Lorem soluta labore dolor justo qui vero gubergren erat amet vero consectetuer invidunt lorem velit vulputate tation duo. Rebum invidunt gubergren. Sed eos aliquyam sadipscing stet lorem aliquam in est sed. Ipsum dolor et dolores liber et accusam tempor at. Tempor dolores delenit augue labore facilisis sed diam. Augue tempor amet nulla in. Dolore dolor rebum wisi nostrud accusam wisi elitr sit gubergren dolor diam in ut. Nobis nisl dolor amet amet molestie amet amet stet. Invidunt vero clita et duo ut duo aliquip dolores est nisl. Tempor lorem et dolores kasd amet eum et in no.\nSea nisl duis hendrerit dolore tempor. Facer amet duo magna. Ut nonumy aliquyam duo et et sit blandit enim ex clita dolor. Ipsum voluptua sed kasd takimata aliquyam consequat delenit clita dolores eos sit ullamcorper ex ut ut. Tincidunt diam sit rebum sed dolor laoreet no elitr kasd et amet labore dolore. Labore luptatum tincidunt voluptua labore consetetur aliquip et nonumy sit gubergren nonumy aliquyam minim sea sed. Diam elitr lorem ipsum ea eros elit voluptua facilisis et kasd voluptua sed eos vero. Magna sit justo labore consetetur justo duo lorem est invidunt eirmod ipsum. Rebum eirmod kasd enim ipsum nihil in et no ut imperdiet mazim labore dolor tempor. Sit nulla lobortis rebum quis hendrerit hendrerit ipsum. Et dolores vero takimata amet ullamcorper sed diam ipsum nulla magna sed justo elit duo lorem no sea nulla.\nTempor congue sit dolor sea facilisis justo in nonumy. Facilisis esse sanctus rebum. Et at diam ut. Erat lorem vero eu eum et. Nihil lorem te dolores dolores. Laoreet justo assum feugait et wisi sed justo sit sadipscing feugiat et et dolores. Rebum ut possim vel dolore et illum praesent dolor lorem odio tempor et ipsum dolor at. At takimata amet consetetur. Est gubergren clita aliquyam et at dolor diam facilisi et dolor ad eos sanctus consetetur sit. Vero in ipsum rebum magna sanctus voluptua sea et illum consetetur et amet erat et lorem iusto.\nSit et sadipscing vero iriure dolor no kasd dolore eum sea consetetur dolore. Et sanctus dolores. Eos consetetur eum ipsum justo diam magna tempor et nonumy diam rebum dolore rebum ipsum accusam duo erat. Et stet kasd amet eos.\n","publishDate":"2021-07-19T17:12:36.1846988+00:00"},{"id":15,"title":"Book 15","description":"Sea takimata erat et eos kasd ea consequat labore justo gubergren vulputate gubergren sanctus feugiat amet diam. Diam eirmod sed amet facilisis justo at accumsan amet ullamcorper facilisis elitr. Euismod mazim erat dolor et sed eos tempor ipsum justo sit diam. Erat eros lorem dolor dolor kasd lorem accusam erat justo sea ex amet odio feugiat consetetur. Veniam invidunt exerci sea kasd tempor gubergren invidunt lorem et consetetur takimata facilisis diam vel ipsum eum euismod et. Eum dolor in tation sadipscing magna consectetuer. Takimata tempor iusto erat nibh invidunt feugait ex et ea vulputate. Lobortis eum eos dignissim ad consequat velit sadipscing vero amet rebum et dolores dolor. Ipsum exerci ut ullamcorper ut et accusam. Erat eirmod aliquyam eleifend sed vero amet option ut sed eu et ullamcorper sed illum nonummy lorem.\n","pageCount":1500,"excerpt":"Sit dolor ullamcorper takimata consetetur et facilisis diam diam accusam magna rebum dolor takimata veniam kasd justo. Et te at dolor amet. Est justo et et wisi sit tincidunt tempor nostrud. Kasd amet dolore clita et et. Volutpat at ut eirmod. Elitr assum amet ea sit autem. Kasd nonumy est ea sit eos est eu ut eirmod amet sanctus nulla consequat stet dolor erat. Et diam et est amet stet stet at ipsum velit eirmod. Justo sadipscing ipsum lorem gubergren in accusam labore justo takimata nonummy magna clita diam duo ea veniam est eirmod. Invidunt sea consectetuer tempor dolore ipsum sea invidunt at dolores sed sed dolore sit dolor no. Erat sadipscing dolor. Facilisis hendrerit ut. Clita enim eum et eirmod. Sit te veniam est accusam.\nDuis in diam voluptua diam invidunt justo gubergren commodo feugait stet. Nibh amet sit id et ut et kasd elitr nibh vulputate feugiat gubergren amet lorem doming voluptua. Accusam tempor lorem ea dolor dolor quod sed ea aliquyam ea illum. Diam magna delenit sit eleifend esse sadipscing sit aliquyam ullamcorper et ipsum dolor. Et ullamcorper gubergren nisl dolor. Stet ut velit dolores accusam lorem dolor dolor duo consetetur id amet ipsum dolore. Ea vero no velit euismod est zzril eos et voluptua diam sit ipsum justo et ipsum est. Lorem gubergren dolore consequat vulputate eos tincidunt sit. Congue quis justo. Consetetur nostrud lorem justo accumsan sit et possim lorem et consetetur eirmod.\nSit iusto eirmod clita sea et ut. Ut eirmod ea option accusam clita gubergren gubergren sadipscing invidunt takimata sit et. Eu illum magna eos et sit. Amet eos hendrerit. Vero ut dolor rebum justo hendrerit at lorem aliquip accumsan. Et et sanctus dolore et wisi accusam. Justo amet sea sadipscing dolores ea facilisis takimata lorem praesent takimata et eos no lorem dolor. Et amet diam accusam amet consetetur kasd erat dol
[...]
ing et ea illum lorem. Kasd dolor consetetur sea assum lorem esse nonummy. Consetetur sed diam amet ad ipsum laoreet et veniam ipsum ea nulla kasd gubergren. Consetetur stet dolore duo sit no rebum. Nulla nisl duo dolores eos tempor dolore ut accusam et nonumy stet. Labore esse quis diam tincidunt elit iriure sit placerat nonumy no accusam et nam feugiat rebum ut duo. Praesent et dolores commodo at at sit amet eirmod et sanctus dolor. Elitr voluptua sed nam labore esse elitr ut sit sed volutpat ut adipiscing sanctus. Amet voluptua vero ea volutpat vel amet sed. Ipsum nonumy et dolor kasd diam sit ea accusam eum justo eirmod kasd justo at dignissim erat.\n","pageCount":19700,"excerpt":"Rebum possim consequat euismod ipsum takimata et amet lorem ipsum. Nam stet et. In amet sed vel magna eirmod dolor consequat et. Eirmod no dolore sanctus nobis elitr aliquam vel nonummy sed amet sit lorem. Dolor eos qui justo nostrud lorem invidunt illum minim nulla. Ullamcorper feugait voluptua adipiscing duo diam. Eu et ut vulputate sanctus. At stet tempor sit esse nisl eirmod consequat no nonummy rebum wisi. Sit ipsum sea ea kasd clita erat et at et quis rebum dolor. Dolores labore velit nonummy esse. Hendrerit eos sed vero dolor. Augue dolor kasd. Gubergren et amet magna erat. Nisl sed te amet ut nulla eum sit justo ut invidunt accusam sea laoreet magna at. Est accusam sed vulputate magna eu tation vero sadipscing duis et lorem ipsum vulputate. Takimata rebum dolor labore molestie diam tempor duo aliquyam at lorem placerat eos eos aliquyam est clita nisl. Ut diam sed kasd laoreet ut odio et sanctus vel sit sit sea lorem amet est. Nulla et dolores lorem ut.\nEt erat invidunt ea at tincidunt elitr ipsum dolor sed sed justo et wisi accusam. Aliquip lorem cum vero stet erat dolor sit sit eleifend diam kasd sit ut nonumy. Ut takimata et eirmod congue duo et. Justo diam magna clita rebum gubergren laoreet dolore ut dolore sed aliquam amet doming ut amet.\nFacer tation volutpat labore et et euismod stet erat dolor justo tempor doming magna lorem stet sit ipsum. Luptatum dolores assum eirmod tincidunt vero voluptua dolore stet elit tempor amet et illum sanctus. Lobortis nostrud dolore adipiscing accusam invidunt dolore nulla sed eum stet diam stet. Sed elitr diam aliquip sadipscing duis est euismod dolor sadipscing sea lorem tempor sit sea. Sed sit diam eirmod sit et diam sit sed no. Dolor eirmod amet aliquyam ipsum ut ut dolore invidunt. Diam dolore labore erat accusam amet consetetur. Gubergren eirmod dolor elitr no te consetetur veniam facilisis takimata adipiscing et amet tation kasd magna duo. Doming erat augue voluptua te sanctus ipsum sed nulla sit.\nSit elitr sea vero duis eu nam in luptatum dolor dolor vero labore takimata ut suscipit duis duo gubergren. Dolore eirmod dolor rebum labore hendrerit sed sit dolores. Invidunt eu mazim cum elitr et et at dolore. Sit ut clita at volutpat nostrud. Dolor dolor kasd kasd eirmod id et et ea nam facilisi sit sit dolores. In rebum invidunt diam dolor sea sadipscing et gubergren diam erat dolor dolores et et. Lorem eos et dolor eirmod mazim gubergren voluptua elitr stet sed vero lorem amet sadipscing labore. Id ut dolore invidunt takimata sit esse eirmod elit stet kasd. Sit dolore blandit. Et voluptua gubergren sadipscing. Sed aliquip dolor sit feugiat congue sanctus te blandit nonumy takimata et lorem eos amet elitr feugiat sit vel. Praesent magna magna facilisis. Ut sadipscing sit et amet in sit eirmod. Ea sanctus amet est magna erat ex. Elitr amet clita.\nNibh ut stet diam no lorem stet tempor dolor ullamcorper te elit luptatum invidunt sit magna eu dolores nulla. Sit gubergren stet sed consetetur lorem lorem amet magna magna amet feugait ipsum. Praesent takimata gubergren tempor nulla dolor duo ut elitr quod et est eos takimata amet. Labore sed voluptua eu lorem diam duo erat nobis takimata amet diam ea. Gubergren et sea est odio dolor est dolores eirmod stet invidunt amet dignissim consectetuer voluptua sit at diam. Gubergren et sit sea luptatum elitr nulla augue takimata laoreet. Dolor diam eu ipsum. Tempor sea amet facilisi justo ea. Dolor justo euismod dolor tempor est voluptua duo accusam in consetetur takimata et sed ipsum. Aliquip elitr consetetur dolores duis clita erat et ut laoreet vulputate elitr. Sadipscing duis eirmod dolores velit. Elit lorem diam veniam. Feugiat vel clita amet veniam nonummy zzril dolore autem magna magna dolor suscipit invidunt. Volutpat euismod enim nulla.\n","publishDate":"2021-01-17T17:12:36.22248+00:00"},{"id":198,"title":"Book 198","description":"Autem ut sed augue diam est sit sea sadipscing lorem voluptua consetetur magna gubergren ipsum dolores eum. Erat consetetur vel enim elit sit consetetur clita hendrerit tempor. No molestie eirmod et ullamcorper. Clita wisi dolore veniam amet molestie takimata. Clita dolores amet et dolores clita ipsum ad ipsum sit veniam dolor sea. Amet ipsum nulla est erat elitr vero sanctus illum. Ut volutpat clita nulla dolor option invidunt ipsum aliquyam ut placerat voluptua eirmod duis dolor sed et dolor. Vero possim ut exerci dolore aliquyam eirmod lorem congue eirmod et dolores at dolore diam sadipscing duis. Sea dolore vero sea et sadipscing et. Nihil eros magna rebum. Quis kasd et lorem labore amet gubergren et facilisi no ipsum consetetur et dolores et sed. Lorem eleifend ut erat te eirmod dignissim ea lorem erat. Ea rebum kasd nonumy takimata sanctus diam eirmod labore dolores nonumy consequat no. Et gubergren gubergren dolor ut invidunt vel enim no. Aliquyam vel et dignissim te et ea vero odio et et. Sea sadipscing et diam facer facilisis sea nonumy at sit nonummy at et lorem autem lorem feugait erat. Quod ullamcorper ipsum amet sit ut duis stet et invidunt sadipscing sadipscing labore sanctus consetetur accumsan odio vel.\n","pageCount":19800,"excerpt":"Diam et erat id sadipscing eleifend lorem lobortis labore nonumy elitr. Sed sed consequat eos accusam dolore sea eum nonumy sed erat dolor dolor. Takimata dolor consetetur et stet ipsum kasd. Augue cum feugiat et rebum. Kasd possim illum eos accusam nulla autem diam dolor. Est consetetur sed tempor tempor ea lorem at erat et invidunt ipsum ea. Nonumy invidunt consetetur et lorem doming et. Est erat consequat lorem. Accusam rebum stet et stet enim diam aliquyam feugiat takimata takimata labore sadipscing amet lorem no sit wisi. Eros accusam et ea lorem lorem labore sit nam esse vero duo tempor eirmod eros eos tation. Takimata invidunt labore erat lorem. Lorem ipsum et dolores elitr ipsum duo wisi et sed sit accumsan no. Elit suscipit diam magna eos dolor voluptua nonumy feugait labore ea amet facilisis. Ipsum eirmod ea lorem diam. Duo eos augue iriure et mazim magna erat praesent. Et sit accumsan volutpat sadipscing diam clita volutpat nonumy vulputate no eum. Et et sadipscing feugiat sed dolor et magna in eirmod et sed volutpat et diam lorem. Est luptatum dolore dolore no no facilisis.\nStet velit eirmod eum tation vero rebum voluptua. Aliquyam sea et amet aliquip dolor ea autem clita sed sanctus dolor voluptua suscipit ipsum. Et exerci ipsum tempor. Duo duis wisi lorem elitr. Nihil dolore ea sit nulla gubergren sit eu esse duo diam dolor magna et aliquam. Eum nonumy ipsum dolores facilisis adipiscing. Voluptua sanctus invidunt et tempor eu nisl est et feugiat volutpat esse et lorem rebum minim amet invidunt magna. Consequat lobortis diam dolore nonumy ea sit sed et esse vel clita ut dolor et autem. Ipsum justo sadipscing. Vel et ut delenit at nisl laoreet gubergren vulputate ut consetetur aliquam at et est aliquyam dolores aliquyam.\nLorem et nam sanctus clita sed erat erat amet te sanctus. At te consetetur lobortis takimata consetetur doming ut kasd eos clita vulputate et sanctus sit. Gubergren lorem duo ea. Dolores consequat euismod dolor placerat vero elitr ea dolore et vero dolores sadipscing. Dolor molestie vulputate rebum et autem minim kasd ut aliquyam et wisi amet ipsum sed. Sea vero et lorem sed consetetur nobis ut voluptua accusam voluptua tation vel feugiat. Consectetuer gubergren ea dolor duis ea tempor kasd in et in erat dolor duo vel kasd kasd ut. Labore nostrud veniam et ipsum facilisis kasd sea. Justo duo nonumy sit dolore facilisi nonumy takimata lorem magna tation accumsan at duis voluptua duo diam magna sanctus.\nAmet et no eleifend at lobortis iusto kasd consetetur commodo accusam sed ea sanctus ut. Qui et sed voluptua sed dolor est takimata voluptua dolor invidunt ea diam cum placerat nonummy. Elitr vero sanctus dolor vero te ut sadipscing esse molestie lorem ipsum et. Aliquyam stet vulputate in nonumy adipiscing erat esse ut amet nulla duis accusam accusam vero duis rebum. Ex eirmod ipsum voluptua dolore ipsum ipsum. Luptatum sanctus nibh kasd vulputate diam velit eum lorem nulla dolores eos hendrerit kasd elitr.\nAliquyam at ipsum labore aliquyam aliquyam vero ipsum ipsum. No dolor eirmod diam ipsum ullamcorper. Sanctus amet nulla sed voluptua est feugait eos. Sed amet autem liber diam vero diam aliquyam esse accusam nulla sed takimata consequat enim ipsum erat magna magna. Vero vulputate lobortis justo. Labore vel et accusam duo et at dolore lorem. Eleifend dolore gubergren dolore eirmod dolores nisl labore magna gubergren quis eirmod. Id eos amet hendrerit gubergren sadipscing vero eos. Sanctus vero ea rebum. Tempor sed luptatum et duis delenit et. Nonumy diam esse euismod facilisis no justo dolores takimata sanctus dolor ut ut et. Voluptua odio diam. Dolor lorem clita lorem invidunt dolore et volutpat euismod. Dolores dolore volutpat. Dolor at esse. Quis molestie at sea sadipscing praesent elitr et lorem eirmod sed sed sed minim nisl. Et et accusam consetetur et labore sadipscing sed consequat sadipscing magna rebum ut aliquip justo erat diam vero. Tation exerci magna kasd duis facilisi.\n","publishDate":"2021-01-16T17:12:36.2225902+00:00"},{"id":199,"title":"Book 199","description":"Sed dolores consetetur. Accusam gubergren ipsum lorem stet. Feugiat soluta justo aliquyam takimata dolores. Sea assum diam est amet et dolor eos ut amet ea vero nonummy. Ipsum sed augue ut vero duo sanctus ut quis diam eleifend amet. Erat et sed sed consetetur takimata et facilisis ea takimata facilisis consequat molestie gubergren dolore. Sed rebum voluptua erat facilisis lobortis. Erat et aliquyam. Elitr lorem est sanctus ea justo clita dolor in sit diam amet ipsum. Sanctus dolor duo suscipit quis gubergren ipsum consetetur odio eu. Et labore tempor accusam ea duis. Est minim eu nulla et consequat feugait vero kasd te. Amet voluptua rebum dolor dolor rebum sed clita consetetur est voluptua accumsan magna.\n","pageCount":19900,"excerpt":"Est eirmod diam zzril sit erat labore illum placerat feugiat. Lorem augue sed et est accusam euismod dolor ut ipsum at nonumy elitr suscipit veniam. Tempor consequat est consetetur sea sit sed aliquyam est. Et dolores at et quis at magna sea velit et gubergren amet invidunt ex consetetur sea. Enim ut dolor te labore elitr at rebum. Elitr facilisis vero est sanctus elitr dolores et at justo stet quis facilisis delenit ea illum. Est facilisis duis sea iusto eos et et ea dolore diam vel sea sit sit ipsum magna rebum takimata. Ad tempor eros molestie eirmod vero no sit lorem invidunt ut wisi consequat. Vulputate nonummy diam zzril in vulputate justo aliquyam est. Feugiat zzril nonummy vulputate lorem vero.\nLabore sea te suscipit et sed. At elitr vero sed dolore rebum nonumy ipsum eos. Est sadipscing ut et est amet sea eum lorem est te illum gubergren. Clita option diam lorem ut eos erat justo dolore dolores molestie in vel ea amet gubergren. Tempor diam stet aliquyam nostrud duo odio duo et et consequat rebum lorem sed consetetur est sit lorem ea. Iusto sed sanctus stet et sea ipsum ut dolor. Ipsum lorem sit ut gubergren sed et lorem accumsan sed dignissim delenit et voluptua sed et. Et dolore enim sanctus velit vero tempor ipsum dolores stet sed est molestie dolor ut dolor. Amet erat iriure sea. Diam lorem et takimata in sit. Iusto est ipsum labore sed takimata eos placerat sed. Et sed aliquyam no. Erat ea amet nonumy nibh eos accumsan soluta amet dolores amet eirmod dolor et eu. Consetetur et ea suscipit diam duo labore duo ut vero stet facer gubergren magna eirmod. Aliquyam voluptua ad sadipscing est sanctus amet wisi lorem elitr takimata clita dolor tempor gubergren minim ipsum lorem eos. Mazim gubergren nulla erat sea vulputate diam facilisis.\nSed ipsum nonummy tempor option no autem at stet ut vero tempor. Qui eros magna ipsum justo aliquyam et eum kasd sed at aliquyam takimata eirmod molestie at clita voluptua sed. Aliquam sadipscing clita sit dolore clita lorem dignissim rebum justo ipsum erat dolores. Sed nonumy zzril at diam lorem elitr labore lorem labore vero erat lorem. Tempor sit labore aliquyam magna consetetur at eros eos voluptua justo imperdiet magna sed. Quod consetetur sed vero voluptua quis gubergren dolore nonumy et augue labore. Rebum ut nibh. Dignissim stet consetetur justo at sit diam ut dolore sed nonumy consequat elit justo suscipit. Sea quis dolore et consetetur ea sadipscing est vulputate nonumy aliquam et vero. Lorem enim labore lobortis stet laoreet rebum sea eirmod takimata ipsum invidunt. Lorem voluptua erat eum ipsum gubergren diam elitr. Amet eirmod takimata blandit sadipscing amet minim blandit ullamcorper eum et iusto eirmod tempor ex gubergren magna.\nZzril gubergren duo lorem takimata dolor. Elit ea dolor eos amet sadipscing. Adipiscing rebum vero dolor rebum ipsum dolore nisl et nulla sit stet in kasd vero ut nibh. Quod voluptua nonumy ipsum sit et. Duo no sed justo. Diam dolor doming. Nulla dolor gubergren et ea est eos et justo lorem no dolores sit aliquyam magna duo lorem. Option sed at sea stet est tempor et ut erat ut sit nulla. Dolor erat dolore ipsum sea amet dignissim sanctus ipsum est quis lobortis ea at. Facilisis sed tempor sed consequat consequat sed sea elitr sadipscing et duis sit rebum invidunt lorem hendrerit. Dolores praesent wisi eirmod ad diam kasd erat dolor sed autem est lobortis sit. Sanctus ipsum sed justo sanctus adipiscing duo takimata kasd lorem justo dolor tincidunt elitr ea feugiat vel sed. Eros no sit at amet dolore. Dolore sadipscing dolores elitr erat elitr in no elitr.\nLabore sed duis at nisl et accusam odio magna molestie. Elitr lobortis consetetur elitr ut lorem commodo ea. Consetetur ipsum ut luptatum magna amet. Praesent at kasd ipsum tempor vel sit ut soluta lorem sanctus sadipscing. Facer sit amet luptatum tempor. Eu et sed vero tempor est vel sit. Sadipscing nostrud clita consetetur kasd rebum quis nonumy. Ea illum eirmod justo ipsum. Ea amet invidunt eirmod ut dolore takimata. Stet molestie et nulla delenit diam rebum eirmod sadipscing option aliquyam. Eos et amet aliquyam takimata euismod et et velit sea ut. Vero ipsum est ea lobortis et dolore eirmod dolore dolor elitr iusto sea. Vero soluta est te justo ea volutpat et minim erat sed consetetur amet consetetur amet duo et. Vero sit ea magna kasd.\n","publishDate":"2021-01-15T17:12:36.2226964+00:00"},{"id":200,"title":"Book 200","description":"Dolor suscipit delenit sea sanctus. Tempor est consectetuer eu vero nonumy euismod sea vero dolor diam dolor ea no euismod sadipscing dolore. Takimata lorem esse consetetur dolores aliquyam nam dolor. Amet kasd suscipit vero aliquyam eos voluptua. Accusam velit voluptua clita. Dolor eos facilisis ut takimata vulputate vulputate.\n","pageCount":20000,"excerpt":"At et at magna iriure nonumy ad et justo. Praesent commodo eirmod aliquyam invidunt feugait diam tempor labore ipsum tempor consetetur duis invidunt. Feugiat takimata sanctus invidunt et dolor vero feugiat clita sed.\nSadipscing tempor et amet magna autem diam elitr facilisis et nostrud ea et ipsum dolore stet diam stet magna. Diam sed ipsum ullamcorper nonumy tempor dolor vero ipsum ipsum takimata sed sanctus in lorem et tation. Autem et sed illum nisl dolor ullamcorper zzril sit vel nonumy ipsum stet. Labore diam rebum sit ipsum lorem vero quod duo consetetur amet nostrud. Duo et lorem sadipscing eum kasd tempor gubergren est te gubergren ipsum nulla sit sed est justo eros et. Dolor eirmod imperdiet aliquam stet sanctus dolor consectetuer amet nonumy ut ea amet et ea justo vero invidunt eleifend. Ut eos dignissim. At magna et sea ea amet ipsum. No no aliquyam diam kasd imperdiet quis ut zzril amet. Suscipit wisi clita duis duis elitr aliquyam erat sea. Facilisis justo magna dolor no ea dolor amet adipiscing dolor et at gubergren takimata feugiat consectetuer aliquyam.\nSea dolor elitr erat. Wisi nulla wisi lorem ea gubergren facilisis rebum eum eum enim elitr tempor dolor. Diam aliquyam sed vero justo. Consetetur nobis et sit et et sadipscing dolore et stet zzril erat est aliquam eu et. Nibh illum invidunt clita clita erat tempor eu ut ut gubergren eirmod diam ea kasd. Odio dolor amet aliquyam at sed aliquyam dolor aliquyam rebum elitr. Voluptua diam ipsum duo magna cum amet dolor at magna sit dolore et elitr diam takimata kasd. Dolor diam sit duo ipsum dolor magna justo dolor tation sea no clita lorem consetetur labore nonumy nonumy qui. Dolor no duis duo takimata stet tempor dolore elitr magna gubergren in lorem feugiat labore commodo magna. No in lorem sadipscing erat sit et ea hendrerit magna sadipscing. Stet sit diam takimata duis elit. Eum feugiat dolore consetetur dolore et consectetuer sanctus stet stet invidunt minim amet aliquam voluptua ea eirmod. Lorem diam velit amet dolor erat vero dolor doming lorem feugait luptatum nulla in sit congue ipsum et.\nEx duo nonumy elitr lorem sed esse lobortis odio ex rebum tincidunt. Erat vero aliquyam sit ex hendrerit no esse tempor. Ea tempor duis ipsum sit sit tempor in erat dolore volutpat accumsan nonumy wisi magna dolores rebum justo. Rebum feugait et justo consequat clita et gubergren ipsum. Tempor elitr laoreet amet duis consetetur et qui et dolor gubergren. Consetetur sed at luptatum odio dolores rebum praesent consetetur. Vulputate ut et invidunt molestie elitr accusam amet ut lorem gubergren sed aliquyam esse vel labore stet diam et. Accusam duis autem facilisis eu. Sed vero sit duis at in voluptua erat at justo dolor dolor ea tempor takimata. Iriure et dolor ipsum nonumy amet consetetur aliquyam nihil sea luptatum eu tempor sit dolore quis. Eos diam dolore sit.\nErat amet rebum sanctus sea nobis duis augue iriure lorem zzril praesent amet dolor gubergren rebum sed te diam. Eos consetetur sit erat eirmod labore et qui kasd doming elitr diam invidunt elitr rebum erat amet erat. Elitr sed sadipscing dolor justo nostrud no. At ipsum ut amet tempor elitr at iriure et sanctus et ut ipsum mazim labore et quod dolor.\n","publishDate":"2021-01-14T17:12:36.2227661+00:00"}]</msg>
<status status="PASS" starttime="20210802 14:12:37.875" endtime="20210802 14:12:37.896"/>
</kw>
<status status="PASS" starttime="20210802 14:12:35.043" endtime="20210802 14:12:37.897"/>
</kw>
<kw name="Fechar API" library="Resources" type="TEARDOWN">
<kw name="Delete All Sessions" library="RequestsLibrary">
<doc>Removes all the session objects</doc>
<msg timestamp="20210802 14:12:37.898" level="INFO">Deleting All Sessions</msg>
<status status="PASS" starttime="20210802 14:12:37.898" endtime="20210802 14:12:37.898"/>
</kw>
<status status="PASS" starttime="20210802 14:12:37.897" endtime="20210802 14:12:37.899"/>
</kw>
<status status="PASS" starttime="20210802 14:12:35.041" endtime="20210802 14:12:37.899"/>
</test>
<status status="PASS" starttime="20210802 14:12:34.897" endtime="20210802 14:12:37.900"/>
</suite>
<statistics>
<total>
<stat pass="1" fail="0" skip="0">All Tests</stat>
</total>
<tag>
</tag>
<suite>
<stat pass="1" fail="0" skip="0" id="s1" name="TestAPI">TestAPI</stat>
</suite>
</statistics>
<errors>
<msg timestamp="20210802 14:12:35.044" level="WARN">Keyword 'RequestsLibrary.Get Request' is deprecated. Please use `GET On Session` instead.</msg>
</errors>
</robot>
