<?xml version="1.0" encoding="UTF-8"?>
<robot generator="Robot 4.1 (Python 3.9.6 on win32)" generated="20210728 12:45:18.460" rpa="false" schemaversion="2">
<suite id="s1" name="TestSitePracticeBDD" source="C:\Users\Ácido Florídrico\Desktop\Cursos\RobotFramework\RobotFramework_estudo\section3\SuiteSiteTestePractice\tests\TestSitePracticeBDD.robot">
<test id="s1-t1" name="Cenário 01: Pequisar produto existente">
<kw name="Abrir Navegador" library="Resource" type="SETUP">
<kw name="Open Browser" library="SeleniumLibrary">
<arg>${URL}</arg>
<arg>${BROWSER}</arg>
<doc>Opens a new browser instance to the optional ``url``.</doc>
<msg timestamp="20210728 12:45:18.753" level="INFO">Opening browser 'chrome' to base url 'http://automationpractice.com/'.</msg>
<status status="PASS" starttime="20210728 12:45:18.752" endtime="20210728 12:45:25.602"/>
</kw>
<status status="PASS" starttime="20210728 12:45:18.752" endtime="20210728 12:45:25.603"/>
</kw>
<kw name="Dado que estou na página home do site">
<kw name="Acessar página home do site" library="Resource">
<kw name="Title Should Be" library="SeleniumLibrary">
<arg>My Store</arg>
<doc>Verifies that the current page title equals ``title``.</doc>
<msg timestamp="20210728 12:45:25.608" level="INFO">Page title is 'My Store'.</msg>
<status status="PASS" starttime="20210728 12:45:25.604" endtime="20210728 12:45:25.608"/>
</kw>
<status status="PASS" starttime="20210728 12:45:25.603" endtime="20210728 12:45:25.608"/>
</kw>
<status status="PASS" starttime="20210728 12:45:25.603" endtime="20210728 12:45:25.609"/>
</kw>
<kw name="Quando eu pesquisar pelo produto &quot;Blouse&quot;" sourcename="Quando eu pesquisar pelo produto &quot;${PRODUTO}&quot;">
<kw name="Digitar nome do produto &quot;${PRODUTO}&quot;" library="Resource" sourcename="Digitar nome do produto &quot;${PRODUTO}&quot;">
<kw name="Input Text" library="SeleniumLibrary">
<arg>name=search_query</arg>
<arg>${PRODUTO}</arg>
<doc>Types the given ``text`` into the text field identified by ``locator``.</doc>
<msg timestamp="20210728 12:45:25.610" level="INFO">Typing text 'Blouse' into text field 'name=search_query'.</msg>
<status status="PASS" starttime="20210728 12:45:25.610" endtime="20210728 12:45:25.707"/>
</kw>
<status status="PASS" starttime="20210728 12:45:25.609" endtime="20210728 12:45:25.707"/>
</kw>
<kw name="Clicar no botão Pesquisar" library="Resource">
<kw name="Click Element" library="SeleniumLibrary">
<arg>name=submit_search</arg>
<doc>Click the element identified by ``locator``.</doc>
<msg timestamp="20210728 12:45:25.708" level="INFO">Clicking element 'name=submit_search'.</msg>
<status status="PASS" starttime="20210728 12:45:25.708" endtime="20210728 12:45:27.155"/>
</kw>
<status status="PASS" starttime="20210728 12:45:25.707" endtime="20210728 12:45:27.155"/>
</kw>
<status status="PASS" starttime="20210728 12:45:25.609" endtime="20210728 12:45:27.155"/>
</kw>
<kw name="Então o produto &quot;Blouse&quot; deve ser listado na página de resultado da Busca" sourcename="Então o produto &quot;${PRODUTO}&quot; deve ser listado na página de resultado da Busca">
<kw name="Conferir se o produto &quot;${PRODUTO}&quot; foi listado no site" library="Resource" sourcename="Conferir se o produto &quot;${PRODUTO}&quot; foi listado no site">
<kw name="Wait Until Element Is Visible" library="SeleniumLibrary">
<arg>css=#center_column &gt; h1</arg>
<doc>Waits until the element ``locator`` is visible.</doc>
<status status="PASS" starttime="20210728 12:45:27.156" endtime="20210728 12:45:27.181"/>
</kw>
<kw name="Title Should Be" library="SeleniumLibrary">
<arg>Search - My Store</arg>
<doc>Verifies that the current page title equals ``title``.</doc>
<msg timestamp="20210728 12:45:27.184" level="INFO">Page title is 'Search - My Store'.</msg>
<status status="PASS" starttime="20210728 12:45:27.182" endtime="20210728 12:45:27.185"/>
</kw>
<kw name="Page Should Contain Image" library="SeleniumLibrary">
<arg>xpath=//*[@id="center_column"]//*[@src="http://automationpractice.com/img/p/7/7-home_default.jpg"]</arg>
<doc>Verifies image identified by ``locator`` is found from current page.</doc>
<msg timestamp="20210728 12:45:27.200" level="INFO">Current page contains image 'xpath=//*[@id="center_column"]//*[@src="http://automationpractice.com/img/p/7/7-home_default.jpg"]'.</msg>
<status status="PASS" starttime="20210728 12:45:27.185" endtime="20210728 12:45:27.201"/>
</kw>
<status status="PASS" starttime="20210728 12:45:27.156" endtime="20210728 12:45:27.201"/>
</kw>
<status status="PASS" starttime="20210728 12:45:27.155" endtime="20210728 12:45:27.201"/>
</kw>
<kw name="Fechar Navegador" library="Resource" type="TEARDOWN">
<kw name="Close Browser" library="SeleniumLibrary">
<doc>Closes the current browser.</doc>
<status status="PASS" starttime="20210728 12:45:27.201" endtime="20210728 12:45:29.401"/>
</kw>
<status status="PASS" starttime="20210728 12:45:27.201" endtime="20210728 12:45:29.401"/>
</kw>
<status status="PASS" starttime="20210728 12:45:18.751" endtime="20210728 12:45:29.401"/>
</test>
<test id="s1-t2" name="Cenário 02: Pesquisar produto não existente">
<kw name="Abrir Navegador" library="Resource" type="SETUP">
<kw name="Open Browser" library="SeleniumLibrary">
<arg>${URL}</arg>
<arg>${BROWSER}</arg>
<doc>Opens a new browser instance to the optional ``url``.</doc>
<msg timestamp="20210728 12:45:29.403" level="INFO">Opening browser 'chrome' to base url 'http://automationpractice.com/'.</msg>
<status status="PASS" starttime="20210728 12:45:29.403" endtime="20210728 12:45:37.345"/>
</kw>
<status status="PASS" starttime="20210728 12:45:29.403" endtime="20210728 12:45:37.345"/>
</kw>
<kw name="Dado que estou na página home do site">
<kw name="Acessar página home do site" library="Resource">
<kw name="Title Should Be" library="SeleniumLibrary">
<arg>My Store</arg>
<doc>Verifies that the current page title equals ``title``.</doc>
<msg timestamp="20210728 12:45:37.354" level="INFO">Page title is 'My Store'.</msg>
<status status="PASS" starttime="20210728 12:45:37.348" endtime="20210728 12:45:37.354"/>
</kw>
<status status="PASS" starttime="20210728 12:45:37.347" endtime="20210728 12:45:37.354"/>
</kw>
<status status="PASS" starttime="20210728 12:45:37.345" endtime="20210728 12:45:37.354"/>
</kw>
<kw name="Quando eu pesquisar pelo produto &quot;produtoNãoExistente&quot;" sourcename="Quando eu pesquisar pelo produto &quot;${PRODUTO}&quot;">
<kw name="Digitar nome do produto &quot;${PRODUTO}&quot;" library="Resource" sourcename="Digitar nome do produto &quot;${PRODUTO}&quot;">
<kw name="Input Text" library="SeleniumLibrary">
<arg>name=search_query</arg>
<arg>${PRODUTO}</arg>
<doc>Types the given ``text`` into the text field identified by ``locator``.</doc>
<msg timestamp="20210728 12:45:37.356" level="INFO">Typing text 'produtoNãoExistente' into text field 'name=search_query'.</msg>
<status status="PASS" starttime="20210728 12:45:37.355" endtime="20210728 12:45:37.475"/>
</kw>
<status status="PASS" starttime="20210728 12:45:37.355" endtime="20210728 12:45:37.475"/>
</kw>
<kw name="Clicar no botão Pesquisar" library="Resource">
<kw name="Click Element" library="SeleniumLibrary">
<arg>name=submit_search</arg>
<doc>Click the element identified by ``locator``.</doc>
<msg timestamp="20210728 12:45:37.476" level="INFO">Clicking element 'name=submit_search'.</msg>
<status status="PASS" starttime="20210728 12:45:37.476" endtime="20210728 12:45:37.541"/>
</kw>
<status status="PASS" starttime="20210728 12:45:37.476" endtime="20210728 12:45:37.541"/>
</kw>
<status status="PASS" starttime="20210728 12:45:37.354" endtime="20210728 12:45:37.542"/>
</kw>
<kw name="Então a página deve exibir a mensagem &quot;No results were found for your search &quot;produtoNãoExistente&quot;&quot;" sourcename="Então a página deve exibir a mensagem &quot;${MENSAGEM_ALERTA}&quot;">
<kw name="Conferir mensagem de erro &quot;${MENSAGEM_ALERTA}&quot;" library="Resource" sourcename="Conferir mensagem de erro &quot;${MENSAGEM_ALERTA}&quot;">
<kw name="Wait Until Element Is Visible" library="SeleniumLibrary">
<arg>xpath=//*[@id="center_column"]/p</arg>
<doc>Waits until the element ``locator`` is visible.</doc>
<status status="PASS" starttime="20210728 12:45:37.543" endtime="20210728 12:45:39.672"/>
</kw>
<kw name="Element Text Should Be" library="SeleniumLibrary">
<arg>xpath=//*[@id="center_column"]/p</arg>
<arg>${MENSAGEM_ALERTA}</arg>
<doc>Verifies that element ``locator`` contains exact the text ``expected``.</doc>
<msg timestamp="20210728 12:45:39.673" level="INFO">Verifying element 'xpath=//*[@id="center_column"]/p' contains exact text 'No results were found for your search "produtoNãoExistente"'.</msg>
<status status="PASS" starttime="20210728 12:45:39.673" endtime="20210728 12:45:39.693"/>
</kw>
<status status="PASS" starttime="20210728 12:45:37.543" endtime="20210728 12:45:39.693"/>
</kw>
<status status="PASS" starttime="20210728 12:45:37.542" endtime="20210728 12:45:39.693"/>
</kw>
<kw name="Fechar Navegador" library="Resource" type="TEARDOWN">
<kw name="Close Browser" library="SeleniumLibrary">
<doc>Closes the current browser.</doc>
<status status="PASS" starttime="20210728 12:45:39.694" endtime="20210728 12:45:41.895"/>
</kw>
<status status="PASS" starttime="20210728 12:45:39.693" endtime="20210728 12:45:41.895"/>
</kw>
<status status="PASS" starttime="20210728 12:45:29.402" endtime="20210728 12:45:41.895"/>
</test>
<status status="PASS" starttime="20210728 12:45:18.463" endtime="20210728 12:45:41.896"/>
</suite>
<statistics>
<total>
<stat pass="2" fail="0" skip="0">All Tests</stat>
</total>
<tag>
</tag>
<suite>
<stat pass="2" fail="0" skip="0" id="s1" name="TestSitePracticeBDD">TestSitePracticeBDD</stat>
</suite>
</statistics>
<errors>
<msg timestamp="20210728 12:45:18.504" level="ERROR">Error in file 'C:\Users\Ácido Florídrico\Desktop\Cursos\RobotFramework\RobotFramework_estudo\section3\SuiteSiteTestePractice\tests\TestSitePracticeBDD.robot' on line 2: Importing library 'Selenium' failed: ModuleNotFoundError: No module named 'Selenium'
Traceback (most recent call last):
  None
PYTHONPATH:
  C:\Users\Ácido Florídrico\AppData\Local\Programs\Python\Python39\Scripts\robot.exe
  c:\users\ácido florídrico\appdata\local\programs\python\python39\python39.zip
  c:\users\ácido florídrico\appdata\local\programs\python\python39\DLLs
  c:\users\ácido florídrico\appdata\local\programs\python\python39\lib
  c:\users\ácido florídrico\appdata\local\programs\python\python39
  c:\users\ácido florídrico\appdata\local\programs\python\python39\lib\site-packages</msg>
</errors>
</robot>
